[2026-02-02T00:50:41.043+0000] {local_task_job_runner.py:123} INFO - ::group::Pre task execution logs
[2026-02-02T00:50:41.057+0000] {taskinstance.py:2603} INFO - Dependencies all met for dep_context=non-requeueable deps ti=<TaskInstance: bees_brewery_medallion.aggregation_gold manual__2026-02-02T00:38:12+00:00 [queued]>
[2026-02-02T00:50:41.061+0000] {taskinstance.py:2603} INFO - Dependencies all met for dep_context=requeueable deps ti=<TaskInstance: bees_brewery_medallion.aggregation_gold manual__2026-02-02T00:38:12+00:00 [queued]>
[2026-02-02T00:50:41.061+0000] {taskinstance.py:2856} INFO - Starting attempt 1 of 3
[2026-02-02T00:50:41.068+0000] {taskinstance.py:2879} INFO - Executing <Task(PythonOperator): aggregation_gold> on 2026-02-02 00:38:12+00:00
[2026-02-02T00:50:41.072+0000] {logging_mixin.py:190} WARNING - /home/***/.local/lib/python3.12/site-packages/***/task/task_runner/standard_task_runner.py:70 DeprecationWarning: This process (pid=3632) is multi-threaded, use of fork() may lead to deadlocks in the child.
[2026-02-02T00:50:41.073+0000] {standard_task_runner.py:72} INFO - Started process 3664 to run task
[2026-02-02T00:50:41.073+0000] {standard_task_runner.py:104} INFO - Running: ['***', 'tasks', 'run', 'bees_brewery_medallion', 'aggregation_gold', 'manual__2026-02-02T00:38:12+00:00', '--job-id', '13', '--raw', '--subdir', 'DAGS_FOLDER/bees_brewery_dag.py', '--cfg-path', '/tmp/tmpnmite6f5']
[2026-02-02T00:50:41.074+0000] {standard_task_runner.py:105} INFO - Job 13: Subtask aggregation_gold
[2026-02-02T00:50:41.088+0000] {logging_mixin.py:190} WARNING - /home/***/.local/lib/python3.12/site-packages/***/settings.py:209 DeprecationWarning: The sql_alchemy_conn option in [core] has been moved to the sql_alchemy_conn option in [database] - the old setting has been used, but please update your config.
[2026-02-02T00:50:41.111+0000] {task_command.py:467} INFO - Running <TaskInstance: bees_brewery_medallion.aggregation_gold manual__2026-02-02T00:38:12+00:00 [running]> on host babc5ef10f8b
[2026-02-02T00:50:41.150+0000] {taskinstance.py:3122} INFO - Exporting env vars: AIRFLOW_CTX_DAG_OWNER='bees-data-engineering' AIRFLOW_CTX_DAG_ID='bees_brewery_medallion' AIRFLOW_CTX_TASK_ID='aggregation_gold' AIRFLOW_CTX_EXECUTION_DATE='2026-02-02T00:38:12+00:00' AIRFLOW_CTX_TRY_NUMBER='1' AIRFLOW_CTX_DAG_RUN_ID='manual__2026-02-02T00:38:12+00:00'
[2026-02-02T00:50:41.151+0000] {taskinstance.py:731} INFO - ::endgroup::
[2026-02-02T00:50:41.161+0000] {bees_brewery_dag.py:71} INFO - Starting aggregation job...
[2026-02-02T00:50:43.893+0000] {logging_mixin.py:190} INFO - [2026-02-02 00:50:43] [AggregationJob] [INFO] [AggregationJob] Starting Gold layer aggregation...
[2026-02-02T00:50:43.893+0000] {base_job.py:109} INFO - [AggregationJob] Starting Gold layer aggregation...
[2026-02-02T00:50:45.692+0000] {logging_mixin.py:190} INFO - [2026-02-02 00:50:45] [AggregationJob] [INFO] [AggregationJob] Records read from Silver: 9083
[2026-02-02T00:50:45.691+0000] {base_job.py:109} INFO - [AggregationJob] Records read from Silver: 9083
[2026-02-02T00:50:46.229+0000] {logging_mixin.py:190} INFO - [2026-02-02 00:50:46] [AggregationJob] [INFO] [AggregationJob] Aggregated groups: 449
[2026-02-02T00:50:46.229+0000] {base_job.py:109} INFO - [AggregationJob] Aggregated groups: 449
[2026-02-02T00:50:46.679+0000] {logging_mixin.py:190} INFO - [2026-02-02 00:50:46] [AggregationJob] [INFO] [AggregationJob] ✅ Aggregation completed! 449 groups written to gold/breweries_agg
[2026-02-02T00:50:46.679+0000] {base_job.py:109} INFO - [AggregationJob] ✅ Aggregation completed! 449 groups written to gold/breweries_agg
[2026-02-02T00:50:46.680+0000] {logging_mixin.py:190} INFO - [2026-02-02 00:50:46] [AggregationJob] [INFO] [AggregationJob] Job completed successfully
[2026-02-02T00:50:46.680+0000] {base_job.py:109} INFO - [AggregationJob] Job completed successfully
[2026-02-02T00:50:46.682+0000] {python.py:240} INFO - Done. Returned value was: None
[2026-02-02T00:50:46.691+0000] {taskinstance.py:340} INFO - ::group::Post task execution logs
[2026-02-02T00:50:46.691+0000] {taskinstance.py:352} INFO - Marking task as SUCCESS. dag_id=bees_brewery_medallion, task_id=aggregation_gold, run_id=manual__2026-02-02T00:38:12+00:00, execution_date=20260202T003812, start_date=20260202T005041, end_date=20260202T005046
[2026-02-02T00:50:46.721+0000] {local_task_job_runner.py:261} INFO - Task exited with return code 0
[2026-02-02T00:50:46.732+0000] {taskinstance.py:3891} INFO - 1 downstream tasks scheduled from follow-on schedule check
[2026-02-02T00:50:46.733+0000] {local_task_job_runner.py:240} INFO - ::endgroup::
