[2026-02-02T00:06:50.425+0000] {local_task_job_runner.py:123} INFO - ::group::Pre task execution logs
[2026-02-02T00:06:50.430+0000] {taskinstance.py:2603} INFO - Dependencies all met for dep_context=non-requeueable deps ti=<TaskInstance: bees_brewery_medallion.pipeline_end scheduled__2026-02-01T00:00:00+00:00 [queued]>
[2026-02-02T00:06:50.432+0000] {taskinstance.py:2603} INFO - Dependencies all met for dep_context=requeueable deps ti=<TaskInstance: bees_brewery_medallion.pipeline_end scheduled__2026-02-01T00:00:00+00:00 [queued]>
[2026-02-02T00:06:50.432+0000] {taskinstance.py:2856} INFO - Starting attempt 1 of 3
[2026-02-02T00:06:50.436+0000] {taskinstance.py:2879} INFO - Executing <Task(BashOperator): pipeline_end> on 2026-02-01 00:00:00+00:00
[2026-02-02T00:06:50.439+0000] {logging_mixin.py:190} WARNING - /home/***/.local/lib/python3.12/site-packages/***/task/task_runner/standard_task_runner.py:70 DeprecationWarning: This process (pid=2204) is multi-threaded, use of fork() may lead to deadlocks in the child.
[2026-02-02T00:06:50.439+0000] {standard_task_runner.py:72} INFO - Started process 2244 to run task
[2026-02-02T00:06:50.439+0000] {standard_task_runner.py:104} INFO - Running: ['***', 'tasks', 'run', 'bees_brewery_medallion', 'pipeline_end', 'scheduled__2026-02-01T00:00:00+00:00', '--job-id', '25', '--raw', '--subdir', 'DAGS_FOLDER/bees_brewery_dag.py', '--cfg-path', '/tmp/tmprr3bfh_m']
[2026-02-02T00:06:50.440+0000] {standard_task_runner.py:105} INFO - Job 25: Subtask pipeline_end
[2026-02-02T00:06:50.445+0000] {logging_mixin.py:190} WARNING - /home/***/.local/lib/python3.12/site-packages/***/settings.py:209 DeprecationWarning: The sql_alchemy_conn option in [core] has been moved to the sql_alchemy_conn option in [database] - the old setting has been used, but please update your config.
[2026-02-02T00:06:50.457+0000] {task_command.py:467} INFO - Running <TaskInstance: bees_brewery_medallion.pipeline_end scheduled__2026-02-01T00:00:00+00:00 [running]> on host 94f5d347c827
[2026-02-02T00:06:50.457+0000] {logging_mixin.py:190} WARNING - /home/***/.local/lib/python3.12/site-packages/***/settings.py:449 DeprecationWarning: The sql_alchemy_conn option in [core] has been moved to the sql_alchemy_conn option in [database] - the old setting has been used, but please update your config.
[2026-02-02T00:06:50.480+0000] {taskinstance.py:3122} INFO - Exporting env vars: AIRFLOW_CTX_DAG_OWNER='bees-data-engineering' AIRFLOW_CTX_DAG_ID='bees_brewery_medallion' AIRFLOW_CTX_TASK_ID='pipeline_end' AIRFLOW_CTX_EXECUTION_DATE='2026-02-01T00:00:00+00:00' AIRFLOW_CTX_TRY_NUMBER='1' AIRFLOW_CTX_DAG_RUN_ID='scheduled__2026-02-01T00:00:00+00:00'
[2026-02-02T00:06:50.481+0000] {taskinstance.py:731} INFO - ::endgroup::
[2026-02-02T00:06:50.485+0000] {subprocess.py:63} INFO - Tmp dir root location: /tmp
[2026-02-02T00:06:50.485+0000] {subprocess.py:75} INFO - Running command: ['/usr/bin/bash', '-c', 'echo "Pipeline completed successfully at $(date)"']
[2026-02-02T00:06:50.488+0000] {subprocess.py:86} INFO - Output:
[2026-02-02T00:06:50.489+0000] {subprocess.py:93} INFO - Pipeline completed successfully at Mon Feb  2 00:06:50 UTC 2026
[2026-02-02T00:06:50.490+0000] {subprocess.py:97} INFO - Command exited with return code 0
[2026-02-02T00:06:50.497+0000] {taskinstance.py:340} INFO - ::group::Post task execution logs
[2026-02-02T00:06:50.498+0000] {taskinstance.py:352} INFO - Marking task as SUCCESS. dag_id=bees_brewery_medallion, task_id=pipeline_end, run_id=scheduled__2026-02-01T00:00:00+00:00, execution_date=20260201T000000, start_date=20260202T000650, end_date=20260202T000650
[2026-02-02T00:06:50.540+0000] {local_task_job_runner.py:261} INFO - Task exited with return code 0
[2026-02-02T00:06:50.546+0000] {taskinstance.py:3891} INFO - 0 downstream tasks scheduled from follow-on schedule check
[2026-02-02T00:06:50.546+0000] {local_task_job_runner.py:240} INFO - ::endgroup::
[2026-02-02T00:50:46.344+0000] {local_task_job_runner.py:123} INFO - ::group::Pre task execution logs
[2026-02-02T00:50:46.352+0000] {taskinstance.py:2603} INFO - Dependencies all met for dep_context=non-requeueable deps ti=<TaskInstance: bees_brewery_medallion.pipeline_end scheduled__2026-02-01T00:00:00+00:00 [queued]>
[2026-02-02T00:50:46.361+0000] {taskinstance.py:2603} INFO - Dependencies all met for dep_context=requeueable deps ti=<TaskInstance: bees_brewery_medallion.pipeline_end scheduled__2026-02-01T00:00:00+00:00 [queued]>
[2026-02-02T00:50:46.362+0000] {taskinstance.py:2856} INFO - Starting attempt 1 of 3
[2026-02-02T00:50:46.369+0000] {taskinstance.py:2879} INFO - Executing <Task(BashOperator): pipeline_end> on 2026-02-01 00:00:00+00:00
[2026-02-02T00:50:46.373+0000] {logging_mixin.py:190} WARNING - /home/***/.local/lib/python3.12/site-packages/***/task/task_runner/standard_task_runner.py:70 DeprecationWarning: This process (pid=3975) is multi-threaded, use of fork() may lead to deadlocks in the child.
[2026-02-02T00:50:46.374+0000] {standard_task_runner.py:72} INFO - Started process 3986 to run task
[2026-02-02T00:50:46.374+0000] {standard_task_runner.py:104} INFO - Running: ['***', 'tasks', 'run', 'bees_brewery_medallion', 'pipeline_end', 'scheduled__2026-02-01T00:00:00+00:00', '--job-id', '14', '--raw', '--subdir', 'DAGS_FOLDER/bees_brewery_dag.py', '--cfg-path', '/tmp/tmpl9gwvgq3']
[2026-02-02T00:50:46.375+0000] {standard_task_runner.py:105} INFO - Job 14: Subtask pipeline_end
[2026-02-02T00:50:46.383+0000] {logging_mixin.py:190} WARNING - /home/***/.local/lib/python3.12/site-packages/***/settings.py:209 DeprecationWarning: The sql_alchemy_conn option in [core] has been moved to the sql_alchemy_conn option in [database] - the old setting has been used, but please update your config.
[2026-02-02T00:50:46.401+0000] {task_command.py:467} INFO - Running <TaskInstance: bees_brewery_medallion.pipeline_end scheduled__2026-02-01T00:00:00+00:00 [running]> on host babc5ef10f8b
[2026-02-02T00:50:46.402+0000] {logging_mixin.py:190} WARNING - /home/***/.local/lib/python3.12/site-packages/***/settings.py:449 DeprecationWarning: The sql_alchemy_conn option in [core] has been moved to the sql_alchemy_conn option in [database] - the old setting has been used, but please update your config.
[2026-02-02T00:50:46.444+0000] {taskinstance.py:3122} INFO - Exporting env vars: AIRFLOW_CTX_DAG_OWNER='bees-data-engineering' AIRFLOW_CTX_DAG_ID='bees_brewery_medallion' AIRFLOW_CTX_TASK_ID='pipeline_end' AIRFLOW_CTX_EXECUTION_DATE='2026-02-01T00:00:00+00:00' AIRFLOW_CTX_TRY_NUMBER='1' AIRFLOW_CTX_DAG_RUN_ID='scheduled__2026-02-01T00:00:00+00:00'
[2026-02-02T00:50:46.445+0000] {taskinstance.py:731} INFO - ::endgroup::
[2026-02-02T00:50:46.453+0000] {subprocess.py:63} INFO - Tmp dir root location: /tmp
[2026-02-02T00:50:46.454+0000] {subprocess.py:75} INFO - Running command: ['/usr/bin/bash', '-c', 'echo "Pipeline completed successfully at $(date)"']
[2026-02-02T00:50:46.460+0000] {subprocess.py:86} INFO - Output:
[2026-02-02T00:50:46.462+0000] {subprocess.py:93} INFO - Pipeline completed successfully at Mon Feb  2 00:50:46 UTC 2026
[2026-02-02T00:50:46.463+0000] {subprocess.py:97} INFO - Command exited with return code 0
[2026-02-02T00:50:46.479+0000] {taskinstance.py:340} INFO - ::group::Post task execution logs
[2026-02-02T00:50:46.481+0000] {taskinstance.py:352} INFO - Marking task as SUCCESS. dag_id=bees_brewery_medallion, task_id=pipeline_end, run_id=scheduled__2026-02-01T00:00:00+00:00, execution_date=20260201T000000, start_date=20260202T005046, end_date=20260202T005046
[2026-02-02T00:50:46.516+0000] {local_task_job_runner.py:261} INFO - Task exited with return code 0
[2026-02-02T00:50:46.524+0000] {taskinstance.py:3891} INFO - 0 downstream tasks scheduled from follow-on schedule check
[2026-02-02T00:50:46.525+0000] {local_task_job_runner.py:240} INFO - ::endgroup::
