[2026-02-02T00:04:42.070+0000] {local_task_job_runner.py:123} INFO - ::group::Pre task execution logs
[2026-02-02T00:04:42.075+0000] {taskinstance.py:2603} INFO - Dependencies all met for dep_context=non-requeueable deps ti=<TaskInstance: bees_brewery_medallion.aggregation_gold manual__2026-02-02T00:04:17+00:00 [queued]>
[2026-02-02T00:04:42.077+0000] {taskinstance.py:2603} INFO - Dependencies all met for dep_context=requeueable deps ti=<TaskInstance: bees_brewery_medallion.aggregation_gold manual__2026-02-02T00:04:17+00:00 [queued]>
[2026-02-02T00:04:42.077+0000] {taskinstance.py:2856} INFO - Starting attempt 1 of 3
[2026-02-02T00:04:42.081+0000] {taskinstance.py:2879} INFO - Executing <Task(PythonOperator): aggregation_gold> on 2026-02-02 00:04:17+00:00
[2026-02-02T00:04:42.083+0000] {logging_mixin.py:190} WARNING - /home/***/.local/lib/python3.12/site-packages/***/task/task_runner/standard_task_runner.py:70 DeprecationWarning: This process (pid=768) is multi-threaded, use of fork() may lead to deadlocks in the child.
[2026-02-02T00:04:42.084+0000] {standard_task_runner.py:72} INFO - Started process 769 to run task
[2026-02-02T00:04:42.084+0000] {standard_task_runner.py:104} INFO - Running: ['***', 'tasks', 'run', 'bees_brewery_medallion', 'aggregation_gold', 'manual__2026-02-02T00:04:17+00:00', '--job-id', '18', '--raw', '--subdir', 'DAGS_FOLDER/bees_brewery_dag.py', '--cfg-path', '/tmp/tmpby45es9a']
[2026-02-02T00:04:42.085+0000] {standard_task_runner.py:105} INFO - Job 18: Subtask aggregation_gold
[2026-02-02T00:04:42.089+0000] {logging_mixin.py:190} WARNING - /home/***/.local/lib/python3.12/site-packages/***/settings.py:209 DeprecationWarning: The sql_alchemy_conn option in [core] has been moved to the sql_alchemy_conn option in [database] - the old setting has been used, but please update your config.
[2026-02-02T00:04:42.099+0000] {task_command.py:467} INFO - Running <TaskInstance: bees_brewery_medallion.aggregation_gold manual__2026-02-02T00:04:17+00:00 [running]> on host 94f5d347c827
[2026-02-02T00:04:42.125+0000] {taskinstance.py:3122} INFO - Exporting env vars: AIRFLOW_CTX_DAG_OWNER='bees-data-engineering' AIRFLOW_CTX_DAG_ID='bees_brewery_medallion' AIRFLOW_CTX_TASK_ID='aggregation_gold' AIRFLOW_CTX_EXECUTION_DATE='2026-02-02T00:04:17+00:00' AIRFLOW_CTX_TRY_NUMBER='1' AIRFLOW_CTX_DAG_RUN_ID='manual__2026-02-02T00:04:17+00:00'
[2026-02-02T00:04:42.125+0000] {taskinstance.py:731} INFO - ::endgroup::
[2026-02-02T00:04:42.129+0000] {bees_brewery_dag.py:71} INFO - Starting aggregation job...
[2026-02-02T00:04:44.021+0000] {logging_mixin.py:190} INFO - [2026-02-02 00:04:44] [AggregationJob] [INFO] [AggregationJob] Starting Gold layer aggregation...
[2026-02-02T00:04:44.021+0000] {base_job.py:109} INFO - [AggregationJob] Starting Gold layer aggregation...
[2026-02-02T00:04:45.243+0000] {logging_mixin.py:190} INFO - [2026-02-02 00:04:45] [AggregationJob] [INFO] [AggregationJob] Records read from Silver: 9083
[2026-02-02T00:04:45.242+0000] {base_job.py:109} INFO - [AggregationJob] Records read from Silver: 9083
[2026-02-02T00:04:45.640+0000] {logging_mixin.py:190} INFO - [2026-02-02 00:04:45] [AggregationJob] [INFO] [AggregationJob] Aggregated groups: 449
[2026-02-02T00:04:45.640+0000] {base_job.py:109} INFO - [AggregationJob] Aggregated groups: 449
[2026-02-02T00:04:46.028+0000] {logging_mixin.py:190} INFO - [2026-02-02 00:04:46] [AggregationJob] [INFO] [AggregationJob] ✅ Aggregation completed! 449 groups written to gold/breweries_agg
[2026-02-02T00:04:46.028+0000] {base_job.py:109} INFO - [AggregationJob] ✅ Aggregation completed! 449 groups written to gold/breweries_agg
[2026-02-02T00:04:46.029+0000] {logging_mixin.py:190} INFO - [2026-02-02 00:04:46] [AggregationJob] [INFO] [AggregationJob] Job completed successfully
[2026-02-02T00:04:46.029+0000] {base_job.py:109} INFO - [AggregationJob] Job completed successfully
[2026-02-02T00:04:46.029+0000] {python.py:240} INFO - Done. Returned value was: None
[2026-02-02T00:04:46.037+0000] {taskinstance.py:340} INFO - ::group::Post task execution logs
[2026-02-02T00:04:46.037+0000] {taskinstance.py:352} INFO - Marking task as SUCCESS. dag_id=bees_brewery_medallion, task_id=aggregation_gold, run_id=manual__2026-02-02T00:04:17+00:00, execution_date=20260202T000417, start_date=20260202T000442, end_date=20260202T000446
[2026-02-02T00:04:46.060+0000] {local_task_job_runner.py:261} INFO - Task exited with return code 0
[2026-02-02T00:04:46.077+0000] {taskinstance.py:3891} INFO - 1 downstream tasks scheduled from follow-on schedule check
[2026-02-02T00:04:46.078+0000] {local_task_job_runner.py:240} INFO - ::endgroup::
