[2026-02-02T00:49:47.394+0000] {local_task_job_runner.py:123} INFO - ::group::Pre task execution logs
[2026-02-02T00:49:47.404+0000] {taskinstance.py:2603} INFO - Dependencies all met for dep_context=non-requeueable deps ti=<TaskInstance: bees_brewery_medallion.ingestion_bronze scheduled__2026-02-01T00:00:00+00:00 [queued]>
[2026-02-02T00:49:47.408+0000] {taskinstance.py:2603} INFO - Dependencies all met for dep_context=requeueable deps ti=<TaskInstance: bees_brewery_medallion.ingestion_bronze scheduled__2026-02-01T00:00:00+00:00 [queued]>
[2026-02-02T00:49:47.408+0000] {taskinstance.py:2856} INFO - Starting attempt 3 of 3
[2026-02-02T00:49:47.416+0000] {taskinstance.py:2879} INFO - Executing <Task(PythonOperator): ingestion_bronze> on 2026-02-01 00:00:00+00:00
[2026-02-02T00:49:47.420+0000] {logging_mixin.py:190} WARNING - /home/***/.local/lib/python3.12/site-packages/***/task/task_runner/standard_task_runner.py:70 DeprecationWarning: This process (pid=2225) is multi-threaded, use of fork() may lead to deadlocks in the child.
[2026-02-02T00:49:47.421+0000] {standard_task_runner.py:72} INFO - Started process 2226 to run task
[2026-02-02T00:49:47.421+0000] {standard_task_runner.py:104} INFO - Running: ['***', 'tasks', 'run', 'bees_brewery_medallion', 'ingestion_bronze', 'scheduled__2026-02-01T00:00:00+00:00', '--job-id', '8', '--raw', '--subdir', 'DAGS_FOLDER/bees_brewery_dag.py', '--cfg-path', '/tmp/tmpys155o9b']
[2026-02-02T00:49:47.422+0000] {standard_task_runner.py:105} INFO - Job 8: Subtask ingestion_bronze
[2026-02-02T00:49:47.433+0000] {logging_mixin.py:190} WARNING - /home/***/.local/lib/python3.12/site-packages/***/settings.py:209 DeprecationWarning: The sql_alchemy_conn option in [core] has been moved to the sql_alchemy_conn option in [database] - the old setting has been used, but please update your config.
[2026-02-02T00:49:47.452+0000] {task_command.py:467} INFO - Running <TaskInstance: bees_brewery_medallion.ingestion_bronze scheduled__2026-02-01T00:00:00+00:00 [running]> on host babc5ef10f8b
[2026-02-02T00:49:47.453+0000] {logging_mixin.py:190} WARNING - /home/***/.local/lib/python3.12/site-packages/***/settings.py:449 DeprecationWarning: The sql_alchemy_conn option in [core] has been moved to the sql_alchemy_conn option in [database] - the old setting has been used, but please update your config.
[2026-02-02T00:49:47.511+0000] {taskinstance.py:3122} INFO - Exporting env vars: AIRFLOW_CTX_DAG_OWNER='bees-data-engineering' AIRFLOW_CTX_DAG_ID='bees_brewery_medallion' AIRFLOW_CTX_TASK_ID='ingestion_bronze' AIRFLOW_CTX_EXECUTION_DATE='2026-02-01T00:00:00+00:00' AIRFLOW_CTX_TRY_NUMBER='3' AIRFLOW_CTX_DAG_RUN_ID='scheduled__2026-02-01T00:00:00+00:00'
[2026-02-02T00:49:47.512+0000] {taskinstance.py:731} INFO - ::endgroup::
[2026-02-02T00:49:47.541+0000] {bees_brewery_dag.py:59} INFO - Starting ingestion job...
[2026-02-02T00:49:51.035+0000] {logging_mixin.py:190} INFO - [2026-02-02 00:49:51] [IngestionJob] [INFO] [IngestionJob] Starting ingestion from Open Brewery DB API...
[2026-02-02T00:49:51.035+0000] {base_job.py:109} INFO - [IngestionJob] Starting ingestion from Open Brewery DB API...
[2026-02-02T00:49:51.038+0000] {logging_mixin.py:190} INFO - [2026-02-02 00:49:51] [IngestionJob] [INFO] [IngestionJob] Fetching from https://api.openbrewerydb.org/v1/breweries
[2026-02-02T00:49:51.038+0000] {base_job.py:109} INFO - [IngestionJob] Fetching from https://api.openbrewerydb.org/v1/breweries
[2026-02-02T00:49:51.039+0000] {logging_mixin.py:190} INFO - [2026-02-02 00:49:51] [IngestionJob] [INFO] [IngestionJob]   Page 1...
[2026-02-02T00:49:51.039+0000] {base_job.py:109} INFO - [IngestionJob]   Page 1...
[2026-02-02T00:49:51.736+0000] {logging_mixin.py:190} INFO - [2026-02-02 00:49:51] [IngestionJob] [INFO] [IngestionJob]   Page 1: 200 records (Total: 200)
[2026-02-02T00:49:51.736+0000] {base_job.py:109} INFO - [IngestionJob]   Page 1: 200 records (Total: 200)
[2026-02-02T00:49:51.940+0000] {logging_mixin.py:190} INFO - [2026-02-02 00:49:51] [IngestionJob] [INFO] [IngestionJob]   Page 2...
[2026-02-02T00:49:51.940+0000] {base_job.py:109} INFO - [IngestionJob]   Page 2...
[2026-02-02T00:49:52.408+0000] {logging_mixin.py:190} INFO - [2026-02-02 00:49:52] [IngestionJob] [INFO] [IngestionJob]   Page 2: 200 records (Total: 400)
[2026-02-02T00:49:52.408+0000] {base_job.py:109} INFO - [IngestionJob]   Page 2: 200 records (Total: 400)
[2026-02-02T00:49:52.610+0000] {logging_mixin.py:190} INFO - [2026-02-02 00:49:52] [IngestionJob] [INFO] [IngestionJob]   Page 3...
[2026-02-02T00:49:52.610+0000] {base_job.py:109} INFO - [IngestionJob]   Page 3...
[2026-02-02T00:49:53.093+0000] {logging_mixin.py:190} INFO - [2026-02-02 00:49:53] [IngestionJob] [INFO] [IngestionJob]   Page 3: 200 records (Total: 600)
[2026-02-02T00:49:53.093+0000] {base_job.py:109} INFO - [IngestionJob]   Page 3: 200 records (Total: 600)
[2026-02-02T00:49:53.297+0000] {logging_mixin.py:190} INFO - [2026-02-02 00:49:53] [IngestionJob] [INFO] [IngestionJob]   Page 4...
[2026-02-02T00:49:53.296+0000] {base_job.py:109} INFO - [IngestionJob]   Page 4...
[2026-02-02T00:49:53.827+0000] {logging_mixin.py:190} INFO - [2026-02-02 00:49:53] [IngestionJob] [INFO] [IngestionJob]   Page 4: 200 records (Total: 800)
[2026-02-02T00:49:53.827+0000] {base_job.py:109} INFO - [IngestionJob]   Page 4: 200 records (Total: 800)
[2026-02-02T00:49:54.032+0000] {logging_mixin.py:190} INFO - [2026-02-02 00:49:54] [IngestionJob] [INFO] [IngestionJob]   Page 5...
[2026-02-02T00:49:54.032+0000] {base_job.py:109} INFO - [IngestionJob]   Page 5...
[2026-02-02T00:49:54.540+0000] {logging_mixin.py:190} INFO - [2026-02-02 00:49:54] [IngestionJob] [INFO] [IngestionJob]   Page 5: 200 records (Total: 1000)
[2026-02-02T00:49:54.540+0000] {base_job.py:109} INFO - [IngestionJob]   Page 5: 200 records (Total: 1000)
[2026-02-02T00:49:54.747+0000] {logging_mixin.py:190} INFO - [2026-02-02 00:49:54] [IngestionJob] [INFO] [IngestionJob]   Page 6...
[2026-02-02T00:49:54.747+0000] {base_job.py:109} INFO - [IngestionJob]   Page 6...
[2026-02-02T00:49:55.226+0000] {logging_mixin.py:190} INFO - [2026-02-02 00:49:55] [IngestionJob] [INFO] [IngestionJob]   Page 6: 200 records (Total: 1200)
[2026-02-02T00:49:55.225+0000] {base_job.py:109} INFO - [IngestionJob]   Page 6: 200 records (Total: 1200)
[2026-02-02T00:49:55.432+0000] {logging_mixin.py:190} INFO - [2026-02-02 00:49:55] [IngestionJob] [INFO] [IngestionJob]   Page 7...
[2026-02-02T00:49:55.432+0000] {base_job.py:109} INFO - [IngestionJob]   Page 7...
[2026-02-02T00:49:55.960+0000] {logging_mixin.py:190} INFO - [2026-02-02 00:49:55] [IngestionJob] [INFO] [IngestionJob]   Page 7: 200 records (Total: 1400)
[2026-02-02T00:49:55.960+0000] {base_job.py:109} INFO - [IngestionJob]   Page 7: 200 records (Total: 1400)
[2026-02-02T00:49:56.164+0000] {logging_mixin.py:190} INFO - [2026-02-02 00:49:56] [IngestionJob] [INFO] [IngestionJob]   Page 8...
[2026-02-02T00:49:56.163+0000] {base_job.py:109} INFO - [IngestionJob]   Page 8...
[2026-02-02T00:49:56.649+0000] {logging_mixin.py:190} INFO - [2026-02-02 00:49:56] [IngestionJob] [INFO] [IngestionJob]   Page 8: 200 records (Total: 1600)
[2026-02-02T00:49:56.649+0000] {base_job.py:109} INFO - [IngestionJob]   Page 8: 200 records (Total: 1600)
[2026-02-02T00:49:56.855+0000] {logging_mixin.py:190} INFO - [2026-02-02 00:49:56] [IngestionJob] [INFO] [IngestionJob]   Page 9...
[2026-02-02T00:49:56.855+0000] {base_job.py:109} INFO - [IngestionJob]   Page 9...
[2026-02-02T00:49:57.320+0000] {logging_mixin.py:190} INFO - [2026-02-02 00:49:57] [IngestionJob] [INFO] [IngestionJob]   Page 9: 200 records (Total: 1800)
[2026-02-02T00:49:57.320+0000] {base_job.py:109} INFO - [IngestionJob]   Page 9: 200 records (Total: 1800)
[2026-02-02T00:49:57.527+0000] {logging_mixin.py:190} INFO - [2026-02-02 00:49:57] [IngestionJob] [INFO] [IngestionJob]   Page 10...
[2026-02-02T00:49:57.527+0000] {base_job.py:109} INFO - [IngestionJob]   Page 10...
[2026-02-02T00:49:58.008+0000] {logging_mixin.py:190} INFO - [2026-02-02 00:49:58] [IngestionJob] [INFO] [IngestionJob]   Page 10: 200 records (Total: 2000)
[2026-02-02T00:49:58.008+0000] {base_job.py:109} INFO - [IngestionJob]   Page 10: 200 records (Total: 2000)
[2026-02-02T00:49:58.211+0000] {logging_mixin.py:190} INFO - [2026-02-02 00:49:58] [IngestionJob] [INFO] [IngestionJob]   Page 11...
[2026-02-02T00:49:58.211+0000] {base_job.py:109} INFO - [IngestionJob]   Page 11...
[2026-02-02T00:49:58.741+0000] {logging_mixin.py:190} INFO - [2026-02-02 00:49:58] [IngestionJob] [INFO] [IngestionJob]   Page 11: 200 records (Total: 2200)
[2026-02-02T00:49:58.741+0000] {base_job.py:109} INFO - [IngestionJob]   Page 11: 200 records (Total: 2200)
[2026-02-02T00:49:58.947+0000] {logging_mixin.py:190} INFO - [2026-02-02 00:49:58] [IngestionJob] [INFO] [IngestionJob]   Page 12...
[2026-02-02T00:49:58.946+0000] {base_job.py:109} INFO - [IngestionJob]   Page 12...
[2026-02-02T00:49:59.441+0000] {logging_mixin.py:190} INFO - [2026-02-02 00:49:59] [IngestionJob] [INFO] [IngestionJob]   Page 12: 200 records (Total: 2400)
[2026-02-02T00:49:59.441+0000] {base_job.py:109} INFO - [IngestionJob]   Page 12: 200 records (Total: 2400)
[2026-02-02T00:49:59.647+0000] {logging_mixin.py:190} INFO - [2026-02-02 00:49:59] [IngestionJob] [INFO] [IngestionJob]   Page 13...
[2026-02-02T00:49:59.646+0000] {base_job.py:109} INFO - [IngestionJob]   Page 13...
[2026-02-02T00:50:00.162+0000] {logging_mixin.py:190} INFO - [2026-02-02 00:50:00] [IngestionJob] [INFO] [IngestionJob]   Page 13: 200 records (Total: 2600)
[2026-02-02T00:50:00.162+0000] {base_job.py:109} INFO - [IngestionJob]   Page 13: 200 records (Total: 2600)
[2026-02-02T00:50:00.367+0000] {logging_mixin.py:190} INFO - [2026-02-02 00:50:00] [IngestionJob] [INFO] [IngestionJob]   Page 14...
[2026-02-02T00:50:00.367+0000] {base_job.py:109} INFO - [IngestionJob]   Page 14...
[2026-02-02T00:50:00.847+0000] {logging_mixin.py:190} INFO - [2026-02-02 00:50:00] [IngestionJob] [INFO] [IngestionJob]   Page 14: 200 records (Total: 2800)
[2026-02-02T00:50:00.847+0000] {base_job.py:109} INFO - [IngestionJob]   Page 14: 200 records (Total: 2800)
[2026-02-02T00:50:01.050+0000] {logging_mixin.py:190} INFO - [2026-02-02 00:50:01] [IngestionJob] [INFO] [IngestionJob]   Page 15...
[2026-02-02T00:50:01.050+0000] {base_job.py:109} INFO - [IngestionJob]   Page 15...
[2026-02-02T00:50:01.565+0000] {logging_mixin.py:190} INFO - [2026-02-02 00:50:01] [IngestionJob] [INFO] [IngestionJob]   Page 15: 200 records (Total: 3000)
[2026-02-02T00:50:01.565+0000] {base_job.py:109} INFO - [IngestionJob]   Page 15: 200 records (Total: 3000)
[2026-02-02T00:50:01.771+0000] {logging_mixin.py:190} INFO - [2026-02-02 00:50:01] [IngestionJob] [INFO] [IngestionJob]   Page 16...
[2026-02-02T00:50:01.770+0000] {base_job.py:109} INFO - [IngestionJob]   Page 16...
[2026-02-02T00:50:02.228+0000] {logging_mixin.py:190} INFO - [2026-02-02 00:50:02] [IngestionJob] [INFO] [IngestionJob]   Page 16: 200 records (Total: 3200)
[2026-02-02T00:50:02.228+0000] {base_job.py:109} INFO - [IngestionJob]   Page 16: 200 records (Total: 3200)
[2026-02-02T00:50:02.431+0000] {logging_mixin.py:190} INFO - [2026-02-02 00:50:02] [IngestionJob] [INFO] [IngestionJob]   Page 17...
[2026-02-02T00:50:02.430+0000] {base_job.py:109} INFO - [IngestionJob]   Page 17...
[2026-02-02T00:50:02.933+0000] {logging_mixin.py:190} INFO - [2026-02-02 00:50:02] [IngestionJob] [INFO] [IngestionJob]   Page 17: 200 records (Total: 3400)
[2026-02-02T00:50:02.933+0000] {base_job.py:109} INFO - [IngestionJob]   Page 17: 200 records (Total: 3400)
[2026-02-02T00:50:03.138+0000] {logging_mixin.py:190} INFO - [2026-02-02 00:50:03] [IngestionJob] [INFO] [IngestionJob]   Page 18...
[2026-02-02T00:50:03.137+0000] {base_job.py:109} INFO - [IngestionJob]   Page 18...
[2026-02-02T00:50:03.638+0000] {logging_mixin.py:190} INFO - [2026-02-02 00:50:03] [IngestionJob] [INFO] [IngestionJob]   Page 18: 200 records (Total: 3600)
[2026-02-02T00:50:03.638+0000] {base_job.py:109} INFO - [IngestionJob]   Page 18: 200 records (Total: 3600)
[2026-02-02T00:50:03.843+0000] {logging_mixin.py:190} INFO - [2026-02-02 00:50:03] [IngestionJob] [INFO] [IngestionJob]   Page 19...
[2026-02-02T00:50:03.842+0000] {base_job.py:109} INFO - [IngestionJob]   Page 19...
[2026-02-02T00:50:04.347+0000] {logging_mixin.py:190} INFO - [2026-02-02 00:50:04] [IngestionJob] [INFO] [IngestionJob]   Page 19: 200 records (Total: 3800)
[2026-02-02T00:50:04.347+0000] {base_job.py:109} INFO - [IngestionJob]   Page 19: 200 records (Total: 3800)
[2026-02-02T00:50:04.550+0000] {logging_mixin.py:190} INFO - [2026-02-02 00:50:04] [IngestionJob] [INFO] [IngestionJob]   Page 20...
[2026-02-02T00:50:04.550+0000] {base_job.py:109} INFO - [IngestionJob]   Page 20...
[2026-02-02T00:50:05.041+0000] {logging_mixin.py:190} INFO - [2026-02-02 00:50:05] [IngestionJob] [INFO] [IngestionJob]   Page 20: 200 records (Total: 4000)
[2026-02-02T00:50:05.041+0000] {base_job.py:109} INFO - [IngestionJob]   Page 20: 200 records (Total: 4000)
[2026-02-02T00:50:05.248+0000] {logging_mixin.py:190} INFO - [2026-02-02 00:50:05] [IngestionJob] [INFO] [IngestionJob]   Page 21...
[2026-02-02T00:50:05.247+0000] {base_job.py:109} INFO - [IngestionJob]   Page 21...
[2026-02-02T00:50:05.816+0000] {logging_mixin.py:190} INFO - [2026-02-02 00:50:05] [IngestionJob] [INFO] [IngestionJob]   Page 21: 200 records (Total: 4200)
[2026-02-02T00:50:05.815+0000] {base_job.py:109} INFO - [IngestionJob]   Page 21: 200 records (Total: 4200)
[2026-02-02T00:50:06.021+0000] {logging_mixin.py:190} INFO - [2026-02-02 00:50:06] [IngestionJob] [INFO] [IngestionJob]   Page 22...
[2026-02-02T00:50:06.021+0000] {base_job.py:109} INFO - [IngestionJob]   Page 22...
[2026-02-02T00:50:06.520+0000] {logging_mixin.py:190} INFO - [2026-02-02 00:50:06] [IngestionJob] [INFO] [IngestionJob]   Page 22: 200 records (Total: 4400)
[2026-02-02T00:50:06.520+0000] {base_job.py:109} INFO - [IngestionJob]   Page 22: 200 records (Total: 4400)
[2026-02-02T00:50:06.727+0000] {logging_mixin.py:190} INFO - [2026-02-02 00:50:06] [IngestionJob] [INFO] [IngestionJob]   Page 23...
[2026-02-02T00:50:06.727+0000] {base_job.py:109} INFO - [IngestionJob]   Page 23...
[2026-02-02T00:50:07.217+0000] {logging_mixin.py:190} INFO - [2026-02-02 00:50:07] [IngestionJob] [INFO] [IngestionJob]   Page 23: 200 records (Total: 4600)
[2026-02-02T00:50:07.217+0000] {base_job.py:109} INFO - [IngestionJob]   Page 23: 200 records (Total: 4600)
[2026-02-02T00:50:07.424+0000] {logging_mixin.py:190} INFO - [2026-02-02 00:50:07] [IngestionJob] [INFO] [IngestionJob]   Page 24...
[2026-02-02T00:50:07.424+0000] {base_job.py:109} INFO - [IngestionJob]   Page 24...
[2026-02-02T00:50:07.983+0000] {logging_mixin.py:190} INFO - [2026-02-02 00:50:07] [IngestionJob] [INFO] [IngestionJob]   Page 24: 200 records (Total: 4800)
[2026-02-02T00:50:07.983+0000] {base_job.py:109} INFO - [IngestionJob]   Page 24: 200 records (Total: 4800)
[2026-02-02T00:50:08.185+0000] {logging_mixin.py:190} INFO - [2026-02-02 00:50:08] [IngestionJob] [INFO] [IngestionJob]   Page 25...
[2026-02-02T00:50:08.185+0000] {base_job.py:109} INFO - [IngestionJob]   Page 25...
[2026-02-02T00:50:08.681+0000] {logging_mixin.py:190} INFO - [2026-02-02 00:50:08] [IngestionJob] [INFO] [IngestionJob]   Page 25: 200 records (Total: 5000)
[2026-02-02T00:50:08.681+0000] {base_job.py:109} INFO - [IngestionJob]   Page 25: 200 records (Total: 5000)
[2026-02-02T00:50:08.883+0000] {logging_mixin.py:190} INFO - [2026-02-02 00:50:08] [IngestionJob] [INFO] [IngestionJob]   Page 26...
[2026-02-02T00:50:08.883+0000] {base_job.py:109} INFO - [IngestionJob]   Page 26...
[2026-02-02T00:50:09.358+0000] {logging_mixin.py:190} INFO - [2026-02-02 00:50:09] [IngestionJob] [INFO] [IngestionJob]   Page 26: 200 records (Total: 5200)
[2026-02-02T00:50:09.357+0000] {base_job.py:109} INFO - [IngestionJob]   Page 26: 200 records (Total: 5200)
[2026-02-02T00:50:09.564+0000] {logging_mixin.py:190} INFO - [2026-02-02 00:50:09] [IngestionJob] [INFO] [IngestionJob]   Page 27...
[2026-02-02T00:50:09.563+0000] {base_job.py:109} INFO - [IngestionJob]   Page 27...
[2026-02-02T00:50:10.035+0000] {logging_mixin.py:190} INFO - [2026-02-02 00:50:10] [IngestionJob] [INFO] [IngestionJob]   Page 27: 200 records (Total: 5400)
[2026-02-02T00:50:10.035+0000] {base_job.py:109} INFO - [IngestionJob]   Page 27: 200 records (Total: 5400)
[2026-02-02T00:50:10.241+0000] {logging_mixin.py:190} INFO - [2026-02-02 00:50:10] [IngestionJob] [INFO] [IngestionJob]   Page 28...
[2026-02-02T00:50:10.241+0000] {base_job.py:109} INFO - [IngestionJob]   Page 28...
[2026-02-02T00:50:10.792+0000] {logging_mixin.py:190} INFO - [2026-02-02 00:50:10] [IngestionJob] [INFO] [IngestionJob]   Page 28: 200 records (Total: 5600)
[2026-02-02T00:50:10.792+0000] {base_job.py:109} INFO - [IngestionJob]   Page 28: 200 records (Total: 5600)
[2026-02-02T00:50:10.997+0000] {logging_mixin.py:190} INFO - [2026-02-02 00:50:10] [IngestionJob] [INFO] [IngestionJob]   Page 29...
[2026-02-02T00:50:10.997+0000] {base_job.py:109} INFO - [IngestionJob]   Page 29...
[2026-02-02T00:50:11.482+0000] {logging_mixin.py:190} INFO - [2026-02-02 00:50:11] [IngestionJob] [INFO] [IngestionJob]   Page 29: 200 records (Total: 5800)
[2026-02-02T00:50:11.482+0000] {base_job.py:109} INFO - [IngestionJob]   Page 29: 200 records (Total: 5800)
[2026-02-02T00:50:11.685+0000] {logging_mixin.py:190} INFO - [2026-02-02 00:50:11] [IngestionJob] [INFO] [IngestionJob]   Page 30...
[2026-02-02T00:50:11.685+0000] {base_job.py:109} INFO - [IngestionJob]   Page 30...
[2026-02-02T00:50:12.191+0000] {logging_mixin.py:190} INFO - [2026-02-02 00:50:12] [IngestionJob] [INFO] [IngestionJob]   Page 30: 200 records (Total: 6000)
[2026-02-02T00:50:12.191+0000] {base_job.py:109} INFO - [IngestionJob]   Page 30: 200 records (Total: 6000)
[2026-02-02T00:50:12.393+0000] {logging_mixin.py:190} INFO - [2026-02-02 00:50:12] [IngestionJob] [INFO] [IngestionJob]   Page 31...
[2026-02-02T00:50:12.393+0000] {base_job.py:109} INFO - [IngestionJob]   Page 31...
[2026-02-02T00:50:12.883+0000] {logging_mixin.py:190} INFO - [2026-02-02 00:50:12] [IngestionJob] [INFO] [IngestionJob]   Page 31: 200 records (Total: 6200)
[2026-02-02T00:50:12.883+0000] {base_job.py:109} INFO - [IngestionJob]   Page 31: 200 records (Total: 6200)
[2026-02-02T00:50:13.088+0000] {logging_mixin.py:190} INFO - [2026-02-02 00:50:13] [IngestionJob] [INFO] [IngestionJob]   Page 32...
[2026-02-02T00:50:13.088+0000] {base_job.py:109} INFO - [IngestionJob]   Page 32...
[2026-02-02T00:50:13.601+0000] {logging_mixin.py:190} INFO - [2026-02-02 00:50:13] [IngestionJob] [INFO] [IngestionJob]   Page 32: 200 records (Total: 6400)
[2026-02-02T00:50:13.601+0000] {base_job.py:109} INFO - [IngestionJob]   Page 32: 200 records (Total: 6400)
[2026-02-02T00:50:13.805+0000] {logging_mixin.py:190} INFO - [2026-02-02 00:50:13] [IngestionJob] [INFO] [IngestionJob]   Page 33...
[2026-02-02T00:50:13.805+0000] {base_job.py:109} INFO - [IngestionJob]   Page 33...
[2026-02-02T00:50:14.315+0000] {logging_mixin.py:190} INFO - [2026-02-02 00:50:14] [IngestionJob] [INFO] [IngestionJob]   Page 33: 200 records (Total: 6600)
[2026-02-02T00:50:14.315+0000] {base_job.py:109} INFO - [IngestionJob]   Page 33: 200 records (Total: 6600)
[2026-02-02T00:50:14.517+0000] {logging_mixin.py:190} INFO - [2026-02-02 00:50:14] [IngestionJob] [INFO] [IngestionJob]   Page 34...
[2026-02-02T00:50:14.517+0000] {base_job.py:109} INFO - [IngestionJob]   Page 34...
[2026-02-02T00:50:15.040+0000] {logging_mixin.py:190} INFO - [2026-02-02 00:50:15] [IngestionJob] [INFO] [IngestionJob]   Page 34: 200 records (Total: 6800)
[2026-02-02T00:50:15.040+0000] {base_job.py:109} INFO - [IngestionJob]   Page 34: 200 records (Total: 6800)
[2026-02-02T00:50:15.245+0000] {logging_mixin.py:190} INFO - [2026-02-02 00:50:15] [IngestionJob] [INFO] [IngestionJob]   Page 35...
[2026-02-02T00:50:15.245+0000] {base_job.py:109} INFO - [IngestionJob]   Page 35...
[2026-02-02T00:50:15.694+0000] {logging_mixin.py:190} INFO - [2026-02-02 00:50:15] [IngestionJob] [INFO] [IngestionJob]   Page 35: 200 records (Total: 7000)
[2026-02-02T00:50:15.694+0000] {base_job.py:109} INFO - [IngestionJob]   Page 35: 200 records (Total: 7000)
[2026-02-02T00:50:15.897+0000] {logging_mixin.py:190} INFO - [2026-02-02 00:50:15] [IngestionJob] [INFO] [IngestionJob]   Page 36...
[2026-02-02T00:50:15.896+0000] {base_job.py:109} INFO - [IngestionJob]   Page 36...
[2026-02-02T00:50:16.393+0000] {logging_mixin.py:190} INFO - [2026-02-02 00:50:16] [IngestionJob] [INFO] [IngestionJob]   Page 36: 200 records (Total: 7200)
[2026-02-02T00:50:16.392+0000] {base_job.py:109} INFO - [IngestionJob]   Page 36: 200 records (Total: 7200)
[2026-02-02T00:50:16.595+0000] {logging_mixin.py:190} INFO - [2026-02-02 00:50:16] [IngestionJob] [INFO] [IngestionJob]   Page 37...
[2026-02-02T00:50:16.595+0000] {base_job.py:109} INFO - [IngestionJob]   Page 37...
[2026-02-02T00:50:17.062+0000] {logging_mixin.py:190} INFO - [2026-02-02 00:50:17] [IngestionJob] [INFO] [IngestionJob]   Page 37: 200 records (Total: 7400)
[2026-02-02T00:50:17.062+0000] {base_job.py:109} INFO - [IngestionJob]   Page 37: 200 records (Total: 7400)
[2026-02-02T00:50:17.270+0000] {logging_mixin.py:190} INFO - [2026-02-02 00:50:17] [IngestionJob] [INFO] [IngestionJob]   Page 38...
[2026-02-02T00:50:17.270+0000] {base_job.py:109} INFO - [IngestionJob]   Page 38...
[2026-02-02T00:50:17.763+0000] {logging_mixin.py:190} INFO - [2026-02-02 00:50:17] [IngestionJob] [INFO] [IngestionJob]   Page 38: 200 records (Total: 7600)
[2026-02-02T00:50:17.763+0000] {base_job.py:109} INFO - [IngestionJob]   Page 38: 200 records (Total: 7600)
[2026-02-02T00:50:17.966+0000] {logging_mixin.py:190} INFO - [2026-02-02 00:50:17] [IngestionJob] [INFO] [IngestionJob]   Page 39...
[2026-02-02T00:50:17.966+0000] {base_job.py:109} INFO - [IngestionJob]   Page 39...
[2026-02-02T00:50:18.438+0000] {logging_mixin.py:190} INFO - [2026-02-02 00:50:18] [IngestionJob] [INFO] [IngestionJob]   Page 39: 200 records (Total: 7800)
[2026-02-02T00:50:18.438+0000] {base_job.py:109} INFO - [IngestionJob]   Page 39: 200 records (Total: 7800)
[2026-02-02T00:50:18.645+0000] {logging_mixin.py:190} INFO - [2026-02-02 00:50:18] [IngestionJob] [INFO] [IngestionJob]   Page 40...
[2026-02-02T00:50:18.645+0000] {base_job.py:109} INFO - [IngestionJob]   Page 40...
[2026-02-02T00:50:19.122+0000] {logging_mixin.py:190} INFO - [2026-02-02 00:50:19] [IngestionJob] [INFO] [IngestionJob]   Page 40: 200 records (Total: 8000)
[2026-02-02T00:50:19.122+0000] {base_job.py:109} INFO - [IngestionJob]   Page 40: 200 records (Total: 8000)
[2026-02-02T00:50:19.330+0000] {logging_mixin.py:190} INFO - [2026-02-02 00:50:19] [IngestionJob] [INFO] [IngestionJob]   Page 41...
[2026-02-02T00:50:19.330+0000] {base_job.py:109} INFO - [IngestionJob]   Page 41...
[2026-02-02T00:50:19.830+0000] {logging_mixin.py:190} INFO - [2026-02-02 00:50:19] [IngestionJob] [INFO] [IngestionJob]   Page 41: 200 records (Total: 8200)
[2026-02-02T00:50:19.830+0000] {base_job.py:109} INFO - [IngestionJob]   Page 41: 200 records (Total: 8200)
[2026-02-02T00:50:20.034+0000] {logging_mixin.py:190} INFO - [2026-02-02 00:50:20] [IngestionJob] [INFO] [IngestionJob]   Page 42...
[2026-02-02T00:50:20.034+0000] {base_job.py:109} INFO - [IngestionJob]   Page 42...
[2026-02-02T00:50:20.555+0000] {logging_mixin.py:190} INFO - [2026-02-02 00:50:20] [IngestionJob] [INFO] [IngestionJob]   Page 42: 200 records (Total: 8400)
[2026-02-02T00:50:20.554+0000] {base_job.py:109} INFO - [IngestionJob]   Page 42: 200 records (Total: 8400)
[2026-02-02T00:50:20.757+0000] {logging_mixin.py:190} INFO - [2026-02-02 00:50:20] [IngestionJob] [INFO] [IngestionJob]   Page 43...
[2026-02-02T00:50:20.757+0000] {base_job.py:109} INFO - [IngestionJob]   Page 43...
[2026-02-02T00:50:21.237+0000] {logging_mixin.py:190} INFO - [2026-02-02 00:50:21] [IngestionJob] [INFO] [IngestionJob]   Page 43: 200 records (Total: 8600)
[2026-02-02T00:50:21.237+0000] {base_job.py:109} INFO - [IngestionJob]   Page 43: 200 records (Total: 8600)
[2026-02-02T00:50:21.441+0000] {logging_mixin.py:190} INFO - [2026-02-02 00:50:21] [IngestionJob] [INFO] [IngestionJob]   Page 44...
[2026-02-02T00:50:21.441+0000] {base_job.py:109} INFO - [IngestionJob]   Page 44...
[2026-02-02T00:50:21.905+0000] {logging_mixin.py:190} INFO - [2026-02-02 00:50:21] [IngestionJob] [INFO] [IngestionJob]   Page 44: 200 records (Total: 8800)
[2026-02-02T00:50:21.905+0000] {base_job.py:109} INFO - [IngestionJob]   Page 44: 200 records (Total: 8800)
[2026-02-02T00:50:22.107+0000] {logging_mixin.py:190} INFO - [2026-02-02 00:50:22] [IngestionJob] [INFO] [IngestionJob]   Page 45...
[2026-02-02T00:50:22.107+0000] {base_job.py:109} INFO - [IngestionJob]   Page 45...
[2026-02-02T00:50:22.628+0000] {logging_mixin.py:190} INFO - [2026-02-02 00:50:22] [IngestionJob] [INFO] [IngestionJob]   Page 45: 200 records (Total: 9000)
[2026-02-02T00:50:22.628+0000] {base_job.py:109} INFO - [IngestionJob]   Page 45: 200 records (Total: 9000)
[2026-02-02T00:50:22.832+0000] {logging_mixin.py:190} INFO - [2026-02-02 00:50:22] [IngestionJob] [INFO] [IngestionJob]   Page 46...
[2026-02-02T00:50:22.832+0000] {base_job.py:109} INFO - [IngestionJob]   Page 46...
[2026-02-02T00:50:23.159+0000] {logging_mixin.py:190} INFO - [2026-02-02 00:50:23] [IngestionJob] [INFO] [IngestionJob]   Page 46: 83 records (Total: 9083)
[2026-02-02T00:50:23.158+0000] {base_job.py:109} INFO - [IngestionJob]   Page 46: 83 records (Total: 9083)
[2026-02-02T00:50:23.363+0000] {logging_mixin.py:190} INFO - [2026-02-02 00:50:23] [IngestionJob] [INFO] [IngestionJob]   Page 47...
[2026-02-02T00:50:23.363+0000] {base_job.py:109} INFO - [IngestionJob]   Page 47...
[2026-02-02T00:50:23.645+0000] {logging_mixin.py:190} INFO - [2026-02-02 00:50:23] [IngestionJob] [INFO] [IngestionJob] Pagination complete. Total pages: 46
[2026-02-02T00:50:23.645+0000] {base_job.py:109} INFO - [IngestionJob] Pagination complete. Total pages: 46
[2026-02-02T00:50:26.628+0000] {logging_mixin.py:190} INFO - [2026-02-02 00:50:26] [IngestionJob] [INFO] [IngestionJob] DataFrame created with 9083 records
[2026-02-02T00:50:26.628+0000] {base_job.py:109} INFO - [IngestionJob] DataFrame created with 9083 records
[2026-02-02T00:50:28.710+0000] {logging_mixin.py:190} INFO - [2026-02-02 00:50:28] [IngestionJob] [INFO] [IngestionJob] ✅ Ingestion completed! 9083 records written to bronze/breweries/created_at=2026-02-02
[2026-02-02T00:50:28.710+0000] {base_job.py:109} INFO - [IngestionJob] ✅ Ingestion completed! 9083 records written to bronze/breweries/created_at=2026-02-02
[2026-02-02T00:50:28.726+0000] {logging_mixin.py:190} INFO - [2026-02-02 00:50:28] [IngestionJob] [INFO] [IngestionJob] Job completed successfully
[2026-02-02T00:50:28.726+0000] {base_job.py:109} INFO - [IngestionJob] Job completed successfully
[2026-02-02T00:50:28.729+0000] {python.py:240} INFO - Done. Returned value was: None
[2026-02-02T00:50:28.768+0000] {taskinstance.py:340} INFO - ::group::Post task execution logs
[2026-02-02T00:50:28.774+0000] {taskinstance.py:352} INFO - Marking task as SUCCESS. dag_id=bees_brewery_medallion, task_id=ingestion_bronze, run_id=scheduled__2026-02-01T00:00:00+00:00, execution_date=20260201T000000, start_date=20260202T004947, end_date=20260202T005028
[2026-02-02T00:50:28.869+0000] {local_task_job_runner.py:261} INFO - Task exited with return code 0
[2026-02-02T00:50:28.926+0000] {taskinstance.py:3891} INFO - 1 downstream tasks scheduled from follow-on schedule check
[2026-02-02T00:50:28.929+0000] {local_task_job_runner.py:240} INFO - ::endgroup::
