[2026-02-02T01:27:31.572+0000] {local_task_job_runner.py:123} INFO - ::group::Pre task execution logs
[2026-02-02T01:27:31.585+0000] {taskinstance.py:2603} INFO - Dependencies all met for dep_context=non-requeueable deps ti=<TaskInstance: bees_brewery_medallion.transformation_silver manual__2026-02-02T00:00:00+00:00 [queued]>
[2026-02-02T01:27:31.588+0000] {taskinstance.py:2603} INFO - Dependencies all met for dep_context=requeueable deps ti=<TaskInstance: bees_brewery_medallion.transformation_silver manual__2026-02-02T00:00:00+00:00 [queued]>
[2026-02-02T01:27:31.588+0000] {taskinstance.py:2856} INFO - Starting attempt 2 of 3
[2026-02-02T01:27:31.594+0000] {taskinstance.py:2879} INFO - Executing <Task(PythonOperator): transformation_silver> on 2026-02-02 00:00:00+00:00
[2026-02-02T01:27:31.605+0000] {logging_mixin.py:190} WARNING - /home/***/.local/lib/python3.12/site-packages/***/task/task_runner/standard_task_runner.py:70 DeprecationWarning: This process (pid=1186) is multi-threaded, use of fork() may lead to deadlocks in the child.
[2026-02-02T01:27:31.606+0000] {standard_task_runner.py:72} INFO - Started process 1187 to run task
[2026-02-02T01:27:31.604+0000] {standard_task_runner.py:104} INFO - Running: ['***', 'tasks', 'run', 'bees_brewery_medallion', 'transformation_silver', 'manual__2026-02-02T00:00:00+00:00', '--job-id', '19', '--raw', '--subdir', 'DAGS_FOLDER/bees_brewery_dag.py', '--cfg-path', '/tmp/tmp33_ap3h9']
[2026-02-02T01:27:31.608+0000] {standard_task_runner.py:105} INFO - Job 19: Subtask transformation_silver
[2026-02-02T01:27:31.634+0000] {logging_mixin.py:190} WARNING - /home/***/.local/lib/python3.12/site-packages/***/settings.py:209 DeprecationWarning: The sql_alchemy_conn option in [core] has been moved to the sql_alchemy_conn option in [database] - the old setting has been used, but please update your config.
[2026-02-02T01:27:31.652+0000] {task_command.py:467} INFO - Running <TaskInstance: bees_brewery_medallion.transformation_silver manual__2026-02-02T00:00:00+00:00 [running]> on host 7d430775332e
[2026-02-02T01:27:31.653+0000] {logging_mixin.py:190} WARNING - /home/***/.local/lib/python3.12/site-packages/***/settings.py:449 DeprecationWarning: The sql_alchemy_conn option in [core] has been moved to the sql_alchemy_conn option in [database] - the old setting has been used, but please update your config.
[2026-02-02T01:27:31.685+0000] {taskinstance.py:3122} INFO - Exporting env vars: AIRFLOW_CTX_DAG_OWNER='bees-data-engineering' AIRFLOW_CTX_DAG_ID='bees_brewery_medallion' AIRFLOW_CTX_TASK_ID='transformation_silver' AIRFLOW_CTX_EXECUTION_DATE='2026-02-02T00:00:00+00:00' AIRFLOW_CTX_TRY_NUMBER='2' AIRFLOW_CTX_DAG_RUN_ID='manual__2026-02-02T00:00:00+00:00'
[2026-02-02T01:27:31.685+0000] {taskinstance.py:731} INFO - ::endgroup::
[2026-02-02T01:27:31.691+0000] {bees_brewery_dag.py:65} INFO - Starting transformation job...
[2026-02-02T01:27:31.691+0000] {bees_brewery_dag.py:68} INFO - Using execution date: 2026-02-02
[2026-02-02T01:27:34.128+0000] {logging_mixin.py:190} INFO - [2026-02-02 01:27:34] [TransformationJob] [INFO] [TransformationJob] Initialized with execution_date: 2026-02-02
[2026-02-02T01:27:34.128+0000] {base_job.py:112} INFO - [TransformationJob] Initialized with execution_date: 2026-02-02
[2026-02-02T01:27:34.129+0000] {logging_mixin.py:190} INFO - [2026-02-02 01:27:34] [TransformationJob] [INFO] [TransformationJob] Starting Silver layer transformation...
[2026-02-02T01:27:34.129+0000] {base_job.py:112} INFO - [TransformationJob] Starting Silver layer transformation...
[2026-02-02T01:27:35.451+0000] {logging_mixin.py:190} INFO - [2026-02-02 01:27:35] [TransformationJob] [INFO] [TransformationJob] Records read from Bronze: 9083
[2026-02-02T01:27:35.451+0000] {base_job.py:112} INFO - [TransformationJob] Records read from Bronze: 9083
[2026-02-02T01:27:36.030+0000] {logging_mixin.py:190} INFO - [2026-02-02 01:27:36] [TransformationJob] [INFO] [TransformationJob] Records after deduplication: 5451 (removed: 3632)
[2026-02-02T01:27:36.030+0000] {base_job.py:112} INFO - [TransformationJob] Records after deduplication: 5451 (removed: 3632)
[2026-02-02T01:27:37.112+0000] {logging_mixin.py:190} INFO - [2026-02-02 01:27:37] [TransformationJob] [INFO] [TransformationJob] ✅ Transformation completed! 5451 records written to silver/breweries_cleaned/created_at=2026-02-02
[2026-02-02T01:27:37.112+0000] {base_job.py:112} INFO - [TransformationJob] ✅ Transformation completed! 5451 records written to silver/breweries_cleaned/created_at=2026-02-02
[2026-02-02T01:27:37.113+0000] {logging_mixin.py:190} INFO - [2026-02-02 01:27:37] [TransformationJob] [INFO] [TransformationJob] Job completed successfully
[2026-02-02T01:27:37.112+0000] {base_job.py:112} INFO - [TransformationJob] Job completed successfully
[2026-02-02T01:27:37.113+0000] {python.py:240} INFO - Done. Returned value was: None
[2026-02-02T01:27:37.122+0000] {taskinstance.py:340} INFO - ::group::Post task execution logs
[2026-02-02T01:27:37.123+0000] {taskinstance.py:352} INFO - Marking task as SUCCESS. dag_id=bees_brewery_medallion, task_id=transformation_silver, run_id=manual__2026-02-02T00:00:00+00:00, execution_date=20260202T000000, start_date=20260202T012731, end_date=20260202T012737
[2026-02-02T01:27:37.147+0000] {local_task_job_runner.py:261} INFO - Task exited with return code 0
[2026-02-02T01:27:37.164+0000] {taskinstance.py:3891} INFO - 1 downstream tasks scheduled from follow-on schedule check
[2026-02-02T01:27:37.165+0000] {local_task_job_runner.py:240} INFO - ::endgroup::
