[2026-02-01T23:22:02.637+0000] {local_task_job_runner.py:123} INFO - ::group::Pre task execution logs
[2026-02-01T23:22:02.645+0000] {taskinstance.py:2603} INFO - Dependencies all met for dep_context=non-requeueable deps ti=<TaskInstance: bees_brewery_medallion.pipeline_start manual__2026-02-01T00:00:00+00:00 [queued]>
[2026-02-01T23:22:02.649+0000] {taskinstance.py:2603} INFO - Dependencies all met for dep_context=requeueable deps ti=<TaskInstance: bees_brewery_medallion.pipeline_start manual__2026-02-01T00:00:00+00:00 [queued]>
[2026-02-01T23:22:02.649+0000] {taskinstance.py:2856} INFO - Starting attempt 1 of 3
[2026-02-01T23:22:02.657+0000] {taskinstance.py:2879} INFO - Executing <Task(BashOperator): pipeline_start> on 2026-02-01 00:00:00+00:00
[2026-02-01T23:22:02.661+0000] {logging_mixin.py:190} WARNING - /home/***/.local/lib/python3.12/site-packages/***/task/task_runner/standard_task_runner.py:70 DeprecationWarning: This process (pid=176) is multi-threaded, use of fork() may lead to deadlocks in the child.
[2026-02-01T23:22:02.662+0000] {standard_task_runner.py:72} INFO - Started process 178 to run task
[2026-02-01T23:22:02.661+0000] {standard_task_runner.py:104} INFO - Running: ['***', 'tasks', 'run', 'bees_brewery_medallion', 'pipeline_start', 'manual__2026-02-01T00:00:00+00:00', '--job-id', '3', '--raw', '--subdir', 'DAGS_FOLDER/bees_brewery_dag.py', '--cfg-path', '/tmp/tmpii79q74y']
[2026-02-01T23:22:02.665+0000] {standard_task_runner.py:105} INFO - Job 3: Subtask pipeline_start
[2026-02-01T23:22:02.683+0000] {logging_mixin.py:190} WARNING - /home/***/.local/lib/python3.12/site-packages/***/settings.py:209 DeprecationWarning: The sql_alchemy_conn option in [core] has been moved to the sql_alchemy_conn option in [database] - the old setting has been used, but please update your config.
[2026-02-01T23:22:02.719+0000] {task_command.py:467} INFO - Running <TaskInstance: bees_brewery_medallion.pipeline_start manual__2026-02-01T00:00:00+00:00 [running]> on host b4bc9f1e0a72
[2026-02-01T23:22:02.762+0000] {taskinstance.py:3122} INFO - Exporting env vars: AIRFLOW_CTX_DAG_OWNER='bees-data-engineering' AIRFLOW_CTX_DAG_ID='bees_brewery_medallion' AIRFLOW_CTX_TASK_ID='pipeline_start' AIRFLOW_CTX_EXECUTION_DATE='2026-02-01T00:00:00+00:00' AIRFLOW_CTX_TRY_NUMBER='1' AIRFLOW_CTX_DAG_RUN_ID='manual__2026-02-01T00:00:00+00:00'
[2026-02-01T23:22:02.762+0000] {taskinstance.py:731} INFO - ::endgroup::
[2026-02-01T23:22:02.768+0000] {subprocess.py:63} INFO - Tmp dir root location: /tmp
[2026-02-01T23:22:02.769+0000] {subprocess.py:75} INFO - Running command: ['/usr/bin/bash', '-c', 'echo "Starting BEES Brewery Pipeline at $(date)"']
[2026-02-01T23:22:02.774+0000] {subprocess.py:86} INFO - Output:
[2026-02-01T23:22:02.775+0000] {subprocess.py:93} INFO - Starting BEES Brewery Pipeline at Sun Feb  1 23:22:02 UTC 2026
[2026-02-01T23:22:02.775+0000] {subprocess.py:97} INFO - Command exited with return code 0
[2026-02-01T23:22:02.788+0000] {taskinstance.py:340} INFO - ::group::Post task execution logs
[2026-02-01T23:22:02.789+0000] {taskinstance.py:352} INFO - Marking task as SUCCESS. dag_id=bees_brewery_medallion, task_id=pipeline_start, run_id=manual__2026-02-01T00:00:00+00:00, execution_date=20260201T000000, start_date=20260201T232202, end_date=20260201T232202
[2026-02-01T23:22:02.803+0000] {local_task_job_runner.py:261} INFO - Task exited with return code 0
[2026-02-01T23:22:02.827+0000] {taskinstance.py:3891} INFO - 1 downstream tasks scheduled from follow-on schedule check
[2026-02-01T23:22:02.828+0000] {local_task_job_runner.py:240} INFO - ::endgroup::
[2026-02-01T23:26:46.556+0000] {local_task_job_runner.py:123} INFO - ::group::Pre task execution logs
[2026-02-01T23:26:46.573+0000] {taskinstance.py:2603} INFO - Dependencies all met for dep_context=non-requeueable deps ti=<TaskInstance: bees_brewery_medallion.pipeline_start manual__2026-02-01T00:00:00+00:00 [queued]>
[2026-02-01T23:26:46.581+0000] {taskinstance.py:2603} INFO - Dependencies all met for dep_context=requeueable deps ti=<TaskInstance: bees_brewery_medallion.pipeline_start manual__2026-02-01T00:00:00+00:00 [queued]>
[2026-02-01T23:26:46.582+0000] {taskinstance.py:2856} INFO - Starting attempt 1 of 3
[2026-02-01T23:26:46.608+0000] {taskinstance.py:2879} INFO - Executing <Task(BashOperator): pipeline_start> on 2026-02-01 00:00:00+00:00
[2026-02-01T23:26:46.614+0000] {logging_mixin.py:190} WARNING - /home/***/.local/lib/python3.12/site-packages/***/task/task_runner/standard_task_runner.py:70 DeprecationWarning: This process (pid=175) is multi-threaded, use of fork() may lead to deadlocks in the child.
[2026-02-01T23:26:46.613+0000] {standard_task_runner.py:104} INFO - Running: ['***', 'tasks', 'run', 'bees_brewery_medallion', 'pipeline_start', 'manual__2026-02-01T00:00:00+00:00', '--job-id', '4', '--raw', '--subdir', 'DAGS_FOLDER/bees_brewery_dag.py', '--cfg-path', '/tmp/tmp_k03bkm_']
[2026-02-01T23:26:46.615+0000] {standard_task_runner.py:72} INFO - Started process 179 to run task
[2026-02-01T23:26:46.615+0000] {standard_task_runner.py:105} INFO - Job 4: Subtask pipeline_start
[2026-02-01T23:26:46.624+0000] {logging_mixin.py:190} WARNING - /home/***/.local/lib/python3.12/site-packages/***/settings.py:209 DeprecationWarning: The sql_alchemy_conn option in [core] has been moved to the sql_alchemy_conn option in [database] - the old setting has been used, but please update your config.
[2026-02-01T23:26:46.654+0000] {task_command.py:467} INFO - Running <TaskInstance: bees_brewery_medallion.pipeline_start manual__2026-02-01T00:00:00+00:00 [running]> on host 6dc72c1b9a32
[2026-02-01T23:26:46.716+0000] {taskinstance.py:3122} INFO - Exporting env vars: AIRFLOW_CTX_DAG_OWNER='bees-data-engineering' AIRFLOW_CTX_DAG_ID='bees_brewery_medallion' AIRFLOW_CTX_TASK_ID='pipeline_start' AIRFLOW_CTX_EXECUTION_DATE='2026-02-01T00:00:00+00:00' AIRFLOW_CTX_TRY_NUMBER='1' AIRFLOW_CTX_DAG_RUN_ID='manual__2026-02-01T00:00:00+00:00'
[2026-02-01T23:26:46.717+0000] {taskinstance.py:731} INFO - ::endgroup::
[2026-02-01T23:26:46.727+0000] {subprocess.py:63} INFO - Tmp dir root location: /tmp
[2026-02-01T23:26:46.729+0000] {subprocess.py:75} INFO - Running command: ['/usr/bin/bash', '-c', 'echo "Starting BEES Brewery Pipeline at $(date)"']
[2026-02-01T23:26:46.735+0000] {subprocess.py:86} INFO - Output:
[2026-02-01T23:26:46.739+0000] {subprocess.py:93} INFO - Starting BEES Brewery Pipeline at Sun Feb  1 23:26:46 UTC 2026
[2026-02-01T23:26:46.740+0000] {subprocess.py:97} INFO - Command exited with return code 0
[2026-02-01T23:26:46.765+0000] {taskinstance.py:340} INFO - ::group::Post task execution logs
[2026-02-01T23:26:46.766+0000] {taskinstance.py:352} INFO - Marking task as SUCCESS. dag_id=bees_brewery_medallion, task_id=pipeline_start, run_id=manual__2026-02-01T00:00:00+00:00, execution_date=20260201T000000, start_date=20260201T232646, end_date=20260201T232646
[2026-02-01T23:26:46.796+0000] {local_task_job_runner.py:261} INFO - Task exited with return code 0
[2026-02-01T23:26:46.809+0000] {taskinstance.py:3891} INFO - 1 downstream tasks scheduled from follow-on schedule check
[2026-02-01T23:26:46.810+0000] {local_task_job_runner.py:240} INFO - ::endgroup::
