[2026-02-02T00:11:43.525+0000] {local_task_job_runner.py:123} INFO - ::group::Pre task execution logs
[2026-02-02T00:11:43.530+0000] {taskinstance.py:2603} INFO - Dependencies all met for dep_context=non-requeueable deps ti=<TaskInstance: bees_brewery_medallion.ingestion_bronze manual__2026-02-02T00:11:36+00:00 [queued]>
[2026-02-02T00:11:43.532+0000] {taskinstance.py:2603} INFO - Dependencies all met for dep_context=requeueable deps ti=<TaskInstance: bees_brewery_medallion.ingestion_bronze manual__2026-02-02T00:11:36+00:00 [queued]>
[2026-02-02T00:11:43.532+0000] {taskinstance.py:2856} INFO - Starting attempt 1 of 3
[2026-02-02T00:11:43.536+0000] {taskinstance.py:2879} INFO - Executing <Task(PythonOperator): ingestion_bronze> on 2026-02-02 00:11:36+00:00
[2026-02-02T00:11:43.538+0000] {logging_mixin.py:190} WARNING - /home/***/.local/lib/python3.12/site-packages/***/task/task_runner/standard_task_runner.py:70 DeprecationWarning: This process (pid=175) is multi-threaded, use of fork() may lead to deadlocks in the child.
[2026-02-02T00:11:43.539+0000] {standard_task_runner.py:72} INFO - Started process 176 to run task
[2026-02-02T00:11:43.539+0000] {standard_task_runner.py:104} INFO - Running: ['***', 'tasks', 'run', 'bees_brewery_medallion', 'ingestion_bronze', 'manual__2026-02-02T00:11:36+00:00', '--job-id', '34', '--raw', '--subdir', 'DAGS_FOLDER/bees_brewery_dag.py', '--cfg-path', '/tmp/tmpqtrwpbtz']
[2026-02-02T00:11:43.540+0000] {standard_task_runner.py:105} INFO - Job 34: Subtask ingestion_bronze
[2026-02-02T00:11:43.545+0000] {logging_mixin.py:190} WARNING - /home/***/.local/lib/python3.12/site-packages/***/settings.py:209 DeprecationWarning: The sql_alchemy_conn option in [core] has been moved to the sql_alchemy_conn option in [database] - the old setting has been used, but please update your config.
[2026-02-02T00:11:43.554+0000] {task_command.py:467} INFO - Running <TaskInstance: bees_brewery_medallion.ingestion_bronze manual__2026-02-02T00:11:36+00:00 [running]> on host 94f5d347c827
[2026-02-02T00:11:43.576+0000] {taskinstance.py:3122} INFO - Exporting env vars: AIRFLOW_CTX_DAG_OWNER='bees-data-engineering' AIRFLOW_CTX_DAG_ID='bees_brewery_medallion' AIRFLOW_CTX_TASK_ID='ingestion_bronze' AIRFLOW_CTX_EXECUTION_DATE='2026-02-02T00:11:36+00:00' AIRFLOW_CTX_TRY_NUMBER='1' AIRFLOW_CTX_DAG_RUN_ID='manual__2026-02-02T00:11:36+00:00'
[2026-02-02T00:11:43.577+0000] {taskinstance.py:731} INFO - ::endgroup::
[2026-02-02T00:11:43.581+0000] {bees_brewery_dag.py:59} INFO - Starting ingestion job...
[2026-02-02T00:11:45.924+0000] {logging_mixin.py:190} INFO - [2026-02-02 00:11:45] [IngestionJob] [INFO] [IngestionJob] Starting ingestion from Open Brewery DB API...
[2026-02-02T00:11:45.924+0000] {base_job.py:109} INFO - [IngestionJob] Starting ingestion from Open Brewery DB API...
[2026-02-02T00:11:45.925+0000] {logging_mixin.py:190} INFO - [2026-02-02 00:11:45] [IngestionJob] [INFO] [IngestionJob] Fetching from https://api.openbrewerydb.org/v1/breweries
[2026-02-02T00:11:45.925+0000] {base_job.py:109} INFO - [IngestionJob] Fetching from https://api.openbrewerydb.org/v1/breweries
[2026-02-02T00:11:45.925+0000] {logging_mixin.py:190} INFO - [2026-02-02 00:11:45] [IngestionJob] [INFO] [IngestionJob]   Page 1...
[2026-02-02T00:11:45.925+0000] {base_job.py:109} INFO - [IngestionJob]   Page 1...
[2026-02-02T00:11:46.541+0000] {logging_mixin.py:190} INFO - [2026-02-02 00:11:46] [IngestionJob] [INFO] [IngestionJob]   Page 1: 200 records (Total: 200)
[2026-02-02T00:11:46.541+0000] {base_job.py:109} INFO - [IngestionJob]   Page 1: 200 records (Total: 200)
[2026-02-02T00:11:46.745+0000] {logging_mixin.py:190} INFO - [2026-02-02 00:11:46] [IngestionJob] [INFO] [IngestionJob]   Page 2...
[2026-02-02T00:11:46.744+0000] {base_job.py:109} INFO - [IngestionJob]   Page 2...
[2026-02-02T00:11:47.304+0000] {logging_mixin.py:190} INFO - [2026-02-02 00:11:47] [IngestionJob] [INFO] [IngestionJob]   Page 2: 200 records (Total: 400)
[2026-02-02T00:11:47.303+0000] {base_job.py:109} INFO - [IngestionJob]   Page 2: 200 records (Total: 400)
[2026-02-02T00:11:47.510+0000] {logging_mixin.py:190} INFO - [2026-02-02 00:11:47] [IngestionJob] [INFO] [IngestionJob]   Page 3...
[2026-02-02T00:11:47.510+0000] {base_job.py:109} INFO - [IngestionJob]   Page 3...
[2026-02-02T00:11:47.981+0000] {logging_mixin.py:190} INFO - [2026-02-02 00:11:47] [IngestionJob] [INFO] [IngestionJob]   Page 3: 200 records (Total: 600)
[2026-02-02T00:11:47.981+0000] {base_job.py:109} INFO - [IngestionJob]   Page 3: 200 records (Total: 600)
[2026-02-02T00:11:48.187+0000] {logging_mixin.py:190} INFO - [2026-02-02 00:11:48] [IngestionJob] [INFO] [IngestionJob]   Page 4...
[2026-02-02T00:11:48.187+0000] {base_job.py:109} INFO - [IngestionJob]   Page 4...
[2026-02-02T00:11:48.705+0000] {logging_mixin.py:190} INFO - [2026-02-02 00:11:48] [IngestionJob] [INFO] [IngestionJob]   Page 4: 200 records (Total: 800)
[2026-02-02T00:11:48.705+0000] {base_job.py:109} INFO - [IngestionJob]   Page 4: 200 records (Total: 800)
[2026-02-02T00:11:48.909+0000] {logging_mixin.py:190} INFO - [2026-02-02 00:11:48] [IngestionJob] [INFO] [IngestionJob]   Page 5...
[2026-02-02T00:11:48.908+0000] {base_job.py:109} INFO - [IngestionJob]   Page 5...
[2026-02-02T00:11:49.454+0000] {logging_mixin.py:190} INFO - [2026-02-02 00:11:49] [IngestionJob] [INFO] [IngestionJob]   Page 5: 200 records (Total: 1000)
[2026-02-02T00:11:49.453+0000] {base_job.py:109} INFO - [IngestionJob]   Page 5: 200 records (Total: 1000)
[2026-02-02T00:11:49.656+0000] {logging_mixin.py:190} INFO - [2026-02-02 00:11:49] [IngestionJob] [INFO] [IngestionJob]   Page 6...
[2026-02-02T00:11:49.656+0000] {base_job.py:109} INFO - [IngestionJob]   Page 6...
[2026-02-02T00:11:50.102+0000] {logging_mixin.py:190} INFO - [2026-02-02 00:11:50] [IngestionJob] [INFO] [IngestionJob]   Page 6: 200 records (Total: 1200)
[2026-02-02T00:11:50.102+0000] {base_job.py:109} INFO - [IngestionJob]   Page 6: 200 records (Total: 1200)
[2026-02-02T00:11:50.303+0000] {logging_mixin.py:190} INFO - [2026-02-02 00:11:50] [IngestionJob] [INFO] [IngestionJob]   Page 7...
[2026-02-02T00:11:50.303+0000] {base_job.py:109} INFO - [IngestionJob]   Page 7...
[2026-02-02T00:11:50.889+0000] {logging_mixin.py:190} INFO - [2026-02-02 00:11:50] [IngestionJob] [INFO] [IngestionJob]   Page 7: 200 records (Total: 1400)
[2026-02-02T00:11:50.889+0000] {base_job.py:109} INFO - [IngestionJob]   Page 7: 200 records (Total: 1400)
[2026-02-02T00:11:51.096+0000] {logging_mixin.py:190} INFO - [2026-02-02 00:11:51] [IngestionJob] [INFO] [IngestionJob]   Page 8...
[2026-02-02T00:11:51.096+0000] {base_job.py:109} INFO - [IngestionJob]   Page 8...
[2026-02-02T00:11:51.580+0000] {logging_mixin.py:190} INFO - [2026-02-02 00:11:51] [IngestionJob] [INFO] [IngestionJob]   Page 8: 200 records (Total: 1600)
[2026-02-02T00:11:51.580+0000] {base_job.py:109} INFO - [IngestionJob]   Page 8: 200 records (Total: 1600)
[2026-02-02T00:11:51.786+0000] {logging_mixin.py:190} INFO - [2026-02-02 00:11:51] [IngestionJob] [INFO] [IngestionJob]   Page 9...
[2026-02-02T00:11:51.786+0000] {base_job.py:109} INFO - [IngestionJob]   Page 9...
[2026-02-02T00:11:52.322+0000] {logging_mixin.py:190} INFO - [2026-02-02 00:11:52] [IngestionJob] [INFO] [IngestionJob]   Page 9: 200 records (Total: 1800)
[2026-02-02T00:11:52.321+0000] {base_job.py:109} INFO - [IngestionJob]   Page 9: 200 records (Total: 1800)
[2026-02-02T00:11:52.528+0000] {logging_mixin.py:190} INFO - [2026-02-02 00:11:52] [IngestionJob] [INFO] [IngestionJob]   Page 10...
[2026-02-02T00:11:52.528+0000] {base_job.py:109} INFO - [IngestionJob]   Page 10...
[2026-02-02T00:11:52.990+0000] {logging_mixin.py:190} INFO - [2026-02-02 00:11:52] [IngestionJob] [INFO] [IngestionJob]   Page 10: 200 records (Total: 2000)
[2026-02-02T00:11:52.990+0000] {base_job.py:109} INFO - [IngestionJob]   Page 10: 200 records (Total: 2000)
[2026-02-02T00:11:53.196+0000] {logging_mixin.py:190} INFO - [2026-02-02 00:11:53] [IngestionJob] [INFO] [IngestionJob]   Page 11...
[2026-02-02T00:11:53.195+0000] {base_job.py:109} INFO - [IngestionJob]   Page 11...
[2026-02-02T00:11:53.734+0000] {logging_mixin.py:190} INFO - [2026-02-02 00:11:53] [IngestionJob] [INFO] [IngestionJob]   Page 11: 200 records (Total: 2200)
[2026-02-02T00:11:53.734+0000] {base_job.py:109} INFO - [IngestionJob]   Page 11: 200 records (Total: 2200)
[2026-02-02T00:11:53.938+0000] {logging_mixin.py:190} INFO - [2026-02-02 00:11:53] [IngestionJob] [INFO] [IngestionJob]   Page 12...
[2026-02-02T00:11:53.938+0000] {base_job.py:109} INFO - [IngestionJob]   Page 12...
[2026-02-02T00:11:54.438+0000] {logging_mixin.py:190} INFO - [2026-02-02 00:11:54] [IngestionJob] [INFO] [IngestionJob]   Page 12: 200 records (Total: 2400)
[2026-02-02T00:11:54.438+0000] {base_job.py:109} INFO - [IngestionJob]   Page 12: 200 records (Total: 2400)
[2026-02-02T00:11:54.640+0000] {logging_mixin.py:190} INFO - [2026-02-02 00:11:54] [IngestionJob] [INFO] [IngestionJob]   Page 13...
[2026-02-02T00:11:54.640+0000] {base_job.py:109} INFO - [IngestionJob]   Page 13...
[2026-02-02T00:11:55.203+0000] {logging_mixin.py:190} INFO - [2026-02-02 00:11:55] [IngestionJob] [INFO] [IngestionJob]   Page 13: 200 records (Total: 2600)
[2026-02-02T00:11:55.202+0000] {base_job.py:109} INFO - [IngestionJob]   Page 13: 200 records (Total: 2600)
[2026-02-02T00:11:55.405+0000] {logging_mixin.py:190} INFO - [2026-02-02 00:11:55] [IngestionJob] [INFO] [IngestionJob]   Page 14...
[2026-02-02T00:11:55.405+0000] {base_job.py:109} INFO - [IngestionJob]   Page 14...
[2026-02-02T00:11:55.884+0000] {logging_mixin.py:190} INFO - [2026-02-02 00:11:55] [IngestionJob] [INFO] [IngestionJob]   Page 14: 200 records (Total: 2800)
[2026-02-02T00:11:55.884+0000] {base_job.py:109} INFO - [IngestionJob]   Page 14: 200 records (Total: 2800)
[2026-02-02T00:11:56.091+0000] {logging_mixin.py:190} INFO - [2026-02-02 00:11:56] [IngestionJob] [INFO] [IngestionJob]   Page 15...
[2026-02-02T00:11:56.091+0000] {base_job.py:109} INFO - [IngestionJob]   Page 15...
[2026-02-02T00:11:56.591+0000] {logging_mixin.py:190} INFO - [2026-02-02 00:11:56] [IngestionJob] [INFO] [IngestionJob]   Page 15: 200 records (Total: 3000)
[2026-02-02T00:11:56.590+0000] {base_job.py:109} INFO - [IngestionJob]   Page 15: 200 records (Total: 3000)
[2026-02-02T00:11:56.798+0000] {logging_mixin.py:190} INFO - [2026-02-02 00:11:56] [IngestionJob] [INFO] [IngestionJob]   Page 16...
[2026-02-02T00:11:56.798+0000] {base_job.py:109} INFO - [IngestionJob]   Page 16...
[2026-02-02T00:11:57.259+0000] {logging_mixin.py:190} INFO - [2026-02-02 00:11:57] [IngestionJob] [INFO] [IngestionJob]   Page 16: 200 records (Total: 3200)
[2026-02-02T00:11:57.258+0000] {base_job.py:109} INFO - [IngestionJob]   Page 16: 200 records (Total: 3200)
[2026-02-02T00:11:57.465+0000] {logging_mixin.py:190} INFO - [2026-02-02 00:11:57] [IngestionJob] [INFO] [IngestionJob]   Page 17...
[2026-02-02T00:11:57.465+0000] {base_job.py:109} INFO - [IngestionJob]   Page 17...
[2026-02-02T00:11:58.056+0000] {logging_mixin.py:190} INFO - [2026-02-02 00:11:58] [IngestionJob] [INFO] [IngestionJob]   Page 17: 200 records (Total: 3400)
[2026-02-02T00:11:58.056+0000] {base_job.py:109} INFO - [IngestionJob]   Page 17: 200 records (Total: 3400)
[2026-02-02T00:11:58.262+0000] {logging_mixin.py:190} INFO - [2026-02-02 00:11:58] [IngestionJob] [INFO] [IngestionJob]   Page 18...
[2026-02-02T00:11:58.262+0000] {base_job.py:109} INFO - [IngestionJob]   Page 18...
[2026-02-02T00:11:58.775+0000] {logging_mixin.py:190} INFO - [2026-02-02 00:11:58] [IngestionJob] [INFO] [IngestionJob]   Page 18: 200 records (Total: 3600)
[2026-02-02T00:11:58.775+0000] {base_job.py:109} INFO - [IngestionJob]   Page 18: 200 records (Total: 3600)
[2026-02-02T00:11:58.982+0000] {logging_mixin.py:190} INFO - [2026-02-02 00:11:58] [IngestionJob] [INFO] [IngestionJob]   Page 19...
[2026-02-02T00:11:58.981+0000] {base_job.py:109} INFO - [IngestionJob]   Page 19...
[2026-02-02T00:11:59.473+0000] {logging_mixin.py:190} INFO - [2026-02-02 00:11:59] [IngestionJob] [INFO] [IngestionJob]   Page 19: 200 records (Total: 3800)
[2026-02-02T00:11:59.473+0000] {base_job.py:109} INFO - [IngestionJob]   Page 19: 200 records (Total: 3800)
[2026-02-02T00:11:59.678+0000] {logging_mixin.py:190} INFO - [2026-02-02 00:11:59] [IngestionJob] [INFO] [IngestionJob]   Page 20...
[2026-02-02T00:11:59.678+0000] {base_job.py:109} INFO - [IngestionJob]   Page 20...
[2026-02-02T00:12:00.216+0000] {logging_mixin.py:190} INFO - [2026-02-02 00:12:00] [IngestionJob] [INFO] [IngestionJob]   Page 20: 200 records (Total: 4000)
[2026-02-02T00:12:00.215+0000] {base_job.py:109} INFO - [IngestionJob]   Page 20: 200 records (Total: 4000)
[2026-02-02T00:12:00.417+0000] {logging_mixin.py:190} INFO - [2026-02-02 00:12:00] [IngestionJob] [INFO] [IngestionJob]   Page 21...
[2026-02-02T00:12:00.417+0000] {base_job.py:109} INFO - [IngestionJob]   Page 21...
[2026-02-02T00:12:00.916+0000] {logging_mixin.py:190} INFO - [2026-02-02 00:12:00] [IngestionJob] [INFO] [IngestionJob]   Page 21: 200 records (Total: 4200)
[2026-02-02T00:12:00.915+0000] {base_job.py:109} INFO - [IngestionJob]   Page 21: 200 records (Total: 4200)
[2026-02-02T00:12:01.120+0000] {logging_mixin.py:190} INFO - [2026-02-02 00:12:01] [IngestionJob] [INFO] [IngestionJob]   Page 22...
[2026-02-02T00:12:01.120+0000] {base_job.py:109} INFO - [IngestionJob]   Page 22...
[2026-02-02T00:12:01.630+0000] {logging_mixin.py:190} INFO - [2026-02-02 00:12:01] [IngestionJob] [INFO] [IngestionJob]   Page 22: 200 records (Total: 4400)
[2026-02-02T00:12:01.630+0000] {base_job.py:109} INFO - [IngestionJob]   Page 22: 200 records (Total: 4400)
[2026-02-02T00:12:01.837+0000] {logging_mixin.py:190} INFO - [2026-02-02 00:12:01] [IngestionJob] [INFO] [IngestionJob]   Page 23...
[2026-02-02T00:12:01.837+0000] {base_job.py:109} INFO - [IngestionJob]   Page 23...
[2026-02-02T00:12:02.316+0000] {logging_mixin.py:190} INFO - [2026-02-02 00:12:02] [IngestionJob] [INFO] [IngestionJob]   Page 23: 200 records (Total: 4600)
[2026-02-02T00:12:02.316+0000] {base_job.py:109} INFO - [IngestionJob]   Page 23: 200 records (Total: 4600)
[2026-02-02T00:12:02.522+0000] {logging_mixin.py:190} INFO - [2026-02-02 00:12:02] [IngestionJob] [INFO] [IngestionJob]   Page 24...
[2026-02-02T00:12:02.522+0000] {base_job.py:109} INFO - [IngestionJob]   Page 24...
[2026-02-02T00:12:03.044+0000] {logging_mixin.py:190} INFO - [2026-02-02 00:12:03] [IngestionJob] [INFO] [IngestionJob]   Page 24: 200 records (Total: 4800)
[2026-02-02T00:12:03.043+0000] {base_job.py:109} INFO - [IngestionJob]   Page 24: 200 records (Total: 4800)
[2026-02-02T00:12:03.250+0000] {logging_mixin.py:190} INFO - [2026-02-02 00:12:03] [IngestionJob] [INFO] [IngestionJob]   Page 25...
[2026-02-02T00:12:03.250+0000] {base_job.py:109} INFO - [IngestionJob]   Page 25...
[2026-02-02T00:12:03.753+0000] {logging_mixin.py:190} INFO - [2026-02-02 00:12:03] [IngestionJob] [INFO] [IngestionJob]   Page 25: 200 records (Total: 5000)
[2026-02-02T00:12:03.752+0000] {base_job.py:109} INFO - [IngestionJob]   Page 25: 200 records (Total: 5000)
[2026-02-02T00:12:03.954+0000] {logging_mixin.py:190} INFO - [2026-02-02 00:12:03] [IngestionJob] [INFO] [IngestionJob]   Page 26...
[2026-02-02T00:12:03.954+0000] {base_job.py:109} INFO - [IngestionJob]   Page 26...
[2026-02-02T00:12:04.463+0000] {logging_mixin.py:190} INFO - [2026-02-02 00:12:04] [IngestionJob] [INFO] [IngestionJob]   Page 26: 200 records (Total: 5200)
[2026-02-02T00:12:04.463+0000] {base_job.py:109} INFO - [IngestionJob]   Page 26: 200 records (Total: 5200)
[2026-02-02T00:12:04.668+0000] {logging_mixin.py:190} INFO - [2026-02-02 00:12:04] [IngestionJob] [INFO] [IngestionJob]   Page 27...
[2026-02-02T00:12:04.667+0000] {base_job.py:109} INFO - [IngestionJob]   Page 27...
[2026-02-02T00:12:05.226+0000] {logging_mixin.py:190} INFO - [2026-02-02 00:12:05] [IngestionJob] [INFO] [IngestionJob]   Page 27: 200 records (Total: 5400)
[2026-02-02T00:12:05.225+0000] {base_job.py:109} INFO - [IngestionJob]   Page 27: 200 records (Total: 5400)
[2026-02-02T00:12:05.433+0000] {logging_mixin.py:190} INFO - [2026-02-02 00:12:05] [IngestionJob] [INFO] [IngestionJob]   Page 28...
[2026-02-02T00:12:05.433+0000] {base_job.py:109} INFO - [IngestionJob]   Page 28...
[2026-02-02T00:12:05.992+0000] {logging_mixin.py:190} INFO - [2026-02-02 00:12:05] [IngestionJob] [INFO] [IngestionJob]   Page 28: 200 records (Total: 5600)
[2026-02-02T00:12:05.991+0000] {base_job.py:109} INFO - [IngestionJob]   Page 28: 200 records (Total: 5600)
[2026-02-02T00:12:06.197+0000] {logging_mixin.py:190} INFO - [2026-02-02 00:12:06] [IngestionJob] [INFO] [IngestionJob]   Page 29...
[2026-02-02T00:12:06.197+0000] {base_job.py:109} INFO - [IngestionJob]   Page 29...
[2026-02-02T00:12:06.763+0000] {logging_mixin.py:190} INFO - [2026-02-02 00:12:06] [IngestionJob] [INFO] [IngestionJob]   Page 29: 200 records (Total: 5800)
[2026-02-02T00:12:06.762+0000] {base_job.py:109} INFO - [IngestionJob]   Page 29: 200 records (Total: 5800)
[2026-02-02T00:12:06.967+0000] {logging_mixin.py:190} INFO - [2026-02-02 00:12:06] [IngestionJob] [INFO] [IngestionJob]   Page 30...
[2026-02-02T00:12:06.966+0000] {base_job.py:109} INFO - [IngestionJob]   Page 30...
[2026-02-02T00:12:07.516+0000] {logging_mixin.py:190} INFO - [2026-02-02 00:12:07] [IngestionJob] [INFO] [IngestionJob]   Page 30: 200 records (Total: 6000)
[2026-02-02T00:12:07.516+0000] {base_job.py:109} INFO - [IngestionJob]   Page 30: 200 records (Total: 6000)
[2026-02-02T00:12:07.723+0000] {logging_mixin.py:190} INFO - [2026-02-02 00:12:07] [IngestionJob] [INFO] [IngestionJob]   Page 31...
[2026-02-02T00:12:07.723+0000] {base_job.py:109} INFO - [IngestionJob]   Page 31...
[2026-02-02T00:12:08.297+0000] {logging_mixin.py:190} INFO - [2026-02-02 00:12:08] [IngestionJob] [INFO] [IngestionJob]   Page 31: 200 records (Total: 6200)
[2026-02-02T00:12:08.297+0000] {base_job.py:109} INFO - [IngestionJob]   Page 31: 200 records (Total: 6200)
[2026-02-02T00:12:08.500+0000] {logging_mixin.py:190} INFO - [2026-02-02 00:12:08] [IngestionJob] [INFO] [IngestionJob]   Page 32...
[2026-02-02T00:12:08.500+0000] {base_job.py:109} INFO - [IngestionJob]   Page 32...
[2026-02-02T00:12:09.052+0000] {logging_mixin.py:190} INFO - [2026-02-02 00:12:09] [IngestionJob] [INFO] [IngestionJob]   Page 32: 200 records (Total: 6400)
[2026-02-02T00:12:09.052+0000] {base_job.py:109} INFO - [IngestionJob]   Page 32: 200 records (Total: 6400)
[2026-02-02T00:12:09.258+0000] {logging_mixin.py:190} INFO - [2026-02-02 00:12:09] [IngestionJob] [INFO] [IngestionJob]   Page 33...
[2026-02-02T00:12:09.258+0000] {base_job.py:109} INFO - [IngestionJob]   Page 33...
[2026-02-02T00:12:09.761+0000] {logging_mixin.py:190} INFO - [2026-02-02 00:12:09] [IngestionJob] [INFO] [IngestionJob]   Page 33: 200 records (Total: 6600)
[2026-02-02T00:12:09.761+0000] {base_job.py:109} INFO - [IngestionJob]   Page 33: 200 records (Total: 6600)
[2026-02-02T00:12:09.964+0000] {logging_mixin.py:190} INFO - [2026-02-02 00:12:09] [IngestionJob] [INFO] [IngestionJob]   Page 34...
[2026-02-02T00:12:09.964+0000] {base_job.py:109} INFO - [IngestionJob]   Page 34...
[2026-02-02T00:12:10.481+0000] {logging_mixin.py:190} INFO - [2026-02-02 00:12:10] [IngestionJob] [INFO] [IngestionJob]   Page 34: 200 records (Total: 6800)
[2026-02-02T00:12:10.480+0000] {base_job.py:109} INFO - [IngestionJob]   Page 34: 200 records (Total: 6800)
[2026-02-02T00:12:10.687+0000] {logging_mixin.py:190} INFO - [2026-02-02 00:12:10] [IngestionJob] [INFO] [IngestionJob]   Page 35...
[2026-02-02T00:12:10.687+0000] {base_job.py:109} INFO - [IngestionJob]   Page 35...
[2026-02-02T00:12:11.268+0000] {logging_mixin.py:190} INFO - [2026-02-02 00:12:11] [IngestionJob] [INFO] [IngestionJob]   Page 35: 200 records (Total: 7000)
[2026-02-02T00:12:11.268+0000] {base_job.py:109} INFO - [IngestionJob]   Page 35: 200 records (Total: 7000)
[2026-02-02T00:12:11.473+0000] {logging_mixin.py:190} INFO - [2026-02-02 00:12:11] [IngestionJob] [INFO] [IngestionJob]   Page 36...
[2026-02-02T00:12:11.473+0000] {base_job.py:109} INFO - [IngestionJob]   Page 36...
[2026-02-02T00:12:11.981+0000] {logging_mixin.py:190} INFO - [2026-02-02 00:12:11] [IngestionJob] [INFO] [IngestionJob]   Page 36: 200 records (Total: 7200)
[2026-02-02T00:12:11.979+0000] {base_job.py:109} INFO - [IngestionJob]   Page 36: 200 records (Total: 7200)
[2026-02-02T00:12:12.186+0000] {logging_mixin.py:190} INFO - [2026-02-02 00:12:12] [IngestionJob] [INFO] [IngestionJob]   Page 37...
[2026-02-02T00:12:12.186+0000] {base_job.py:109} INFO - [IngestionJob]   Page 37...
[2026-02-02T00:12:12.703+0000] {logging_mixin.py:190} INFO - [2026-02-02 00:12:12] [IngestionJob] [INFO] [IngestionJob]   Page 37: 200 records (Total: 7400)
[2026-02-02T00:12:12.703+0000] {base_job.py:109} INFO - [IngestionJob]   Page 37: 200 records (Total: 7400)
[2026-02-02T00:12:12.909+0000] {logging_mixin.py:190} INFO - [2026-02-02 00:12:12] [IngestionJob] [INFO] [IngestionJob]   Page 38...
[2026-02-02T00:12:12.909+0000] {base_job.py:109} INFO - [IngestionJob]   Page 38...
[2026-02-02T00:12:13.445+0000] {logging_mixin.py:190} INFO - [2026-02-02 00:12:13] [IngestionJob] [INFO] [IngestionJob]   Page 38: 200 records (Total: 7600)
[2026-02-02T00:12:13.445+0000] {base_job.py:109} INFO - [IngestionJob]   Page 38: 200 records (Total: 7600)
[2026-02-02T00:12:13.652+0000] {logging_mixin.py:190} INFO - [2026-02-02 00:12:13] [IngestionJob] [INFO] [IngestionJob]   Page 39...
[2026-02-02T00:12:13.652+0000] {base_job.py:109} INFO - [IngestionJob]   Page 39...
[2026-02-02T00:12:14.122+0000] {logging_mixin.py:190} INFO - [2026-02-02 00:12:14] [IngestionJob] [INFO] [IngestionJob]   Page 39: 200 records (Total: 7800)
[2026-02-02T00:12:14.122+0000] {base_job.py:109} INFO - [IngestionJob]   Page 39: 200 records (Total: 7800)
[2026-02-02T00:12:14.329+0000] {logging_mixin.py:190} INFO - [2026-02-02 00:12:14] [IngestionJob] [INFO] [IngestionJob]   Page 40...
[2026-02-02T00:12:14.329+0000] {base_job.py:109} INFO - [IngestionJob]   Page 40...
[2026-02-02T00:12:14.827+0000] {logging_mixin.py:190} INFO - [2026-02-02 00:12:14] [IngestionJob] [INFO] [IngestionJob]   Page 40: 200 records (Total: 8000)
[2026-02-02T00:12:14.826+0000] {base_job.py:109} INFO - [IngestionJob]   Page 40: 200 records (Total: 8000)
[2026-02-02T00:12:15.033+0000] {logging_mixin.py:190} INFO - [2026-02-02 00:12:15] [IngestionJob] [INFO] [IngestionJob]   Page 41...
[2026-02-02T00:12:15.033+0000] {base_job.py:109} INFO - [IngestionJob]   Page 41...
[2026-02-02T00:12:15.528+0000] {logging_mixin.py:190} INFO - [2026-02-02 00:12:15] [IngestionJob] [INFO] [IngestionJob]   Page 41: 200 records (Total: 8200)
[2026-02-02T00:12:15.528+0000] {base_job.py:109} INFO - [IngestionJob]   Page 41: 200 records (Total: 8200)
[2026-02-02T00:12:15.735+0000] {logging_mixin.py:190} INFO - [2026-02-02 00:12:15] [IngestionJob] [INFO] [IngestionJob]   Page 42...
[2026-02-02T00:12:15.735+0000] {base_job.py:109} INFO - [IngestionJob]   Page 42...
[2026-02-02T00:12:16.265+0000] {logging_mixin.py:190} INFO - [2026-02-02 00:12:16] [IngestionJob] [INFO] [IngestionJob]   Page 42: 200 records (Total: 8400)
[2026-02-02T00:12:16.265+0000] {base_job.py:109} INFO - [IngestionJob]   Page 42: 200 records (Total: 8400)
[2026-02-02T00:12:16.469+0000] {logging_mixin.py:190} INFO - [2026-02-02 00:12:16] [IngestionJob] [INFO] [IngestionJob]   Page 43...
[2026-02-02T00:12:16.468+0000] {base_job.py:109} INFO - [IngestionJob]   Page 43...
[2026-02-02T00:12:16.962+0000] {logging_mixin.py:190} INFO - [2026-02-02 00:12:16] [IngestionJob] [INFO] [IngestionJob]   Page 43: 200 records (Total: 8600)
[2026-02-02T00:12:16.962+0000] {base_job.py:109} INFO - [IngestionJob]   Page 43: 200 records (Total: 8600)
[2026-02-02T00:12:17.165+0000] {logging_mixin.py:190} INFO - [2026-02-02 00:12:17] [IngestionJob] [INFO] [IngestionJob]   Page 44...
[2026-02-02T00:12:17.165+0000] {base_job.py:109} INFO - [IngestionJob]   Page 44...
[2026-02-02T00:12:17.623+0000] {logging_mixin.py:190} INFO - [2026-02-02 00:12:17] [IngestionJob] [INFO] [IngestionJob]   Page 44: 200 records (Total: 8800)
[2026-02-02T00:12:17.623+0000] {base_job.py:109} INFO - [IngestionJob]   Page 44: 200 records (Total: 8800)
[2026-02-02T00:12:17.829+0000] {logging_mixin.py:190} INFO - [2026-02-02 00:12:17] [IngestionJob] [INFO] [IngestionJob]   Page 45...
[2026-02-02T00:12:17.829+0000] {base_job.py:109} INFO - [IngestionJob]   Page 45...
[2026-02-02T00:12:18.341+0000] {logging_mixin.py:190} INFO - [2026-02-02 00:12:18] [IngestionJob] [INFO] [IngestionJob]   Page 45: 200 records (Total: 9000)
[2026-02-02T00:12:18.341+0000] {base_job.py:109} INFO - [IngestionJob]   Page 45: 200 records (Total: 9000)
[2026-02-02T00:12:18.544+0000] {logging_mixin.py:190} INFO - [2026-02-02 00:12:18] [IngestionJob] [INFO] [IngestionJob]   Page 46...
[2026-02-02T00:12:18.544+0000] {base_job.py:109} INFO - [IngestionJob]   Page 46...
[2026-02-02T00:12:18.906+0000] {logging_mixin.py:190} INFO - [2026-02-02 00:12:18] [IngestionJob] [INFO] [IngestionJob]   Page 46: 83 records (Total: 9083)
[2026-02-02T00:12:18.906+0000] {base_job.py:109} INFO - [IngestionJob]   Page 46: 83 records (Total: 9083)
[2026-02-02T00:12:19.110+0000] {logging_mixin.py:190} INFO - [2026-02-02 00:12:19] [IngestionJob] [INFO] [IngestionJob]   Page 47...
[2026-02-02T00:12:19.110+0000] {base_job.py:109} INFO - [IngestionJob]   Page 47...
[2026-02-02T00:12:19.456+0000] {logging_mixin.py:190} INFO - [2026-02-02 00:12:19] [IngestionJob] [INFO] [IngestionJob] Pagination complete. Total pages: 46
[2026-02-02T00:12:19.456+0000] {base_job.py:109} INFO - [IngestionJob] Pagination complete. Total pages: 46
[2026-02-02T00:12:21.352+0000] {logging_mixin.py:190} INFO - [2026-02-02 00:12:21] [IngestionJob] [INFO] [IngestionJob] DataFrame created with 9083 records
[2026-02-02T00:12:21.351+0000] {base_job.py:109} INFO - [IngestionJob] DataFrame created with 9083 records
[2026-02-02T00:12:22.239+0000] {logging_mixin.py:190} INFO - [2026-02-02 00:12:22] [IngestionJob] [INFO] [IngestionJob] ✅ Ingestion completed! 9083 records written to bronze/breweries/created_at=2026-02-02
[2026-02-02T00:12:22.239+0000] {base_job.py:109} INFO - [IngestionJob] ✅ Ingestion completed! 9083 records written to bronze/breweries/created_at=2026-02-02
[2026-02-02T00:12:22.243+0000] {logging_mixin.py:190} INFO - [2026-02-02 00:12:22] [IngestionJob] [INFO] [IngestionJob] Job completed successfully
[2026-02-02T00:12:22.243+0000] {base_job.py:109} INFO - [IngestionJob] Job completed successfully
[2026-02-02T00:12:22.244+0000] {python.py:240} INFO - Done. Returned value was: None
[2026-02-02T00:12:22.261+0000] {taskinstance.py:340} INFO - ::group::Post task execution logs
[2026-02-02T00:12:22.261+0000] {taskinstance.py:352} INFO - Marking task as SUCCESS. dag_id=bees_brewery_medallion, task_id=ingestion_bronze, run_id=manual__2026-02-02T00:11:36+00:00, execution_date=20260202T001136, start_date=20260202T001143, end_date=20260202T001222
[2026-02-02T00:12:22.299+0000] {local_task_job_runner.py:261} INFO - Task exited with return code 0
[2026-02-02T00:12:22.317+0000] {taskinstance.py:3891} INFO - 1 downstream tasks scheduled from follow-on schedule check
[2026-02-02T00:12:22.318+0000] {local_task_job_runner.py:240} INFO - ::endgroup::
