[2026-02-02T00:07:39.406+0000] {local_task_job_runner.py:123} INFO - ::group::Pre task execution logs
[2026-02-02T00:07:39.410+0000] {taskinstance.py:2603} INFO - Dependencies all met for dep_context=non-requeueable deps ti=<TaskInstance: bees_brewery_medallion.ingestion_bronze manual__2026-02-02T00:07:37+00:00 [queued]>
[2026-02-02T00:07:39.412+0000] {taskinstance.py:2603} INFO - Dependencies all met for dep_context=requeueable deps ti=<TaskInstance: bees_brewery_medallion.ingestion_bronze manual__2026-02-02T00:07:37+00:00 [queued]>
[2026-02-02T00:07:39.412+0000] {taskinstance.py:2856} INFO - Starting attempt 1 of 3
[2026-02-02T00:07:39.416+0000] {taskinstance.py:2879} INFO - Executing <Task(PythonOperator): ingestion_bronze> on 2026-02-02 00:07:37+00:00
[2026-02-02T00:07:39.418+0000] {logging_mixin.py:190} WARNING - /home/***/.local/lib/python3.12/site-packages/***/task/task_runner/standard_task_runner.py:70 DeprecationWarning: This process (pid=176) is multi-threaded, use of fork() may lead to deadlocks in the child.
[2026-02-02T00:07:39.419+0000] {standard_task_runner.py:72} INFO - Started process 177 to run task
[2026-02-02T00:07:39.419+0000] {standard_task_runner.py:104} INFO - Running: ['***', 'tasks', 'run', 'bees_brewery_medallion', 'ingestion_bronze', 'manual__2026-02-02T00:07:37+00:00', '--job-id', '28', '--raw', '--subdir', 'DAGS_FOLDER/bees_brewery_dag.py', '--cfg-path', '/tmp/tmpq2qlxnyu']
[2026-02-02T00:07:39.419+0000] {standard_task_runner.py:105} INFO - Job 28: Subtask ingestion_bronze
[2026-02-02T00:07:39.424+0000] {logging_mixin.py:190} WARNING - /home/***/.local/lib/python3.12/site-packages/***/settings.py:209 DeprecationWarning: The sql_alchemy_conn option in [core] has been moved to the sql_alchemy_conn option in [database] - the old setting has been used, but please update your config.
[2026-02-02T00:07:39.434+0000] {task_command.py:467} INFO - Running <TaskInstance: bees_brewery_medallion.ingestion_bronze manual__2026-02-02T00:07:37+00:00 [running]> on host 94f5d347c827
[2026-02-02T00:07:39.458+0000] {taskinstance.py:3122} INFO - Exporting env vars: AIRFLOW_CTX_DAG_OWNER='bees-data-engineering' AIRFLOW_CTX_DAG_ID='bees_brewery_medallion' AIRFLOW_CTX_TASK_ID='ingestion_bronze' AIRFLOW_CTX_EXECUTION_DATE='2026-02-02T00:07:37+00:00' AIRFLOW_CTX_TRY_NUMBER='1' AIRFLOW_CTX_DAG_RUN_ID='manual__2026-02-02T00:07:37+00:00'
[2026-02-02T00:07:39.458+0000] {taskinstance.py:731} INFO - ::endgroup::
[2026-02-02T00:07:39.462+0000] {bees_brewery_dag.py:59} INFO - Starting ingestion job...
[2026-02-02T00:07:41.555+0000] {logging_mixin.py:190} INFO - [2026-02-02 00:07:41] [IngestionJob] [INFO] [IngestionJob] Starting ingestion from Open Brewery DB API...
[2026-02-02T00:07:41.554+0000] {base_job.py:109} INFO - [IngestionJob] Starting ingestion from Open Brewery DB API...
[2026-02-02T00:07:41.555+0000] {logging_mixin.py:190} INFO - [2026-02-02 00:07:41] [IngestionJob] [INFO] [IngestionJob] Fetching from https://api.openbrewerydb.org/v1/breweries
[2026-02-02T00:07:41.555+0000] {base_job.py:109} INFO - [IngestionJob] Fetching from https://api.openbrewerydb.org/v1/breweries
[2026-02-02T00:07:41.556+0000] {logging_mixin.py:190} INFO - [2026-02-02 00:07:41] [IngestionJob] [INFO] [IngestionJob]   Page 1...
[2026-02-02T00:07:41.556+0000] {base_job.py:109} INFO - [IngestionJob]   Page 1...
[2026-02-02T00:07:41.779+0000] {logging_mixin.py:190} INFO - [2026-02-02 00:07:41] [IngestionJob] [INFO] [IngestionJob]   Page 1: 200 records (Total: 200)
[2026-02-02T00:07:41.779+0000] {base_job.py:109} INFO - [IngestionJob]   Page 1: 200 records (Total: 200)
[2026-02-02T00:07:41.984+0000] {logging_mixin.py:190} INFO - [2026-02-02 00:07:41] [IngestionJob] [INFO] [IngestionJob]   Page 2...
[2026-02-02T00:07:41.984+0000] {base_job.py:109} INFO - [IngestionJob]   Page 2...
[2026-02-02T00:07:42.039+0000] {logging_mixin.py:190} INFO - [2026-02-02 00:07:42] [IngestionJob] [INFO] [IngestionJob]   Page 2: 200 records (Total: 400)
[2026-02-02T00:07:42.039+0000] {base_job.py:109} INFO - [IngestionJob]   Page 2: 200 records (Total: 400)
[2026-02-02T00:07:42.241+0000] {logging_mixin.py:190} INFO - [2026-02-02 00:07:42] [IngestionJob] [INFO] [IngestionJob]   Page 3...
[2026-02-02T00:07:42.241+0000] {base_job.py:109} INFO - [IngestionJob]   Page 3...
[2026-02-02T00:07:42.293+0000] {logging_mixin.py:190} INFO - [2026-02-02 00:07:42] [IngestionJob] [INFO] [IngestionJob]   Page 3: 200 records (Total: 600)
[2026-02-02T00:07:42.292+0000] {base_job.py:109} INFO - [IngestionJob]   Page 3: 200 records (Total: 600)
[2026-02-02T00:07:42.494+0000] {logging_mixin.py:190} INFO - [2026-02-02 00:07:42] [IngestionJob] [INFO] [IngestionJob]   Page 4...
[2026-02-02T00:07:42.494+0000] {base_job.py:109} INFO - [IngestionJob]   Page 4...
[2026-02-02T00:07:42.543+0000] {logging_mixin.py:190} INFO - [2026-02-02 00:07:42] [IngestionJob] [INFO] [IngestionJob]   Page 4: 200 records (Total: 800)
[2026-02-02T00:07:42.543+0000] {base_job.py:109} INFO - [IngestionJob]   Page 4: 200 records (Total: 800)
[2026-02-02T00:07:42.746+0000] {logging_mixin.py:190} INFO - [2026-02-02 00:07:42] [IngestionJob] [INFO] [IngestionJob]   Page 5...
[2026-02-02T00:07:42.746+0000] {base_job.py:109} INFO - [IngestionJob]   Page 5...
[2026-02-02T00:07:42.800+0000] {logging_mixin.py:190} INFO - [2026-02-02 00:07:42] [IngestionJob] [INFO] [IngestionJob]   Page 5: 200 records (Total: 1000)
[2026-02-02T00:07:42.800+0000] {base_job.py:109} INFO - [IngestionJob]   Page 5: 200 records (Total: 1000)
[2026-02-02T00:07:43.004+0000] {logging_mixin.py:190} INFO - [2026-02-02 00:07:43] [IngestionJob] [INFO] [IngestionJob]   Page 6...
[2026-02-02T00:07:43.003+0000] {base_job.py:109} INFO - [IngestionJob]   Page 6...
[2026-02-02T00:07:43.058+0000] {logging_mixin.py:190} INFO - [2026-02-02 00:07:43] [IngestionJob] [INFO] [IngestionJob]   Page 6: 200 records (Total: 1200)
[2026-02-02T00:07:43.057+0000] {base_job.py:109} INFO - [IngestionJob]   Page 6: 200 records (Total: 1200)
[2026-02-02T00:07:43.261+0000] {logging_mixin.py:190} INFO - [2026-02-02 00:07:43] [IngestionJob] [INFO] [IngestionJob]   Page 7...
[2026-02-02T00:07:43.260+0000] {base_job.py:109} INFO - [IngestionJob]   Page 7...
[2026-02-02T00:07:43.310+0000] {logging_mixin.py:190} INFO - [2026-02-02 00:07:43] [IngestionJob] [INFO] [IngestionJob]   Page 7: 200 records (Total: 1400)
[2026-02-02T00:07:43.310+0000] {base_job.py:109} INFO - [IngestionJob]   Page 7: 200 records (Total: 1400)
[2026-02-02T00:07:43.512+0000] {logging_mixin.py:190} INFO - [2026-02-02 00:07:43] [IngestionJob] [INFO] [IngestionJob]   Page 8...
[2026-02-02T00:07:43.512+0000] {base_job.py:109} INFO - [IngestionJob]   Page 8...
[2026-02-02T00:07:43.566+0000] {logging_mixin.py:190} INFO - [2026-02-02 00:07:43] [IngestionJob] [INFO] [IngestionJob]   Page 8: 200 records (Total: 1600)
[2026-02-02T00:07:43.566+0000] {base_job.py:109} INFO - [IngestionJob]   Page 8: 200 records (Total: 1600)
[2026-02-02T00:07:43.771+0000] {logging_mixin.py:190} INFO - [2026-02-02 00:07:43] [IngestionJob] [INFO] [IngestionJob]   Page 9...
[2026-02-02T00:07:43.771+0000] {base_job.py:109} INFO - [IngestionJob]   Page 9...
[2026-02-02T00:07:43.837+0000] {logging_mixin.py:190} INFO - [2026-02-02 00:07:43] [IngestionJob] [INFO] [IngestionJob]   Page 9: 200 records (Total: 1800)
[2026-02-02T00:07:43.836+0000] {base_job.py:109} INFO - [IngestionJob]   Page 9: 200 records (Total: 1800)
[2026-02-02T00:07:44.040+0000] {logging_mixin.py:190} INFO - [2026-02-02 00:07:44] [IngestionJob] [INFO] [IngestionJob]   Page 10...
[2026-02-02T00:07:44.040+0000] {base_job.py:109} INFO - [IngestionJob]   Page 10...
[2026-02-02T00:07:44.091+0000] {logging_mixin.py:190} INFO - [2026-02-02 00:07:44] [IngestionJob] [INFO] [IngestionJob]   Page 10: 200 records (Total: 2000)
[2026-02-02T00:07:44.091+0000] {base_job.py:109} INFO - [IngestionJob]   Page 10: 200 records (Total: 2000)
[2026-02-02T00:07:44.293+0000] {logging_mixin.py:190} INFO - [2026-02-02 00:07:44] [IngestionJob] [INFO] [IngestionJob]   Page 11...
[2026-02-02T00:07:44.293+0000] {base_job.py:109} INFO - [IngestionJob]   Page 11...
[2026-02-02T00:07:44.344+0000] {logging_mixin.py:190} INFO - [2026-02-02 00:07:44] [IngestionJob] [INFO] [IngestionJob]   Page 11: 200 records (Total: 2200)
[2026-02-02T00:07:44.343+0000] {base_job.py:109} INFO - [IngestionJob]   Page 11: 200 records (Total: 2200)
[2026-02-02T00:07:44.547+0000] {logging_mixin.py:190} INFO - [2026-02-02 00:07:44] [IngestionJob] [INFO] [IngestionJob]   Page 12...
[2026-02-02T00:07:44.547+0000] {base_job.py:109} INFO - [IngestionJob]   Page 12...
[2026-02-02T00:07:44.595+0000] {logging_mixin.py:190} INFO - [2026-02-02 00:07:44] [IngestionJob] [INFO] [IngestionJob]   Page 12: 200 records (Total: 2400)
[2026-02-02T00:07:44.595+0000] {base_job.py:109} INFO - [IngestionJob]   Page 12: 200 records (Total: 2400)
[2026-02-02T00:07:44.798+0000] {logging_mixin.py:190} INFO - [2026-02-02 00:07:44] [IngestionJob] [INFO] [IngestionJob]   Page 13...
[2026-02-02T00:07:44.797+0000] {base_job.py:109} INFO - [IngestionJob]   Page 13...
[2026-02-02T00:07:44.849+0000] {logging_mixin.py:190} INFO - [2026-02-02 00:07:44] [IngestionJob] [INFO] [IngestionJob]   Page 13: 200 records (Total: 2600)
[2026-02-02T00:07:44.849+0000] {base_job.py:109} INFO - [IngestionJob]   Page 13: 200 records (Total: 2600)
[2026-02-02T00:07:45.057+0000] {logging_mixin.py:190} INFO - [2026-02-02 00:07:45] [IngestionJob] [INFO] [IngestionJob]   Page 14...
[2026-02-02T00:07:45.056+0000] {base_job.py:109} INFO - [IngestionJob]   Page 14...
[2026-02-02T00:07:45.113+0000] {logging_mixin.py:190} INFO - [2026-02-02 00:07:45] [IngestionJob] [INFO] [IngestionJob]   Page 14: 200 records (Total: 2800)
[2026-02-02T00:07:45.113+0000] {base_job.py:109} INFO - [IngestionJob]   Page 14: 200 records (Total: 2800)
[2026-02-02T00:07:45.315+0000] {logging_mixin.py:190} INFO - [2026-02-02 00:07:45] [IngestionJob] [INFO] [IngestionJob]   Page 15...
[2026-02-02T00:07:45.315+0000] {base_job.py:109} INFO - [IngestionJob]   Page 15...
[2026-02-02T00:07:45.365+0000] {logging_mixin.py:190} INFO - [2026-02-02 00:07:45] [IngestionJob] [INFO] [IngestionJob]   Page 15: 200 records (Total: 3000)
[2026-02-02T00:07:45.365+0000] {base_job.py:109} INFO - [IngestionJob]   Page 15: 200 records (Total: 3000)
[2026-02-02T00:07:45.569+0000] {logging_mixin.py:190} INFO - [2026-02-02 00:07:45] [IngestionJob] [INFO] [IngestionJob]   Page 16...
[2026-02-02T00:07:45.569+0000] {base_job.py:109} INFO - [IngestionJob]   Page 16...
[2026-02-02T00:07:45.619+0000] {logging_mixin.py:190} INFO - [2026-02-02 00:07:45] [IngestionJob] [INFO] [IngestionJob]   Page 16: 200 records (Total: 3200)
[2026-02-02T00:07:45.619+0000] {base_job.py:109} INFO - [IngestionJob]   Page 16: 200 records (Total: 3200)
[2026-02-02T00:07:45.823+0000] {logging_mixin.py:190} INFO - [2026-02-02 00:07:45] [IngestionJob] [INFO] [IngestionJob]   Page 17...
[2026-02-02T00:07:45.822+0000] {base_job.py:109} INFO - [IngestionJob]   Page 17...
[2026-02-02T00:07:45.875+0000] {logging_mixin.py:190} INFO - [2026-02-02 00:07:45] [IngestionJob] [INFO] [IngestionJob]   Page 17: 200 records (Total: 3400)
[2026-02-02T00:07:45.875+0000] {base_job.py:109} INFO - [IngestionJob]   Page 17: 200 records (Total: 3400)
[2026-02-02T00:07:46.078+0000] {logging_mixin.py:190} INFO - [2026-02-02 00:07:46] [IngestionJob] [INFO] [IngestionJob]   Page 18...
[2026-02-02T00:07:46.078+0000] {base_job.py:109} INFO - [IngestionJob]   Page 18...
[2026-02-02T00:07:46.134+0000] {logging_mixin.py:190} INFO - [2026-02-02 00:07:46] [IngestionJob] [INFO] [IngestionJob]   Page 18: 200 records (Total: 3600)
[2026-02-02T00:07:46.133+0000] {base_job.py:109} INFO - [IngestionJob]   Page 18: 200 records (Total: 3600)
[2026-02-02T00:07:46.336+0000] {logging_mixin.py:190} INFO - [2026-02-02 00:07:46] [IngestionJob] [INFO] [IngestionJob]   Page 19...
[2026-02-02T00:07:46.335+0000] {base_job.py:109} INFO - [IngestionJob]   Page 19...
[2026-02-02T00:07:46.386+0000] {logging_mixin.py:190} INFO - [2026-02-02 00:07:46] [IngestionJob] [INFO] [IngestionJob]   Page 19: 200 records (Total: 3800)
[2026-02-02T00:07:46.386+0000] {base_job.py:109} INFO - [IngestionJob]   Page 19: 200 records (Total: 3800)
[2026-02-02T00:07:46.589+0000] {logging_mixin.py:190} INFO - [2026-02-02 00:07:46] [IngestionJob] [INFO] [IngestionJob]   Page 20...
[2026-02-02T00:07:46.588+0000] {base_job.py:109} INFO - [IngestionJob]   Page 20...
[2026-02-02T00:07:46.642+0000] {logging_mixin.py:190} INFO - [2026-02-02 00:07:46] [IngestionJob] [INFO] [IngestionJob]   Page 20: 200 records (Total: 4000)
[2026-02-02T00:07:46.642+0000] {base_job.py:109} INFO - [IngestionJob]   Page 20: 200 records (Total: 4000)
[2026-02-02T00:07:46.844+0000] {logging_mixin.py:190} INFO - [2026-02-02 00:07:46] [IngestionJob] [INFO] [IngestionJob]   Page 21...
[2026-02-02T00:07:46.844+0000] {base_job.py:109} INFO - [IngestionJob]   Page 21...
[2026-02-02T00:07:46.903+0000] {logging_mixin.py:190} INFO - [2026-02-02 00:07:46] [IngestionJob] [INFO] [IngestionJob]   Page 21: 200 records (Total: 4200)
[2026-02-02T00:07:46.903+0000] {base_job.py:109} INFO - [IngestionJob]   Page 21: 200 records (Total: 4200)
[2026-02-02T00:07:47.105+0000] {logging_mixin.py:190} INFO - [2026-02-02 00:07:47] [IngestionJob] [INFO] [IngestionJob]   Page 22...
[2026-02-02T00:07:47.105+0000] {base_job.py:109} INFO - [IngestionJob]   Page 22...
[2026-02-02T00:07:47.162+0000] {logging_mixin.py:190} INFO - [2026-02-02 00:07:47] [IngestionJob] [INFO] [IngestionJob]   Page 22: 200 records (Total: 4400)
[2026-02-02T00:07:47.161+0000] {base_job.py:109} INFO - [IngestionJob]   Page 22: 200 records (Total: 4400)
[2026-02-02T00:07:47.364+0000] {logging_mixin.py:190} INFO - [2026-02-02 00:07:47] [IngestionJob] [INFO] [IngestionJob]   Page 23...
[2026-02-02T00:07:47.363+0000] {base_job.py:109} INFO - [IngestionJob]   Page 23...
[2026-02-02T00:07:47.416+0000] {logging_mixin.py:190} INFO - [2026-02-02 00:07:47] [IngestionJob] [INFO] [IngestionJob]   Page 23: 200 records (Total: 4600)
[2026-02-02T00:07:47.416+0000] {base_job.py:109} INFO - [IngestionJob]   Page 23: 200 records (Total: 4600)
[2026-02-02T00:07:47.619+0000] {logging_mixin.py:190} INFO - [2026-02-02 00:07:47] [IngestionJob] [INFO] [IngestionJob]   Page 24...
[2026-02-02T00:07:47.618+0000] {base_job.py:109} INFO - [IngestionJob]   Page 24...
[2026-02-02T00:07:47.669+0000] {logging_mixin.py:190} INFO - [2026-02-02 00:07:47] [IngestionJob] [INFO] [IngestionJob]   Page 24: 200 records (Total: 4800)
[2026-02-02T00:07:47.669+0000] {base_job.py:109} INFO - [IngestionJob]   Page 24: 200 records (Total: 4800)
[2026-02-02T00:07:47.872+0000] {logging_mixin.py:190} INFO - [2026-02-02 00:07:47] [IngestionJob] [INFO] [IngestionJob]   Page 25...
[2026-02-02T00:07:47.871+0000] {base_job.py:109} INFO - [IngestionJob]   Page 25...
[2026-02-02T00:07:47.923+0000] {logging_mixin.py:190} INFO - [2026-02-02 00:07:47] [IngestionJob] [INFO] [IngestionJob]   Page 25: 200 records (Total: 5000)
[2026-02-02T00:07:47.923+0000] {base_job.py:109} INFO - [IngestionJob]   Page 25: 200 records (Total: 5000)
[2026-02-02T00:07:48.126+0000] {logging_mixin.py:190} INFO - [2026-02-02 00:07:48] [IngestionJob] [INFO] [IngestionJob]   Page 26...
[2026-02-02T00:07:48.125+0000] {base_job.py:109} INFO - [IngestionJob]   Page 26...
[2026-02-02T00:07:48.174+0000] {logging_mixin.py:190} INFO - [2026-02-02 00:07:48] [IngestionJob] [INFO] [IngestionJob]   Page 26: 200 records (Total: 5200)
[2026-02-02T00:07:48.174+0000] {base_job.py:109} INFO - [IngestionJob]   Page 26: 200 records (Total: 5200)
[2026-02-02T00:07:48.377+0000] {logging_mixin.py:190} INFO - [2026-02-02 00:07:48] [IngestionJob] [INFO] [IngestionJob]   Page 27...
[2026-02-02T00:07:48.377+0000] {base_job.py:109} INFO - [IngestionJob]   Page 27...
[2026-02-02T00:07:48.431+0000] {logging_mixin.py:190} INFO - [2026-02-02 00:07:48] [IngestionJob] [INFO] [IngestionJob]   Page 27: 200 records (Total: 5400)
[2026-02-02T00:07:48.431+0000] {base_job.py:109} INFO - [IngestionJob]   Page 27: 200 records (Total: 5400)
[2026-02-02T00:07:48.635+0000] {logging_mixin.py:190} INFO - [2026-02-02 00:07:48] [IngestionJob] [INFO] [IngestionJob]   Page 28...
[2026-02-02T00:07:48.635+0000] {base_job.py:109} INFO - [IngestionJob]   Page 28...
[2026-02-02T00:07:48.687+0000] {logging_mixin.py:190} INFO - [2026-02-02 00:07:48] [IngestionJob] [INFO] [IngestionJob]   Page 28: 200 records (Total: 5600)
[2026-02-02T00:07:48.687+0000] {base_job.py:109} INFO - [IngestionJob]   Page 28: 200 records (Total: 5600)
[2026-02-02T00:07:48.892+0000] {logging_mixin.py:190} INFO - [2026-02-02 00:07:48] [IngestionJob] [INFO] [IngestionJob]   Page 29...
[2026-02-02T00:07:48.892+0000] {base_job.py:109} INFO - [IngestionJob]   Page 29...
[2026-02-02T00:07:48.945+0000] {logging_mixin.py:190} INFO - [2026-02-02 00:07:48] [IngestionJob] [INFO] [IngestionJob]   Page 29: 200 records (Total: 5800)
[2026-02-02T00:07:48.945+0000] {base_job.py:109} INFO - [IngestionJob]   Page 29: 200 records (Total: 5800)
[2026-02-02T00:07:49.147+0000] {logging_mixin.py:190} INFO - [2026-02-02 00:07:49] [IngestionJob] [INFO] [IngestionJob]   Page 30...
[2026-02-02T00:07:49.147+0000] {base_job.py:109} INFO - [IngestionJob]   Page 30...
[2026-02-02T00:07:49.200+0000] {logging_mixin.py:190} INFO - [2026-02-02 00:07:49] [IngestionJob] [INFO] [IngestionJob]   Page 30: 200 records (Total: 6000)
[2026-02-02T00:07:49.200+0000] {base_job.py:109} INFO - [IngestionJob]   Page 30: 200 records (Total: 6000)
[2026-02-02T00:07:49.405+0000] {logging_mixin.py:190} INFO - [2026-02-02 00:07:49] [IngestionJob] [INFO] [IngestionJob]   Page 31...
[2026-02-02T00:07:49.405+0000] {base_job.py:109} INFO - [IngestionJob]   Page 31...
[2026-02-02T00:07:49.472+0000] {logging_mixin.py:190} INFO - [2026-02-02 00:07:49] [IngestionJob] [INFO] [IngestionJob]   Page 31: 200 records (Total: 6200)
[2026-02-02T00:07:49.472+0000] {base_job.py:109} INFO - [IngestionJob]   Page 31: 200 records (Total: 6200)
[2026-02-02T00:07:49.676+0000] {logging_mixin.py:190} INFO - [2026-02-02 00:07:49] [IngestionJob] [INFO] [IngestionJob]   Page 32...
[2026-02-02T00:07:49.676+0000] {base_job.py:109} INFO - [IngestionJob]   Page 32...
[2026-02-02T00:07:49.726+0000] {logging_mixin.py:190} INFO - [2026-02-02 00:07:49] [IngestionJob] [INFO] [IngestionJob]   Page 32: 200 records (Total: 6400)
[2026-02-02T00:07:49.726+0000] {base_job.py:109} INFO - [IngestionJob]   Page 32: 200 records (Total: 6400)
[2026-02-02T00:07:49.928+0000] {logging_mixin.py:190} INFO - [2026-02-02 00:07:49] [IngestionJob] [INFO] [IngestionJob]   Page 33...
[2026-02-02T00:07:49.928+0000] {base_job.py:109} INFO - [IngestionJob]   Page 33...
[2026-02-02T00:07:49.983+0000] {logging_mixin.py:190} INFO - [2026-02-02 00:07:49] [IngestionJob] [INFO] [IngestionJob]   Page 33: 200 records (Total: 6600)
[2026-02-02T00:07:49.983+0000] {base_job.py:109} INFO - [IngestionJob]   Page 33: 200 records (Total: 6600)
[2026-02-02T00:07:50.186+0000] {logging_mixin.py:190} INFO - [2026-02-02 00:07:50] [IngestionJob] [INFO] [IngestionJob]   Page 34...
[2026-02-02T00:07:50.185+0000] {base_job.py:109} INFO - [IngestionJob]   Page 34...
[2026-02-02T00:07:50.243+0000] {logging_mixin.py:190} INFO - [2026-02-02 00:07:50] [IngestionJob] [INFO] [IngestionJob]   Page 34: 200 records (Total: 6800)
[2026-02-02T00:07:50.243+0000] {base_job.py:109} INFO - [IngestionJob]   Page 34: 200 records (Total: 6800)
[2026-02-02T00:07:50.445+0000] {logging_mixin.py:190} INFO - [2026-02-02 00:07:50] [IngestionJob] [INFO] [IngestionJob]   Page 35...
[2026-02-02T00:07:50.445+0000] {base_job.py:109} INFO - [IngestionJob]   Page 35...
[2026-02-02T00:07:50.497+0000] {logging_mixin.py:190} INFO - [2026-02-02 00:07:50] [IngestionJob] [INFO] [IngestionJob]   Page 35: 200 records (Total: 7000)
[2026-02-02T00:07:50.496+0000] {base_job.py:109} INFO - [IngestionJob]   Page 35: 200 records (Total: 7000)
[2026-02-02T00:07:50.701+0000] {logging_mixin.py:190} INFO - [2026-02-02 00:07:50] [IngestionJob] [INFO] [IngestionJob]   Page 36...
[2026-02-02T00:07:50.701+0000] {base_job.py:109} INFO - [IngestionJob]   Page 36...
[2026-02-02T00:07:50.756+0000] {logging_mixin.py:190} INFO - [2026-02-02 00:07:50] [IngestionJob] [INFO] [IngestionJob]   Page 36: 200 records (Total: 7200)
[2026-02-02T00:07:50.756+0000] {base_job.py:109} INFO - [IngestionJob]   Page 36: 200 records (Total: 7200)
[2026-02-02T00:07:50.958+0000] {logging_mixin.py:190} INFO - [2026-02-02 00:07:50] [IngestionJob] [INFO] [IngestionJob]   Page 37...
[2026-02-02T00:07:50.957+0000] {base_job.py:109} INFO - [IngestionJob]   Page 37...
[2026-02-02T00:07:51.004+0000] {logging_mixin.py:190} INFO - [2026-02-02 00:07:51] [IngestionJob] [INFO] [IngestionJob]   Page 37: 200 records (Total: 7400)
[2026-02-02T00:07:51.004+0000] {base_job.py:109} INFO - [IngestionJob]   Page 37: 200 records (Total: 7400)
[2026-02-02T00:07:51.209+0000] {logging_mixin.py:190} INFO - [2026-02-02 00:07:51] [IngestionJob] [INFO] [IngestionJob]   Page 38...
[2026-02-02T00:07:51.209+0000] {base_job.py:109} INFO - [IngestionJob]   Page 38...
[2026-02-02T00:07:51.268+0000] {logging_mixin.py:190} INFO - [2026-02-02 00:07:51] [IngestionJob] [INFO] [IngestionJob]   Page 38: 200 records (Total: 7600)
[2026-02-02T00:07:51.268+0000] {base_job.py:109} INFO - [IngestionJob]   Page 38: 200 records (Total: 7600)
[2026-02-02T00:07:51.470+0000] {logging_mixin.py:190} INFO - [2026-02-02 00:07:51] [IngestionJob] [INFO] [IngestionJob]   Page 39...
[2026-02-02T00:07:51.470+0000] {base_job.py:109} INFO - [IngestionJob]   Page 39...
[2026-02-02T00:07:51.528+0000] {logging_mixin.py:190} INFO - [2026-02-02 00:07:51] [IngestionJob] [INFO] [IngestionJob]   Page 39: 200 records (Total: 7800)
[2026-02-02T00:07:51.528+0000] {base_job.py:109} INFO - [IngestionJob]   Page 39: 200 records (Total: 7800)
[2026-02-02T00:07:51.731+0000] {logging_mixin.py:190} INFO - [2026-02-02 00:07:51] [IngestionJob] [INFO] [IngestionJob]   Page 40...
[2026-02-02T00:07:51.731+0000] {base_job.py:109} INFO - [IngestionJob]   Page 40...
[2026-02-02T00:07:51.787+0000] {logging_mixin.py:190} INFO - [2026-02-02 00:07:51] [IngestionJob] [INFO] [IngestionJob]   Page 40: 200 records (Total: 8000)
[2026-02-02T00:07:51.786+0000] {base_job.py:109} INFO - [IngestionJob]   Page 40: 200 records (Total: 8000)
[2026-02-02T00:07:51.989+0000] {logging_mixin.py:190} INFO - [2026-02-02 00:07:51] [IngestionJob] [INFO] [IngestionJob]   Page 41...
[2026-02-02T00:07:51.989+0000] {base_job.py:109} INFO - [IngestionJob]   Page 41...
[2026-02-02T00:07:52.044+0000] {logging_mixin.py:190} INFO - [2026-02-02 00:07:52] [IngestionJob] [INFO] [IngestionJob]   Page 41: 200 records (Total: 8200)
[2026-02-02T00:07:52.044+0000] {base_job.py:109} INFO - [IngestionJob]   Page 41: 200 records (Total: 8200)
[2026-02-02T00:07:52.248+0000] {logging_mixin.py:190} INFO - [2026-02-02 00:07:52] [IngestionJob] [INFO] [IngestionJob]   Page 42...
[2026-02-02T00:07:52.247+0000] {base_job.py:109} INFO - [IngestionJob]   Page 42...
[2026-02-02T00:07:52.305+0000] {logging_mixin.py:190} INFO - [2026-02-02 00:07:52] [IngestionJob] [INFO] [IngestionJob]   Page 42: 200 records (Total: 8400)
[2026-02-02T00:07:52.305+0000] {base_job.py:109} INFO - [IngestionJob]   Page 42: 200 records (Total: 8400)
[2026-02-02T00:07:52.510+0000] {logging_mixin.py:190} INFO - [2026-02-02 00:07:52] [IngestionJob] [INFO] [IngestionJob]   Page 43...
[2026-02-02T00:07:52.509+0000] {base_job.py:109} INFO - [IngestionJob]   Page 43...
[2026-02-02T00:07:52.564+0000] {logging_mixin.py:190} INFO - [2026-02-02 00:07:52] [IngestionJob] [INFO] [IngestionJob]   Page 43: 200 records (Total: 8600)
[2026-02-02T00:07:52.563+0000] {base_job.py:109} INFO - [IngestionJob]   Page 43: 200 records (Total: 8600)
[2026-02-02T00:07:52.768+0000] {logging_mixin.py:190} INFO - [2026-02-02 00:07:52] [IngestionJob] [INFO] [IngestionJob]   Page 44...
[2026-02-02T00:07:52.767+0000] {base_job.py:109} INFO - [IngestionJob]   Page 44...
[2026-02-02T00:07:52.826+0000] {logging_mixin.py:190} INFO - [2026-02-02 00:07:52] [IngestionJob] [INFO] [IngestionJob]   Page 44: 200 records (Total: 8800)
[2026-02-02T00:07:52.826+0000] {base_job.py:109} INFO - [IngestionJob]   Page 44: 200 records (Total: 8800)
[2026-02-02T00:07:53.029+0000] {logging_mixin.py:190} INFO - [2026-02-02 00:07:53] [IngestionJob] [INFO] [IngestionJob]   Page 45...
[2026-02-02T00:07:53.029+0000] {base_job.py:109} INFO - [IngestionJob]   Page 45...
[2026-02-02T00:07:53.083+0000] {logging_mixin.py:190} INFO - [2026-02-02 00:07:53] [IngestionJob] [INFO] [IngestionJob]   Page 45: 200 records (Total: 9000)
[2026-02-02T00:07:53.083+0000] {base_job.py:109} INFO - [IngestionJob]   Page 45: 200 records (Total: 9000)
[2026-02-02T00:07:53.286+0000] {logging_mixin.py:190} INFO - [2026-02-02 00:07:53] [IngestionJob] [INFO] [IngestionJob]   Page 46...
[2026-02-02T00:07:53.285+0000] {base_job.py:109} INFO - [IngestionJob]   Page 46...
[2026-02-02T00:07:53.333+0000] {logging_mixin.py:190} INFO - [2026-02-02 00:07:53] [IngestionJob] [INFO] [IngestionJob]   Page 46: 83 records (Total: 9083)
[2026-02-02T00:07:53.332+0000] {base_job.py:109} INFO - [IngestionJob]   Page 46: 83 records (Total: 9083)
[2026-02-02T00:07:53.535+0000] {logging_mixin.py:190} INFO - [2026-02-02 00:07:53] [IngestionJob] [INFO] [IngestionJob]   Page 47...
[2026-02-02T00:07:53.535+0000] {base_job.py:109} INFO - [IngestionJob]   Page 47...
[2026-02-02T00:07:53.580+0000] {logging_mixin.py:190} INFO - [2026-02-02 00:07:53] [IngestionJob] [INFO] [IngestionJob] Pagination complete. Total pages: 46
[2026-02-02T00:07:53.580+0000] {base_job.py:109} INFO - [IngestionJob] Pagination complete. Total pages: 46
[2026-02-02T00:07:55.600+0000] {logging_mixin.py:190} INFO - [2026-02-02 00:07:55] [IngestionJob] [INFO] [IngestionJob] DataFrame created with 9083 records
[2026-02-02T00:07:55.599+0000] {base_job.py:109} INFO - [IngestionJob] DataFrame created with 9083 records
[2026-02-02T00:07:56.168+0000] {logging_mixin.py:190} INFO - [2026-02-02 00:07:56] [IngestionJob] [INFO] [IngestionJob] ✅ Ingestion completed! 9083 records written to bronze/breweries/created_at=2026-02-02
[2026-02-02T00:07:56.167+0000] {base_job.py:109} INFO - [IngestionJob] ✅ Ingestion completed! 9083 records written to bronze/breweries/created_at=2026-02-02
[2026-02-02T00:07:56.172+0000] {logging_mixin.py:190} INFO - [2026-02-02 00:07:56] [IngestionJob] [INFO] [IngestionJob] Job completed successfully
[2026-02-02T00:07:56.172+0000] {base_job.py:109} INFO - [IngestionJob] Job completed successfully
[2026-02-02T00:07:56.173+0000] {python.py:240} INFO - Done. Returned value was: None
[2026-02-02T00:07:56.191+0000] {taskinstance.py:340} INFO - ::group::Post task execution logs
[2026-02-02T00:07:56.192+0000] {taskinstance.py:352} INFO - Marking task as SUCCESS. dag_id=bees_brewery_medallion, task_id=ingestion_bronze, run_id=manual__2026-02-02T00:07:37+00:00, execution_date=20260202T000737, start_date=20260202T000739, end_date=20260202T000756
[2026-02-02T00:07:56.224+0000] {local_task_job_runner.py:261} INFO - Task exited with return code 0
[2026-02-02T00:07:56.246+0000] {taskinstance.py:3891} INFO - 1 downstream tasks scheduled from follow-on schedule check
[2026-02-02T00:07:56.247+0000] {local_task_job_runner.py:240} INFO - ::endgroup::
