[2026-02-02T00:07:56.704+0000] {local_task_job_runner.py:123} INFO - ::group::Pre task execution logs
[2026-02-02T00:07:56.711+0000] {taskinstance.py:2603} INFO - Dependencies all met for dep_context=non-requeueable deps ti=<TaskInstance: bees_brewery_medallion.transformation_silver manual__2026-02-02T00:07:37+00:00 [queued]>
[2026-02-02T00:07:56.714+0000] {taskinstance.py:2603} INFO - Dependencies all met for dep_context=requeueable deps ti=<TaskInstance: bees_brewery_medallion.transformation_silver manual__2026-02-02T00:07:37+00:00 [queued]>
[2026-02-02T00:07:56.714+0000] {taskinstance.py:2856} INFO - Starting attempt 1 of 3
[2026-02-02T00:07:56.718+0000] {taskinstance.py:2879} INFO - Executing <Task(PythonOperator): transformation_silver> on 2026-02-02 00:07:37+00:00
[2026-02-02T00:07:56.721+0000] {logging_mixin.py:190} WARNING - /home/***/.local/lib/python3.12/site-packages/***/task/task_runner/standard_task_runner.py:70 DeprecationWarning: This process (pid=485) is multi-threaded, use of fork() may lead to deadlocks in the child.
[2026-02-02T00:07:56.721+0000] {standard_task_runner.py:72} INFO - Started process 486 to run task
[2026-02-02T00:07:56.721+0000] {standard_task_runner.py:104} INFO - Running: ['***', 'tasks', 'run', 'bees_brewery_medallion', 'transformation_silver', 'manual__2026-02-02T00:07:37+00:00', '--job-id', '29', '--raw', '--subdir', 'DAGS_FOLDER/bees_brewery_dag.py', '--cfg-path', '/tmp/tmpv3_4h3_5']
[2026-02-02T00:07:56.723+0000] {standard_task_runner.py:105} INFO - Job 29: Subtask transformation_silver
[2026-02-02T00:07:56.731+0000] {logging_mixin.py:190} WARNING - /home/***/.local/lib/python3.12/site-packages/***/settings.py:209 DeprecationWarning: The sql_alchemy_conn option in [core] has been moved to the sql_alchemy_conn option in [database] - the old setting has been used, but please update your config.
[2026-02-02T00:07:56.748+0000] {task_command.py:467} INFO - Running <TaskInstance: bees_brewery_medallion.transformation_silver manual__2026-02-02T00:07:37+00:00 [running]> on host 94f5d347c827
[2026-02-02T00:07:56.782+0000] {taskinstance.py:3122} INFO - Exporting env vars: AIRFLOW_CTX_DAG_OWNER='bees-data-engineering' AIRFLOW_CTX_DAG_ID='bees_brewery_medallion' AIRFLOW_CTX_TASK_ID='transformation_silver' AIRFLOW_CTX_EXECUTION_DATE='2026-02-02T00:07:37+00:00' AIRFLOW_CTX_TRY_NUMBER='1' AIRFLOW_CTX_DAG_RUN_ID='manual__2026-02-02T00:07:37+00:00'
[2026-02-02T00:07:56.783+0000] {taskinstance.py:731} INFO - ::endgroup::
[2026-02-02T00:07:56.788+0000] {bees_brewery_dag.py:65} INFO - Starting transformation job...
[2026-02-02T00:07:58.930+0000] {logging_mixin.py:190} INFO - [2026-02-02 00:07:58] [TransformationJob] [INFO] [TransformationJob] Starting Silver layer transformation...
[2026-02-02T00:07:58.930+0000] {base_job.py:109} INFO - [TransformationJob] Starting Silver layer transformation...
[2026-02-02T00:08:00.477+0000] {logging_mixin.py:190} INFO - [2026-02-02 00:08:00] [TransformationJob] [INFO] [TransformationJob] Records read from Bronze: 18166
[2026-02-02T00:08:00.477+0000] {base_job.py:109} INFO - [TransformationJob] Records read from Bronze: 18166
[2026-02-02T00:08:00.843+0000] {logging_mixin.py:190} INFO - [2026-02-02 00:08:00] [TransformationJob] [INFO] [TransformationJob] Records after deduplication: 9083 (removed: 9083)
[2026-02-02T00:08:00.843+0000] {base_job.py:109} INFO - [TransformationJob] Records after deduplication: 9083 (removed: 9083)
[2026-02-02T00:08:01.939+0000] {logging_mixin.py:190} INFO - [2026-02-02 00:08:01] [TransformationJob] [INFO] [TransformationJob] ✅ Transformation completed! 9083 records written to silver/breweries
[2026-02-02T00:08:01.939+0000] {base_job.py:109} INFO - [TransformationJob] ✅ Transformation completed! 9083 records written to silver/breweries
[2026-02-02T00:08:01.941+0000] {logging_mixin.py:190} INFO - [2026-02-02 00:08:01] [TransformationJob] [INFO] [TransformationJob] Job completed successfully
[2026-02-02T00:08:01.941+0000] {base_job.py:109} INFO - [TransformationJob] Job completed successfully
[2026-02-02T00:08:01.941+0000] {python.py:240} INFO - Done. Returned value was: None
[2026-02-02T00:08:01.948+0000] {taskinstance.py:340} INFO - ::group::Post task execution logs
[2026-02-02T00:08:01.948+0000] {taskinstance.py:352} INFO - Marking task as SUCCESS. dag_id=bees_brewery_medallion, task_id=transformation_silver, run_id=manual__2026-02-02T00:07:37+00:00, execution_date=20260202T000737, start_date=20260202T000756, end_date=20260202T000801
[2026-02-02T00:08:01.962+0000] {local_task_job_runner.py:261} INFO - Task exited with return code 0
[2026-02-02T00:08:01.973+0000] {taskinstance.py:3891} INFO - 1 downstream tasks scheduled from follow-on schedule check
[2026-02-02T00:08:01.974+0000] {local_task_job_runner.py:240} INFO - ::endgroup::
