[2026-02-02T00:04:46.280+0000] {local_task_job_runner.py:123} INFO - ::group::Pre task execution logs
[2026-02-02T00:04:46.285+0000] {taskinstance.py:2603} INFO - Dependencies all met for dep_context=non-requeueable deps ti=<TaskInstance: bees_brewery_medallion.pipeline_end manual__2026-02-02T00:04:17+00:00 [queued]>
[2026-02-02T00:04:46.287+0000] {taskinstance.py:2603} INFO - Dependencies all met for dep_context=requeueable deps ti=<TaskInstance: bees_brewery_medallion.pipeline_end manual__2026-02-02T00:04:17+00:00 [queued]>
[2026-02-02T00:04:46.287+0000] {taskinstance.py:2856} INFO - Starting attempt 1 of 3
[2026-02-02T00:04:46.291+0000] {taskinstance.py:2879} INFO - Executing <Task(BashOperator): pipeline_end> on 2026-02-02 00:04:17+00:00
[2026-02-02T00:04:46.294+0000] {logging_mixin.py:190} WARNING - /home/***/.local/lib/python3.12/site-packages/***/task/task_runner/standard_task_runner.py:70 DeprecationWarning: This process (pid=1060) is multi-threaded, use of fork() may lead to deadlocks in the child.
[2026-02-02T00:04:46.294+0000] {standard_task_runner.py:72} INFO - Started process 1061 to run task
[2026-02-02T00:04:46.294+0000] {standard_task_runner.py:104} INFO - Running: ['***', 'tasks', 'run', 'bees_brewery_medallion', 'pipeline_end', 'manual__2026-02-02T00:04:17+00:00', '--job-id', '19', '--raw', '--subdir', 'DAGS_FOLDER/bees_brewery_dag.py', '--cfg-path', '/tmp/tmpnvt7l___']
[2026-02-02T00:04:46.295+0000] {standard_task_runner.py:105} INFO - Job 19: Subtask pipeline_end
[2026-02-02T00:04:46.300+0000] {logging_mixin.py:190} WARNING - /home/***/.local/lib/python3.12/site-packages/***/settings.py:209 DeprecationWarning: The sql_alchemy_conn option in [core] has been moved to the sql_alchemy_conn option in [database] - the old setting has been used, but please update your config.
[2026-02-02T00:04:46.311+0000] {task_command.py:467} INFO - Running <TaskInstance: bees_brewery_medallion.pipeline_end manual__2026-02-02T00:04:17+00:00 [running]> on host 94f5d347c827
[2026-02-02T00:04:46.333+0000] {taskinstance.py:3122} INFO - Exporting env vars: AIRFLOW_CTX_DAG_OWNER='bees-data-engineering' AIRFLOW_CTX_DAG_ID='bees_brewery_medallion' AIRFLOW_CTX_TASK_ID='pipeline_end' AIRFLOW_CTX_EXECUTION_DATE='2026-02-02T00:04:17+00:00' AIRFLOW_CTX_TRY_NUMBER='1' AIRFLOW_CTX_DAG_RUN_ID='manual__2026-02-02T00:04:17+00:00'
[2026-02-02T00:04:46.334+0000] {taskinstance.py:731} INFO - ::endgroup::
[2026-02-02T00:04:46.338+0000] {subprocess.py:63} INFO - Tmp dir root location: /tmp
[2026-02-02T00:04:46.338+0000] {subprocess.py:75} INFO - Running command: ['/usr/bin/bash', '-c', 'echo "Pipeline completed successfully at $(date)"']
[2026-02-02T00:04:46.341+0000] {subprocess.py:86} INFO - Output:
[2026-02-02T00:04:46.343+0000] {subprocess.py:93} INFO - Pipeline completed successfully at Mon Feb  2 00:04:46 UTC 2026
[2026-02-02T00:04:46.343+0000] {subprocess.py:97} INFO - Command exited with return code 0
[2026-02-02T00:04:46.350+0000] {taskinstance.py:340} INFO - ::group::Post task execution logs
[2026-02-02T00:04:46.350+0000] {taskinstance.py:352} INFO - Marking task as SUCCESS. dag_id=bees_brewery_medallion, task_id=pipeline_end, run_id=manual__2026-02-02T00:04:17+00:00, execution_date=20260202T000417, start_date=20260202T000446, end_date=20260202T000446
[2026-02-02T00:04:46.355+0000] {local_task_job_runner.py:261} INFO - Task exited with return code 0
[2026-02-02T00:04:46.360+0000] {taskinstance.py:3891} INFO - 0 downstream tasks scheduled from follow-on schedule check
[2026-02-02T00:04:46.361+0000] {local_task_job_runner.py:240} INFO - ::endgroup::
