[2026-02-01T15:39:32.951+0000] {local_task_job_runner.py:123} INFO - ::group::Pre task execution logs
[2026-02-01T15:39:32.957+0000] {taskinstance.py:2603} INFO - Dependencies all met for dep_context=non-requeueable deps ti=<TaskInstance: bees_brewery_medallion.pipeline_start scheduled__2026-01-31T00:00:00+00:00 [queued]>
[2026-02-01T15:39:32.960+0000] {taskinstance.py:2603} INFO - Dependencies all met for dep_context=requeueable deps ti=<TaskInstance: bees_brewery_medallion.pipeline_start scheduled__2026-01-31T00:00:00+00:00 [queued]>
[2026-02-01T15:39:32.960+0000] {taskinstance.py:2856} INFO - Starting attempt 1 of 3
[2026-02-01T15:39:32.964+0000] {taskinstance.py:2879} INFO - Executing <Task(BashOperator): pipeline_start> on 2026-01-31 00:00:00+00:00
[2026-02-01T15:39:32.968+0000] {logging_mixin.py:190} WARNING - /home/***/.local/lib/python3.12/site-packages/***/task/task_runner/standard_task_runner.py:70 DeprecationWarning: This process (pid=171) is multi-threaded, use of fork() may lead to deadlocks in the child.
[2026-02-01T15:39:32.969+0000] {standard_task_runner.py:72} INFO - Started process 172 to run task
[2026-02-01T15:39:32.969+0000] {standard_task_runner.py:104} INFO - Running: ['***', 'tasks', 'run', 'bees_brewery_medallion', 'pipeline_start', 'scheduled__2026-01-31T00:00:00+00:00', '--job-id', '3', '--raw', '--subdir', 'DAGS_FOLDER/bees_brewery_dag.py', '--cfg-path', '/tmp/tmpebi5jl2d']
[2026-02-01T15:39:32.970+0000] {standard_task_runner.py:105} INFO - Job 3: Subtask pipeline_start
[2026-02-01T15:39:32.978+0000] {logging_mixin.py:190} WARNING - /home/***/.local/lib/python3.12/site-packages/***/settings.py:209 DeprecationWarning: The sql_alchemy_conn option in [core] has been moved to the sql_alchemy_conn option in [database] - the old setting has been used, but please update your config.
[2026-02-01T15:39:33.005+0000] {task_command.py:467} INFO - Running <TaskInstance: bees_brewery_medallion.pipeline_start scheduled__2026-01-31T00:00:00+00:00 [running]> on host be3f429597a7
[2026-02-01T15:39:33.006+0000] {logging_mixin.py:190} WARNING - /home/***/.local/lib/python3.12/site-packages/***/settings.py:449 DeprecationWarning: The sql_alchemy_conn option in [core] has been moved to the sql_alchemy_conn option in [database] - the old setting has been used, but please update your config.
[2026-02-01T15:39:33.043+0000] {taskinstance.py:3122} INFO - Exporting env vars: AIRFLOW_CTX_DAG_OWNER='bees-data-engineering' AIRFLOW_CTX_DAG_ID='bees_brewery_medallion' AIRFLOW_CTX_TASK_ID='pipeline_start' AIRFLOW_CTX_EXECUTION_DATE='2026-01-31T00:00:00+00:00' AIRFLOW_CTX_TRY_NUMBER='1' AIRFLOW_CTX_DAG_RUN_ID='scheduled__2026-01-31T00:00:00+00:00'
[2026-02-01T15:39:33.043+0000] {taskinstance.py:731} INFO - ::endgroup::
[2026-02-01T15:39:33.068+0000] {subprocess.py:63} INFO - Tmp dir root location: /tmp
[2026-02-01T15:39:33.069+0000] {subprocess.py:75} INFO - Running command: ['/usr/bin/bash', '-c', 'echo "Starting BEES Brewery Pipeline at $(date)"']
[2026-02-01T15:39:33.084+0000] {subprocess.py:86} INFO - Output:
[2026-02-01T15:39:33.088+0000] {subprocess.py:93} INFO - Starting BEES Brewery Pipeline at Sun Feb  1 15:39:33 UTC 2026
[2026-02-01T15:39:33.089+0000] {subprocess.py:97} INFO - Command exited with return code 0
[2026-02-01T15:39:33.102+0000] {taskinstance.py:340} INFO - ::group::Post task execution logs
[2026-02-01T15:39:33.102+0000] {taskinstance.py:352} INFO - Marking task as SUCCESS. dag_id=bees_brewery_medallion, task_id=pipeline_start, run_id=scheduled__2026-01-31T00:00:00+00:00, execution_date=20260131T000000, start_date=20260201T153932, end_date=20260201T153933
[2026-02-01T15:39:33.154+0000] {local_task_job_runner.py:261} INFO - Task exited with return code 0
[2026-02-01T15:39:33.163+0000] {taskinstance.py:3891} INFO - 1 downstream tasks scheduled from follow-on schedule check
[2026-02-01T15:39:33.164+0000] {local_task_job_runner.py:240} INFO - ::endgroup::
[2026-02-01T23:16:38.429+0000] {local_task_job_runner.py:123} INFO - ::group::Pre task execution logs
[2026-02-01T23:16:38.434+0000] {taskinstance.py:2603} INFO - Dependencies all met for dep_context=non-requeueable deps ti=<TaskInstance: bees_brewery_medallion.pipeline_start scheduled__2026-01-31T00:00:00+00:00 [queued]>
[2026-02-01T23:16:38.436+0000] {taskinstance.py:2603} INFO - Dependencies all met for dep_context=requeueable deps ti=<TaskInstance: bees_brewery_medallion.pipeline_start scheduled__2026-01-31T00:00:00+00:00 [queued]>
[2026-02-01T23:16:38.436+0000] {taskinstance.py:2856} INFO - Starting attempt 1 of 3
[2026-02-01T23:16:38.440+0000] {taskinstance.py:2879} INFO - Executing <Task(BashOperator): pipeline_start> on 2026-01-31 00:00:00+00:00
[2026-02-01T23:16:38.443+0000] {logging_mixin.py:190} WARNING - /home/***/.local/lib/python3.12/site-packages/***/task/task_runner/standard_task_runner.py:70 DeprecationWarning: This process (pid=206) is multi-threaded, use of fork() may lead to deadlocks in the child.
[2026-02-01T23:16:38.443+0000] {standard_task_runner.py:72} INFO - Started process 207 to run task
[2026-02-01T23:16:38.443+0000] {standard_task_runner.py:104} INFO - Running: ['***', 'tasks', 'run', 'bees_brewery_medallion', 'pipeline_start', 'scheduled__2026-01-31T00:00:00+00:00', '--job-id', '2', '--raw', '--subdir', 'DAGS_FOLDER/bees_brewery_dag.py', '--cfg-path', '/tmp/tmpqnazx5d3']
[2026-02-01T23:16:38.445+0000] {standard_task_runner.py:105} INFO - Job 2: Subtask pipeline_start
[2026-02-01T23:16:38.451+0000] {logging_mixin.py:190} WARNING - /home/***/.local/lib/python3.12/site-packages/***/settings.py:209 DeprecationWarning: The sql_alchemy_conn option in [core] has been moved to the sql_alchemy_conn option in [database] - the old setting has been used, but please update your config.
[2026-02-01T23:16:38.466+0000] {task_command.py:467} INFO - Running <TaskInstance: bees_brewery_medallion.pipeline_start scheduled__2026-01-31T00:00:00+00:00 [running]> on host ecfd0852ae01
[2026-02-01T23:16:38.466+0000] {logging_mixin.py:190} WARNING - /home/***/.local/lib/python3.12/site-packages/***/settings.py:449 DeprecationWarning: The sql_alchemy_conn option in [core] has been moved to the sql_alchemy_conn option in [database] - the old setting has been used, but please update your config.
[2026-02-01T23:16:38.491+0000] {taskinstance.py:3122} INFO - Exporting env vars: AIRFLOW_CTX_DAG_OWNER='bees-data-engineering' AIRFLOW_CTX_DAG_ID='bees_brewery_medallion' AIRFLOW_CTX_TASK_ID='pipeline_start' AIRFLOW_CTX_EXECUTION_DATE='2026-01-31T00:00:00+00:00' AIRFLOW_CTX_TRY_NUMBER='1' AIRFLOW_CTX_DAG_RUN_ID='scheduled__2026-01-31T00:00:00+00:00'
[2026-02-01T23:16:38.491+0000] {taskinstance.py:731} INFO - ::endgroup::
[2026-02-01T23:16:38.504+0000] {subprocess.py:63} INFO - Tmp dir root location: /tmp
[2026-02-01T23:16:38.504+0000] {subprocess.py:75} INFO - Running command: ['/usr/bin/bash', '-c', 'echo "Starting BEES Brewery Pipeline at $(date)"']
[2026-02-01T23:16:38.507+0000] {subprocess.py:86} INFO - Output:
[2026-02-01T23:16:38.509+0000] {subprocess.py:93} INFO - Starting BEES Brewery Pipeline at Sun Feb  1 23:16:38 UTC 2026
[2026-02-01T23:16:38.509+0000] {subprocess.py:97} INFO - Command exited with return code 0
[2026-02-01T23:16:38.516+0000] {taskinstance.py:340} INFO - ::group::Post task execution logs
[2026-02-01T23:16:38.516+0000] {taskinstance.py:352} INFO - Marking task as SUCCESS. dag_id=bees_brewery_medallion, task_id=pipeline_start, run_id=scheduled__2026-01-31T00:00:00+00:00, execution_date=20260131T000000, start_date=20260201T231638, end_date=20260201T231638
[2026-02-01T23:16:38.541+0000] {local_task_job_runner.py:261} INFO - Task exited with return code 0
[2026-02-01T23:16:38.549+0000] {taskinstance.py:3891} INFO - 1 downstream tasks scheduled from follow-on schedule check
[2026-02-01T23:16:38.550+0000] {local_task_job_runner.py:240} INFO - ::endgroup::
[2026-02-01T23:22:01.491+0000] {local_task_job_runner.py:123} INFO - ::group::Pre task execution logs
[2026-02-01T23:22:01.498+0000] {taskinstance.py:2603} INFO - Dependencies all met for dep_context=non-requeueable deps ti=<TaskInstance: bees_brewery_medallion.pipeline_start scheduled__2026-01-31T00:00:00+00:00 [queued]>
[2026-02-01T23:22:01.502+0000] {taskinstance.py:2603} INFO - Dependencies all met for dep_context=requeueable deps ti=<TaskInstance: bees_brewery_medallion.pipeline_start scheduled__2026-01-31T00:00:00+00:00 [queued]>
[2026-02-01T23:22:01.502+0000] {taskinstance.py:2856} INFO - Starting attempt 1 of 3
[2026-02-01T23:22:01.508+0000] {taskinstance.py:2879} INFO - Executing <Task(BashOperator): pipeline_start> on 2026-01-31 00:00:00+00:00
[2026-02-01T23:22:01.518+0000] {logging_mixin.py:190} WARNING - /home/***/.local/lib/python3.12/site-packages/***/task/task_runner/standard_task_runner.py:70 DeprecationWarning: This process (pid=171) is multi-threaded, use of fork() may lead to deadlocks in the child.
[2026-02-01T23:22:01.519+0000] {standard_task_runner.py:72} INFO - Started process 172 to run task
[2026-02-01T23:22:01.516+0000] {standard_task_runner.py:104} INFO - Running: ['***', 'tasks', 'run', 'bees_brewery_medallion', 'pipeline_start', 'scheduled__2026-01-31T00:00:00+00:00', '--job-id', '2', '--raw', '--subdir', 'DAGS_FOLDER/bees_brewery_dag.py', '--cfg-path', '/tmp/tmppvlur1gq']
[2026-02-01T23:22:01.521+0000] {standard_task_runner.py:105} INFO - Job 2: Subtask pipeline_start
[2026-02-01T23:22:01.539+0000] {logging_mixin.py:190} WARNING - /home/***/.local/lib/python3.12/site-packages/***/settings.py:209 DeprecationWarning: The sql_alchemy_conn option in [core] has been moved to the sql_alchemy_conn option in [database] - the old setting has been used, but please update your config.
[2026-02-01T23:22:01.565+0000] {task_command.py:467} INFO - Running <TaskInstance: bees_brewery_medallion.pipeline_start scheduled__2026-01-31T00:00:00+00:00 [running]> on host b4bc9f1e0a72
[2026-02-01T23:22:01.566+0000] {logging_mixin.py:190} WARNING - /home/***/.local/lib/python3.12/site-packages/***/settings.py:449 DeprecationWarning: The sql_alchemy_conn option in [core] has been moved to the sql_alchemy_conn option in [database] - the old setting has been used, but please update your config.
[2026-02-01T23:22:01.603+0000] {taskinstance.py:3122} INFO - Exporting env vars: AIRFLOW_CTX_DAG_OWNER='bees-data-engineering' AIRFLOW_CTX_DAG_ID='bees_brewery_medallion' AIRFLOW_CTX_TASK_ID='pipeline_start' AIRFLOW_CTX_EXECUTION_DATE='2026-01-31T00:00:00+00:00' AIRFLOW_CTX_TRY_NUMBER='1' AIRFLOW_CTX_DAG_RUN_ID='scheduled__2026-01-31T00:00:00+00:00'
[2026-02-01T23:22:01.603+0000] {taskinstance.py:731} INFO - ::endgroup::
[2026-02-01T23:22:01.616+0000] {subprocess.py:63} INFO - Tmp dir root location: /tmp
[2026-02-01T23:22:01.616+0000] {subprocess.py:75} INFO - Running command: ['/usr/bin/bash', '-c', 'echo "Starting BEES Brewery Pipeline at $(date)"']
[2026-02-01T23:22:01.620+0000] {subprocess.py:86} INFO - Output:
[2026-02-01T23:22:01.622+0000] {subprocess.py:93} INFO - Starting BEES Brewery Pipeline at Sun Feb  1 23:22:01 UTC 2026
[2026-02-01T23:22:01.622+0000] {subprocess.py:97} INFO - Command exited with return code 0
[2026-02-01T23:22:01.634+0000] {taskinstance.py:340} INFO - ::group::Post task execution logs
[2026-02-01T23:22:01.634+0000] {taskinstance.py:352} INFO - Marking task as SUCCESS. dag_id=bees_brewery_medallion, task_id=pipeline_start, run_id=scheduled__2026-01-31T00:00:00+00:00, execution_date=20260131T000000, start_date=20260201T232201, end_date=20260201T232201
[2026-02-01T23:22:01.661+0000] {local_task_job_runner.py:261} INFO - Task exited with return code 0
[2026-02-01T23:22:01.670+0000] {taskinstance.py:3891} INFO - 1 downstream tasks scheduled from follow-on schedule check
[2026-02-01T23:22:01.670+0000] {local_task_job_runner.py:240} INFO - ::endgroup::
[2026-02-01T23:26:45.291+0000] {local_task_job_runner.py:123} INFO - ::group::Pre task execution logs
[2026-02-01T23:26:45.296+0000] {taskinstance.py:2603} INFO - Dependencies all met for dep_context=non-requeueable deps ti=<TaskInstance: bees_brewery_medallion.pipeline_start scheduled__2026-01-31T00:00:00+00:00 [queued]>
[2026-02-01T23:26:45.298+0000] {taskinstance.py:2603} INFO - Dependencies all met for dep_context=requeueable deps ti=<TaskInstance: bees_brewery_medallion.pipeline_start scheduled__2026-01-31T00:00:00+00:00 [queued]>
[2026-02-01T23:26:45.298+0000] {taskinstance.py:2856} INFO - Starting attempt 1 of 3
[2026-02-01T23:26:45.303+0000] {taskinstance.py:2879} INFO - Executing <Task(BashOperator): pipeline_start> on 2026-01-31 00:00:00+00:00
[2026-02-01T23:26:45.306+0000] {logging_mixin.py:190} WARNING - /home/***/.local/lib/python3.12/site-packages/***/task/task_runner/standard_task_runner.py:70 DeprecationWarning: This process (pid=170) is multi-threaded, use of fork() may lead to deadlocks in the child.
[2026-02-01T23:26:45.306+0000] {standard_task_runner.py:72} INFO - Started process 171 to run task
[2026-02-01T23:26:45.306+0000] {standard_task_runner.py:104} INFO - Running: ['***', 'tasks', 'run', 'bees_brewery_medallion', 'pipeline_start', 'scheduled__2026-01-31T00:00:00+00:00', '--job-id', '2', '--raw', '--subdir', 'DAGS_FOLDER/bees_brewery_dag.py', '--cfg-path', '/tmp/tmpjtvi06xe']
[2026-02-01T23:26:45.307+0000] {standard_task_runner.py:105} INFO - Job 2: Subtask pipeline_start
[2026-02-01T23:26:45.313+0000] {logging_mixin.py:190} WARNING - /home/***/.local/lib/python3.12/site-packages/***/settings.py:209 DeprecationWarning: The sql_alchemy_conn option in [core] has been moved to the sql_alchemy_conn option in [database] - the old setting has been used, but please update your config.
[2026-02-01T23:26:45.326+0000] {task_command.py:467} INFO - Running <TaskInstance: bees_brewery_medallion.pipeline_start scheduled__2026-01-31T00:00:00+00:00 [running]> on host 6dc72c1b9a32
[2026-02-01T23:26:45.327+0000] {logging_mixin.py:190} WARNING - /home/***/.local/lib/python3.12/site-packages/***/settings.py:449 DeprecationWarning: The sql_alchemy_conn option in [core] has been moved to the sql_alchemy_conn option in [database] - the old setting has been used, but please update your config.
[2026-02-01T23:26:45.357+0000] {taskinstance.py:3122} INFO - Exporting env vars: AIRFLOW_CTX_DAG_OWNER='bees-data-engineering' AIRFLOW_CTX_DAG_ID='bees_brewery_medallion' AIRFLOW_CTX_TASK_ID='pipeline_start' AIRFLOW_CTX_EXECUTION_DATE='2026-01-31T00:00:00+00:00' AIRFLOW_CTX_TRY_NUMBER='1' AIRFLOW_CTX_DAG_RUN_ID='scheduled__2026-01-31T00:00:00+00:00'
[2026-02-01T23:26:45.358+0000] {taskinstance.py:731} INFO - ::endgroup::
[2026-02-01T23:26:45.368+0000] {subprocess.py:63} INFO - Tmp dir root location: /tmp
[2026-02-01T23:26:45.368+0000] {subprocess.py:75} INFO - Running command: ['/usr/bin/bash', '-c', 'echo "Starting BEES Brewery Pipeline at $(date)"']
[2026-02-01T23:26:45.371+0000] {subprocess.py:86} INFO - Output:
[2026-02-01T23:26:45.373+0000] {subprocess.py:93} INFO - Starting BEES Brewery Pipeline at Sun Feb  1 23:26:45 UTC 2026
[2026-02-01T23:26:45.373+0000] {subprocess.py:97} INFO - Command exited with return code 0
[2026-02-01T23:26:45.382+0000] {taskinstance.py:340} INFO - ::group::Post task execution logs
[2026-02-01T23:26:45.382+0000] {taskinstance.py:352} INFO - Marking task as SUCCESS. dag_id=bees_brewery_medallion, task_id=pipeline_start, run_id=scheduled__2026-01-31T00:00:00+00:00, execution_date=20260131T000000, start_date=20260201T232645, end_date=20260201T232645
[2026-02-01T23:26:45.406+0000] {local_task_job_runner.py:261} INFO - Task exited with return code 0
[2026-02-01T23:26:45.416+0000] {taskinstance.py:3891} INFO - 1 downstream tasks scheduled from follow-on schedule check
[2026-02-01T23:26:45.416+0000] {local_task_job_runner.py:240} INFO - ::endgroup::
[2026-02-01T23:29:51.698+0000] {local_task_job_runner.py:123} INFO - ::group::Pre task execution logs
[2026-02-01T23:29:51.706+0000] {taskinstance.py:2603} INFO - Dependencies all met for dep_context=non-requeueable deps ti=<TaskInstance: bees_brewery_medallion.pipeline_start scheduled__2026-01-31T00:00:00+00:00 [queued]>
[2026-02-01T23:29:51.709+0000] {taskinstance.py:2603} INFO - Dependencies all met for dep_context=requeueable deps ti=<TaskInstance: bees_brewery_medallion.pipeline_start scheduled__2026-01-31T00:00:00+00:00 [queued]>
[2026-02-01T23:29:51.709+0000] {taskinstance.py:2856} INFO - Starting attempt 1 of 3
[2026-02-01T23:29:51.716+0000] {taskinstance.py:2879} INFO - Executing <Task(BashOperator): pipeline_start> on 2026-01-31 00:00:00+00:00
[2026-02-01T23:29:51.721+0000] {logging_mixin.py:190} WARNING - /home/***/.local/lib/python3.12/site-packages/***/task/task_runner/standard_task_runner.py:70 DeprecationWarning: This process (pid=170) is multi-threaded, use of fork() may lead to deadlocks in the child.
[2026-02-01T23:29:51.722+0000] {standard_task_runner.py:72} INFO - Started process 171 to run task
[2026-02-01T23:29:51.721+0000] {standard_task_runner.py:104} INFO - Running: ['***', 'tasks', 'run', 'bees_brewery_medallion', 'pipeline_start', 'scheduled__2026-01-31T00:00:00+00:00', '--job-id', '2', '--raw', '--subdir', 'DAGS_FOLDER/bees_brewery_dag.py', '--cfg-path', '/tmp/tmpu9n0ykfg']
[2026-02-01T23:29:51.723+0000] {standard_task_runner.py:105} INFO - Job 2: Subtask pipeline_start
[2026-02-01T23:29:51.743+0000] {logging_mixin.py:190} WARNING - /home/***/.local/lib/python3.12/site-packages/***/settings.py:209 DeprecationWarning: The sql_alchemy_conn option in [core] has been moved to the sql_alchemy_conn option in [database] - the old setting has been used, but please update your config.
[2026-02-01T23:29:51.763+0000] {task_command.py:467} INFO - Running <TaskInstance: bees_brewery_medallion.pipeline_start scheduled__2026-01-31T00:00:00+00:00 [running]> on host cef3511eb29e
[2026-02-01T23:29:51.764+0000] {logging_mixin.py:190} WARNING - /home/***/.local/lib/python3.12/site-packages/***/settings.py:449 DeprecationWarning: The sql_alchemy_conn option in [core] has been moved to the sql_alchemy_conn option in [database] - the old setting has been used, but please update your config.
[2026-02-01T23:29:51.810+0000] {taskinstance.py:3122} INFO - Exporting env vars: AIRFLOW_CTX_DAG_OWNER='bees-data-engineering' AIRFLOW_CTX_DAG_ID='bees_brewery_medallion' AIRFLOW_CTX_TASK_ID='pipeline_start' AIRFLOW_CTX_EXECUTION_DATE='2026-01-31T00:00:00+00:00' AIRFLOW_CTX_TRY_NUMBER='1' AIRFLOW_CTX_DAG_RUN_ID='scheduled__2026-01-31T00:00:00+00:00'
[2026-02-01T23:29:51.810+0000] {taskinstance.py:731} INFO - ::endgroup::
[2026-02-01T23:29:51.823+0000] {subprocess.py:63} INFO - Tmp dir root location: /tmp
[2026-02-01T23:29:51.823+0000] {subprocess.py:75} INFO - Running command: ['/usr/bin/bash', '-c', 'echo "Starting BEES Brewery Pipeline at $(date)"']
[2026-02-01T23:29:51.827+0000] {subprocess.py:86} INFO - Output:
[2026-02-01T23:29:51.828+0000] {subprocess.py:93} INFO - Starting BEES Brewery Pipeline at Sun Feb  1 23:29:51 UTC 2026
[2026-02-01T23:29:51.829+0000] {subprocess.py:97} INFO - Command exited with return code 0
[2026-02-01T23:29:51.840+0000] {taskinstance.py:340} INFO - ::group::Post task execution logs
[2026-02-01T23:29:51.840+0000] {taskinstance.py:352} INFO - Marking task as SUCCESS. dag_id=bees_brewery_medallion, task_id=pipeline_start, run_id=scheduled__2026-01-31T00:00:00+00:00, execution_date=20260131T000000, start_date=20260201T232951, end_date=20260201T232951
[2026-02-01T23:29:51.867+0000] {local_task_job_runner.py:261} INFO - Task exited with return code 0
[2026-02-01T23:29:51.876+0000] {taskinstance.py:3891} INFO - 1 downstream tasks scheduled from follow-on schedule check
[2026-02-01T23:29:51.876+0000] {local_task_job_runner.py:240} INFO - ::endgroup::
[2026-02-01T23:36:39.034+0000] {local_task_job_runner.py:123} INFO - ::group::Pre task execution logs
[2026-02-01T23:36:39.040+0000] {taskinstance.py:2603} INFO - Dependencies all met for dep_context=non-requeueable deps ti=<TaskInstance: bees_brewery_medallion.pipeline_start scheduled__2026-01-31T00:00:00+00:00 [queued]>
[2026-02-01T23:36:39.042+0000] {taskinstance.py:2603} INFO - Dependencies all met for dep_context=requeueable deps ti=<TaskInstance: bees_brewery_medallion.pipeline_start scheduled__2026-01-31T00:00:00+00:00 [queued]>
[2026-02-01T23:36:39.042+0000] {taskinstance.py:2856} INFO - Starting attempt 1 of 3
[2026-02-01T23:36:39.046+0000] {taskinstance.py:2879} INFO - Executing <Task(BashOperator): pipeline_start> on 2026-01-31 00:00:00+00:00
[2026-02-01T23:36:39.050+0000] {logging_mixin.py:190} WARNING - /home/***/.local/lib/python3.12/site-packages/***/task/task_runner/standard_task_runner.py:70 DeprecationWarning: This process (pid=175) is multi-threaded, use of fork() may lead to deadlocks in the child.
[2026-02-01T23:36:39.050+0000] {standard_task_runner.py:72} INFO - Started process 176 to run task
[2026-02-01T23:36:39.050+0000] {standard_task_runner.py:104} INFO - Running: ['***', 'tasks', 'run', 'bees_brewery_medallion', 'pipeline_start', 'scheduled__2026-01-31T00:00:00+00:00', '--job-id', '2', '--raw', '--subdir', 'DAGS_FOLDER/bees_brewery_dag.py', '--cfg-path', '/tmp/tmp73tje1to']
[2026-02-01T23:36:39.051+0000] {standard_task_runner.py:105} INFO - Job 2: Subtask pipeline_start
[2026-02-01T23:36:39.056+0000] {logging_mixin.py:190} WARNING - /home/***/.local/lib/python3.12/site-packages/***/settings.py:209 DeprecationWarning: The sql_alchemy_conn option in [core] has been moved to the sql_alchemy_conn option in [database] - the old setting has been used, but please update your config.
[2026-02-01T23:36:39.068+0000] {task_command.py:467} INFO - Running <TaskInstance: bees_brewery_medallion.pipeline_start scheduled__2026-01-31T00:00:00+00:00 [running]> on host eabf9fc34c9a
[2026-02-01T23:36:39.069+0000] {logging_mixin.py:190} WARNING - /home/***/.local/lib/python3.12/site-packages/***/settings.py:449 DeprecationWarning: The sql_alchemy_conn option in [core] has been moved to the sql_alchemy_conn option in [database] - the old setting has been used, but please update your config.
[2026-02-01T23:36:39.108+0000] {taskinstance.py:3122} INFO - Exporting env vars: AIRFLOW_CTX_DAG_OWNER='bees-data-engineering' AIRFLOW_CTX_DAG_ID='bees_brewery_medallion' AIRFLOW_CTX_TASK_ID='pipeline_start' AIRFLOW_CTX_EXECUTION_DATE='2026-01-31T00:00:00+00:00' AIRFLOW_CTX_TRY_NUMBER='1' AIRFLOW_CTX_DAG_RUN_ID='scheduled__2026-01-31T00:00:00+00:00'
[2026-02-01T23:36:39.109+0000] {taskinstance.py:731} INFO - ::endgroup::
[2026-02-01T23:36:39.120+0000] {subprocess.py:63} INFO - Tmp dir root location: /tmp
[2026-02-01T23:36:39.120+0000] {subprocess.py:75} INFO - Running command: ['/usr/bin/bash', '-c', 'echo "Starting BEES Brewery Pipeline at $(date)"']
[2026-02-01T23:36:39.126+0000] {subprocess.py:86} INFO - Output:
[2026-02-01T23:36:39.128+0000] {subprocess.py:93} INFO - Starting BEES Brewery Pipeline at Sun Feb  1 23:36:39 UTC 2026
[2026-02-01T23:36:39.128+0000] {subprocess.py:97} INFO - Command exited with return code 0
[2026-02-01T23:36:39.138+0000] {taskinstance.py:340} INFO - ::group::Post task execution logs
[2026-02-01T23:36:39.138+0000] {taskinstance.py:352} INFO - Marking task as SUCCESS. dag_id=bees_brewery_medallion, task_id=pipeline_start, run_id=scheduled__2026-01-31T00:00:00+00:00, execution_date=20260131T000000, start_date=20260201T233639, end_date=20260201T233639
[2026-02-01T23:36:39.148+0000] {local_task_job_runner.py:261} INFO - Task exited with return code 0
[2026-02-01T23:36:39.159+0000] {taskinstance.py:3891} INFO - 1 downstream tasks scheduled from follow-on schedule check
[2026-02-01T23:36:39.159+0000] {local_task_job_runner.py:240} INFO - ::endgroup::
[2026-02-01T23:42:23.859+0000] {local_task_job_runner.py:123} INFO - ::group::Pre task execution logs
[2026-02-01T23:42:23.864+0000] {taskinstance.py:2603} INFO - Dependencies all met for dep_context=non-requeueable deps ti=<TaskInstance: bees_brewery_medallion.pipeline_start scheduled__2026-01-31T00:00:00+00:00 [queued]>
[2026-02-01T23:42:23.866+0000] {taskinstance.py:2603} INFO - Dependencies all met for dep_context=requeueable deps ti=<TaskInstance: bees_brewery_medallion.pipeline_start scheduled__2026-01-31T00:00:00+00:00 [queued]>
[2026-02-01T23:42:23.866+0000] {taskinstance.py:2856} INFO - Starting attempt 1 of 3
[2026-02-01T23:42:23.871+0000] {taskinstance.py:2879} INFO - Executing <Task(BashOperator): pipeline_start> on 2026-01-31 00:00:00+00:00
[2026-02-01T23:42:23.874+0000] {logging_mixin.py:190} WARNING - /home/***/.local/lib/python3.12/site-packages/***/task/task_runner/standard_task_runner.py:70 DeprecationWarning: This process (pid=171) is multi-threaded, use of fork() may lead to deadlocks in the child.
[2026-02-01T23:42:23.874+0000] {standard_task_runner.py:72} INFO - Started process 172 to run task
[2026-02-01T23:42:23.874+0000] {standard_task_runner.py:104} INFO - Running: ['***', 'tasks', 'run', 'bees_brewery_medallion', 'pipeline_start', 'scheduled__2026-01-31T00:00:00+00:00', '--job-id', '2', '--raw', '--subdir', 'DAGS_FOLDER/bees_brewery_dag.py', '--cfg-path', '/tmp/tmpkpg8ysx9']
[2026-02-01T23:42:23.876+0000] {standard_task_runner.py:105} INFO - Job 2: Subtask pipeline_start
[2026-02-01T23:42:23.881+0000] {logging_mixin.py:190} WARNING - /home/***/.local/lib/python3.12/site-packages/***/settings.py:209 DeprecationWarning: The sql_alchemy_conn option in [core] has been moved to the sql_alchemy_conn option in [database] - the old setting has been used, but please update your config.
[2026-02-01T23:42:23.892+0000] {task_command.py:467} INFO - Running <TaskInstance: bees_brewery_medallion.pipeline_start scheduled__2026-01-31T00:00:00+00:00 [running]> on host 94f5d347c827
[2026-02-01T23:42:23.892+0000] {logging_mixin.py:190} WARNING - /home/***/.local/lib/python3.12/site-packages/***/settings.py:449 DeprecationWarning: The sql_alchemy_conn option in [core] has been moved to the sql_alchemy_conn option in [database] - the old setting has been used, but please update your config.
[2026-02-01T23:42:23.919+0000] {taskinstance.py:3122} INFO - Exporting env vars: AIRFLOW_CTX_DAG_OWNER='bees-data-engineering' AIRFLOW_CTX_DAG_ID='bees_brewery_medallion' AIRFLOW_CTX_TASK_ID='pipeline_start' AIRFLOW_CTX_EXECUTION_DATE='2026-01-31T00:00:00+00:00' AIRFLOW_CTX_TRY_NUMBER='1' AIRFLOW_CTX_DAG_RUN_ID='scheduled__2026-01-31T00:00:00+00:00'
[2026-02-01T23:42:23.919+0000] {taskinstance.py:731} INFO - ::endgroup::
[2026-02-01T23:42:23.929+0000] {subprocess.py:63} INFO - Tmp dir root location: /tmp
[2026-02-01T23:42:23.929+0000] {subprocess.py:75} INFO - Running command: ['/usr/bin/bash', '-c', 'echo "Starting BEES Brewery Pipeline at $(date)"']
[2026-02-01T23:42:23.933+0000] {subprocess.py:86} INFO - Output:
[2026-02-01T23:42:23.934+0000] {subprocess.py:93} INFO - Starting BEES Brewery Pipeline at Sun Feb  1 23:42:23 UTC 2026
[2026-02-01T23:42:23.935+0000] {subprocess.py:97} INFO - Command exited with return code 0
[2026-02-01T23:42:23.945+0000] {taskinstance.py:340} INFO - ::group::Post task execution logs
[2026-02-01T23:42:23.945+0000] {taskinstance.py:352} INFO - Marking task as SUCCESS. dag_id=bees_brewery_medallion, task_id=pipeline_start, run_id=scheduled__2026-01-31T00:00:00+00:00, execution_date=20260131T000000, start_date=20260201T234223, end_date=20260201T234223
[2026-02-01T23:42:23.973+0000] {local_task_job_runner.py:261} INFO - Task exited with return code 0
[2026-02-01T23:42:23.982+0000] {taskinstance.py:3891} INFO - 1 downstream tasks scheduled from follow-on schedule check
[2026-02-01T23:42:23.983+0000] {local_task_job_runner.py:240} INFO - ::endgroup::
