[2026-02-02T00:04:19.197+0000] {local_task_job_runner.py:123} INFO - ::group::Pre task execution logs
[2026-02-02T00:04:19.201+0000] {taskinstance.py:2603} INFO - Dependencies all met for dep_context=non-requeueable deps ti=<TaskInstance: bees_brewery_medallion.ingestion_bronze manual__2026-02-02T00:04:17+00:00 [queued]>
[2026-02-02T00:04:19.204+0000] {taskinstance.py:2603} INFO - Dependencies all met for dep_context=requeueable deps ti=<TaskInstance: bees_brewery_medallion.ingestion_bronze manual__2026-02-02T00:04:17+00:00 [queued]>
[2026-02-02T00:04:19.204+0000] {taskinstance.py:2856} INFO - Starting attempt 1 of 3
[2026-02-02T00:04:19.207+0000] {taskinstance.py:2879} INFO - Executing <Task(PythonOperator): ingestion_bronze> on 2026-02-02 00:04:17+00:00
[2026-02-02T00:04:19.210+0000] {logging_mixin.py:190} WARNING - /home/***/.local/lib/python3.12/site-packages/***/task/task_runner/standard_task_runner.py:70 DeprecationWarning: This process (pid=175) is multi-threaded, use of fork() may lead to deadlocks in the child.
[2026-02-02T00:04:19.211+0000] {standard_task_runner.py:72} INFO - Started process 176 to run task
[2026-02-02T00:04:19.210+0000] {standard_task_runner.py:104} INFO - Running: ['***', 'tasks', 'run', 'bees_brewery_medallion', 'ingestion_bronze', 'manual__2026-02-02T00:04:17+00:00', '--job-id', '16', '--raw', '--subdir', 'DAGS_FOLDER/bees_brewery_dag.py', '--cfg-path', '/tmp/tmpf2iahf44']
[2026-02-02T00:04:19.212+0000] {standard_task_runner.py:105} INFO - Job 16: Subtask ingestion_bronze
[2026-02-02T00:04:19.221+0000] {logging_mixin.py:190} WARNING - /home/***/.local/lib/python3.12/site-packages/***/settings.py:209 DeprecationWarning: The sql_alchemy_conn option in [core] has been moved to the sql_alchemy_conn option in [database] - the old setting has been used, but please update your config.
[2026-02-02T00:04:19.235+0000] {task_command.py:467} INFO - Running <TaskInstance: bees_brewery_medallion.ingestion_bronze manual__2026-02-02T00:04:17+00:00 [running]> on host 94f5d347c827
[2026-02-02T00:04:19.258+0000] {taskinstance.py:3122} INFO - Exporting env vars: AIRFLOW_CTX_DAG_OWNER='bees-data-engineering' AIRFLOW_CTX_DAG_ID='bees_brewery_medallion' AIRFLOW_CTX_TASK_ID='ingestion_bronze' AIRFLOW_CTX_EXECUTION_DATE='2026-02-02T00:04:17+00:00' AIRFLOW_CTX_TRY_NUMBER='1' AIRFLOW_CTX_DAG_RUN_ID='manual__2026-02-02T00:04:17+00:00'
[2026-02-02T00:04:19.259+0000] {taskinstance.py:731} INFO - ::endgroup::
[2026-02-02T00:04:19.264+0000] {bees_brewery_dag.py:59} INFO - Starting ingestion job...
[2026-02-02T00:04:21.338+0000] {logging_mixin.py:190} INFO - [2026-02-02 00:04:21] [IngestionJob] [INFO] [IngestionJob] Starting ingestion from Open Brewery DB API...
[2026-02-02T00:04:21.338+0000] {base_job.py:109} INFO - [IngestionJob] Starting ingestion from Open Brewery DB API...
[2026-02-02T00:04:21.339+0000] {logging_mixin.py:190} INFO - [2026-02-02 00:04:21] [IngestionJob] [INFO] [IngestionJob] Fetching from https://api.openbrewerydb.org/v1/breweries
[2026-02-02T00:04:21.339+0000] {base_job.py:109} INFO - [IngestionJob] Fetching from https://api.openbrewerydb.org/v1/breweries
[2026-02-02T00:04:21.339+0000] {logging_mixin.py:190} INFO - [2026-02-02 00:04:21] [IngestionJob] [INFO] [IngestionJob]   Page 1...
[2026-02-02T00:04:21.339+0000] {base_job.py:109} INFO - [IngestionJob]   Page 1...
[2026-02-02T00:04:21.522+0000] {logging_mixin.py:190} INFO - [2026-02-02 00:04:21] [IngestionJob] [INFO] [IngestionJob]   Page 1: 200 records (Total: 200)
[2026-02-02T00:04:21.522+0000] {base_job.py:109} INFO - [IngestionJob]   Page 1: 200 records (Total: 200)
[2026-02-02T00:04:21.724+0000] {logging_mixin.py:190} INFO - [2026-02-02 00:04:21] [IngestionJob] [INFO] [IngestionJob]   Page 2...
[2026-02-02T00:04:21.724+0000] {base_job.py:109} INFO - [IngestionJob]   Page 2...
[2026-02-02T00:04:21.778+0000] {logging_mixin.py:190} INFO - [2026-02-02 00:04:21] [IngestionJob] [INFO] [IngestionJob]   Page 2: 200 records (Total: 400)
[2026-02-02T00:04:21.778+0000] {base_job.py:109} INFO - [IngestionJob]   Page 2: 200 records (Total: 400)
[2026-02-02T00:04:21.981+0000] {logging_mixin.py:190} INFO - [2026-02-02 00:04:21] [IngestionJob] [INFO] [IngestionJob]   Page 3...
[2026-02-02T00:04:21.981+0000] {base_job.py:109} INFO - [IngestionJob]   Page 3...
[2026-02-02T00:04:22.035+0000] {logging_mixin.py:190} INFO - [2026-02-02 00:04:22] [IngestionJob] [INFO] [IngestionJob]   Page 3: 200 records (Total: 600)
[2026-02-02T00:04:22.035+0000] {base_job.py:109} INFO - [IngestionJob]   Page 3: 200 records (Total: 600)
[2026-02-02T00:04:22.237+0000] {logging_mixin.py:190} INFO - [2026-02-02 00:04:22] [IngestionJob] [INFO] [IngestionJob]   Page 4...
[2026-02-02T00:04:22.237+0000] {base_job.py:109} INFO - [IngestionJob]   Page 4...
[2026-02-02T00:04:22.292+0000] {logging_mixin.py:190} INFO - [2026-02-02 00:04:22] [IngestionJob] [INFO] [IngestionJob]   Page 4: 200 records (Total: 800)
[2026-02-02T00:04:22.292+0000] {base_job.py:109} INFO - [IngestionJob]   Page 4: 200 records (Total: 800)
[2026-02-02T00:04:22.497+0000] {logging_mixin.py:190} INFO - [2026-02-02 00:04:22] [IngestionJob] [INFO] [IngestionJob]   Page 5...
[2026-02-02T00:04:22.496+0000] {base_job.py:109} INFO - [IngestionJob]   Page 5...
[2026-02-02T00:04:22.552+0000] {logging_mixin.py:190} INFO - [2026-02-02 00:04:22] [IngestionJob] [INFO] [IngestionJob]   Page 5: 200 records (Total: 1000)
[2026-02-02T00:04:22.551+0000] {base_job.py:109} INFO - [IngestionJob]   Page 5: 200 records (Total: 1000)
[2026-02-02T00:04:22.756+0000] {logging_mixin.py:190} INFO - [2026-02-02 00:04:22] [IngestionJob] [INFO] [IngestionJob]   Page 6...
[2026-02-02T00:04:22.756+0000] {base_job.py:109} INFO - [IngestionJob]   Page 6...
[2026-02-02T00:04:22.811+0000] {logging_mixin.py:190} INFO - [2026-02-02 00:04:22] [IngestionJob] [INFO] [IngestionJob]   Page 6: 200 records (Total: 1200)
[2026-02-02T00:04:22.811+0000] {base_job.py:109} INFO - [IngestionJob]   Page 6: 200 records (Total: 1200)
[2026-02-02T00:04:23.014+0000] {logging_mixin.py:190} INFO - [2026-02-02 00:04:23] [IngestionJob] [INFO] [IngestionJob]   Page 7...
[2026-02-02T00:04:23.014+0000] {base_job.py:109} INFO - [IngestionJob]   Page 7...
[2026-02-02T00:04:23.067+0000] {logging_mixin.py:190} INFO - [2026-02-02 00:04:23] [IngestionJob] [INFO] [IngestionJob]   Page 7: 200 records (Total: 1400)
[2026-02-02T00:04:23.067+0000] {base_job.py:109} INFO - [IngestionJob]   Page 7: 200 records (Total: 1400)
[2026-02-02T00:04:23.269+0000] {logging_mixin.py:190} INFO - [2026-02-02 00:04:23] [IngestionJob] [INFO] [IngestionJob]   Page 8...
[2026-02-02T00:04:23.269+0000] {base_job.py:109} INFO - [IngestionJob]   Page 8...
[2026-02-02T00:04:23.324+0000] {logging_mixin.py:190} INFO - [2026-02-02 00:04:23] [IngestionJob] [INFO] [IngestionJob]   Page 8: 200 records (Total: 1600)
[2026-02-02T00:04:23.324+0000] {base_job.py:109} INFO - [IngestionJob]   Page 8: 200 records (Total: 1600)
[2026-02-02T00:04:23.526+0000] {logging_mixin.py:190} INFO - [2026-02-02 00:04:23] [IngestionJob] [INFO] [IngestionJob]   Page 9...
[2026-02-02T00:04:23.526+0000] {base_job.py:109} INFO - [IngestionJob]   Page 9...
[2026-02-02T00:04:23.580+0000] {logging_mixin.py:190} INFO - [2026-02-02 00:04:23] [IngestionJob] [INFO] [IngestionJob]   Page 9: 200 records (Total: 1800)
[2026-02-02T00:04:23.580+0000] {base_job.py:109} INFO - [IngestionJob]   Page 9: 200 records (Total: 1800)
[2026-02-02T00:04:23.784+0000] {logging_mixin.py:190} INFO - [2026-02-02 00:04:23] [IngestionJob] [INFO] [IngestionJob]   Page 10...
[2026-02-02T00:04:23.783+0000] {base_job.py:109} INFO - [IngestionJob]   Page 10...
[2026-02-02T00:04:23.842+0000] {logging_mixin.py:190} INFO - [2026-02-02 00:04:23] [IngestionJob] [INFO] [IngestionJob]   Page 10: 200 records (Total: 2000)
[2026-02-02T00:04:23.841+0000] {base_job.py:109} INFO - [IngestionJob]   Page 10: 200 records (Total: 2000)
[2026-02-02T00:04:24.046+0000] {logging_mixin.py:190} INFO - [2026-02-02 00:04:24] [IngestionJob] [INFO] [IngestionJob]   Page 11...
[2026-02-02T00:04:24.046+0000] {base_job.py:109} INFO - [IngestionJob]   Page 11...
[2026-02-02T00:04:24.096+0000] {logging_mixin.py:190} INFO - [2026-02-02 00:04:24] [IngestionJob] [INFO] [IngestionJob]   Page 11: 200 records (Total: 2200)
[2026-02-02T00:04:24.096+0000] {base_job.py:109} INFO - [IngestionJob]   Page 11: 200 records (Total: 2200)
[2026-02-02T00:04:24.298+0000] {logging_mixin.py:190} INFO - [2026-02-02 00:04:24] [IngestionJob] [INFO] [IngestionJob]   Page 12...
[2026-02-02T00:04:24.298+0000] {base_job.py:109} INFO - [IngestionJob]   Page 12...
[2026-02-02T00:04:24.348+0000] {logging_mixin.py:190} INFO - [2026-02-02 00:04:24] [IngestionJob] [INFO] [IngestionJob]   Page 12: 200 records (Total: 2400)
[2026-02-02T00:04:24.348+0000] {base_job.py:109} INFO - [IngestionJob]   Page 12: 200 records (Total: 2400)
[2026-02-02T00:04:24.550+0000] {logging_mixin.py:190} INFO - [2026-02-02 00:04:24] [IngestionJob] [INFO] [IngestionJob]   Page 13...
[2026-02-02T00:04:24.550+0000] {base_job.py:109} INFO - [IngestionJob]   Page 13...
[2026-02-02T00:04:24.607+0000] {logging_mixin.py:190} INFO - [2026-02-02 00:04:24] [IngestionJob] [INFO] [IngestionJob]   Page 13: 200 records (Total: 2600)
[2026-02-02T00:04:24.607+0000] {base_job.py:109} INFO - [IngestionJob]   Page 13: 200 records (Total: 2600)
[2026-02-02T00:04:24.810+0000] {logging_mixin.py:190} INFO - [2026-02-02 00:04:24] [IngestionJob] [INFO] [IngestionJob]   Page 14...
[2026-02-02T00:04:24.810+0000] {base_job.py:109} INFO - [IngestionJob]   Page 14...
[2026-02-02T00:04:24.868+0000] {logging_mixin.py:190} INFO - [2026-02-02 00:04:24] [IngestionJob] [INFO] [IngestionJob]   Page 14: 200 records (Total: 2800)
[2026-02-02T00:04:24.867+0000] {base_job.py:109} INFO - [IngestionJob]   Page 14: 200 records (Total: 2800)
[2026-02-02T00:04:25.069+0000] {logging_mixin.py:190} INFO - [2026-02-02 00:04:25] [IngestionJob] [INFO] [IngestionJob]   Page 15...
[2026-02-02T00:04:25.069+0000] {base_job.py:109} INFO - [IngestionJob]   Page 15...
[2026-02-02T00:04:25.123+0000] {logging_mixin.py:190} INFO - [2026-02-02 00:04:25] [IngestionJob] [INFO] [IngestionJob]   Page 15: 200 records (Total: 3000)
[2026-02-02T00:04:25.122+0000] {base_job.py:109} INFO - [IngestionJob]   Page 15: 200 records (Total: 3000)
[2026-02-02T00:04:25.326+0000] {logging_mixin.py:190} INFO - [2026-02-02 00:04:25] [IngestionJob] [INFO] [IngestionJob]   Page 16...
[2026-02-02T00:04:25.325+0000] {base_job.py:109} INFO - [IngestionJob]   Page 16...
[2026-02-02T00:04:25.381+0000] {logging_mixin.py:190} INFO - [2026-02-02 00:04:25] [IngestionJob] [INFO] [IngestionJob]   Page 16: 200 records (Total: 3200)
[2026-02-02T00:04:25.381+0000] {base_job.py:109} INFO - [IngestionJob]   Page 16: 200 records (Total: 3200)
[2026-02-02T00:04:25.583+0000] {logging_mixin.py:190} INFO - [2026-02-02 00:04:25] [IngestionJob] [INFO] [IngestionJob]   Page 17...
[2026-02-02T00:04:25.583+0000] {base_job.py:109} INFO - [IngestionJob]   Page 17...
[2026-02-02T00:04:25.657+0000] {logging_mixin.py:190} INFO - [2026-02-02 00:04:25] [IngestionJob] [INFO] [IngestionJob]   Page 17: 200 records (Total: 3400)
[2026-02-02T00:04:25.657+0000] {base_job.py:109} INFO - [IngestionJob]   Page 17: 200 records (Total: 3400)
[2026-02-02T00:04:25.858+0000] {logging_mixin.py:190} INFO - [2026-02-02 00:04:25] [IngestionJob] [INFO] [IngestionJob]   Page 18...
[2026-02-02T00:04:25.858+0000] {base_job.py:109} INFO - [IngestionJob]   Page 18...
[2026-02-02T00:04:25.911+0000] {logging_mixin.py:190} INFO - [2026-02-02 00:04:25] [IngestionJob] [INFO] [IngestionJob]   Page 18: 200 records (Total: 3600)
[2026-02-02T00:04:25.911+0000] {base_job.py:109} INFO - [IngestionJob]   Page 18: 200 records (Total: 3600)
[2026-02-02T00:04:26.114+0000] {logging_mixin.py:190} INFO - [2026-02-02 00:04:26] [IngestionJob] [INFO] [IngestionJob]   Page 19...
[2026-02-02T00:04:26.114+0000] {base_job.py:109} INFO - [IngestionJob]   Page 19...
[2026-02-02T00:04:26.163+0000] {logging_mixin.py:190} INFO - [2026-02-02 00:04:26] [IngestionJob] [INFO] [IngestionJob]   Page 19: 200 records (Total: 3800)
[2026-02-02T00:04:26.163+0000] {base_job.py:109} INFO - [IngestionJob]   Page 19: 200 records (Total: 3800)
[2026-02-02T00:04:26.366+0000] {logging_mixin.py:190} INFO - [2026-02-02 00:04:26] [IngestionJob] [INFO] [IngestionJob]   Page 20...
[2026-02-02T00:04:26.365+0000] {base_job.py:109} INFO - [IngestionJob]   Page 20...
[2026-02-02T00:04:26.419+0000] {logging_mixin.py:190} INFO - [2026-02-02 00:04:26] [IngestionJob] [INFO] [IngestionJob]   Page 20: 200 records (Total: 4000)
[2026-02-02T00:04:26.418+0000] {base_job.py:109} INFO - [IngestionJob]   Page 20: 200 records (Total: 4000)
[2026-02-02T00:04:26.620+0000] {logging_mixin.py:190} INFO - [2026-02-02 00:04:26] [IngestionJob] [INFO] [IngestionJob]   Page 21...
[2026-02-02T00:04:26.620+0000] {base_job.py:109} INFO - [IngestionJob]   Page 21...
[2026-02-02T00:04:26.679+0000] {logging_mixin.py:190} INFO - [2026-02-02 00:04:26] [IngestionJob] [INFO] [IngestionJob]   Page 21: 200 records (Total: 4200)
[2026-02-02T00:04:26.679+0000] {base_job.py:109} INFO - [IngestionJob]   Page 21: 200 records (Total: 4200)
[2026-02-02T00:04:26.884+0000] {logging_mixin.py:190} INFO - [2026-02-02 00:04:26] [IngestionJob] [INFO] [IngestionJob]   Page 22...
[2026-02-02T00:04:26.883+0000] {base_job.py:109} INFO - [IngestionJob]   Page 22...
[2026-02-02T00:04:26.934+0000] {logging_mixin.py:190} INFO - [2026-02-02 00:04:26] [IngestionJob] [INFO] [IngestionJob]   Page 22: 200 records (Total: 4400)
[2026-02-02T00:04:26.933+0000] {base_job.py:109} INFO - [IngestionJob]   Page 22: 200 records (Total: 4400)
[2026-02-02T00:04:27.135+0000] {logging_mixin.py:190} INFO - [2026-02-02 00:04:27] [IngestionJob] [INFO] [IngestionJob]   Page 23...
[2026-02-02T00:04:27.135+0000] {base_job.py:109} INFO - [IngestionJob]   Page 23...
[2026-02-02T00:04:27.190+0000] {logging_mixin.py:190} INFO - [2026-02-02 00:04:27] [IngestionJob] [INFO] [IngestionJob]   Page 23: 200 records (Total: 4600)
[2026-02-02T00:04:27.190+0000] {base_job.py:109} INFO - [IngestionJob]   Page 23: 200 records (Total: 4600)
[2026-02-02T00:04:27.392+0000] {logging_mixin.py:190} INFO - [2026-02-02 00:04:27] [IngestionJob] [INFO] [IngestionJob]   Page 24...
[2026-02-02T00:04:27.392+0000] {base_job.py:109} INFO - [IngestionJob]   Page 24...
[2026-02-02T00:04:27.448+0000] {logging_mixin.py:190} INFO - [2026-02-02 00:04:27] [IngestionJob] [INFO] [IngestionJob]   Page 24: 200 records (Total: 4800)
[2026-02-02T00:04:27.448+0000] {base_job.py:109} INFO - [IngestionJob]   Page 24: 200 records (Total: 4800)
[2026-02-02T00:04:27.650+0000] {logging_mixin.py:190} INFO - [2026-02-02 00:04:27] [IngestionJob] [INFO] [IngestionJob]   Page 25...
[2026-02-02T00:04:27.650+0000] {base_job.py:109} INFO - [IngestionJob]   Page 25...
[2026-02-02T00:04:27.703+0000] {logging_mixin.py:190} INFO - [2026-02-02 00:04:27] [IngestionJob] [INFO] [IngestionJob]   Page 25: 200 records (Total: 5000)
[2026-02-02T00:04:27.703+0000] {base_job.py:109} INFO - [IngestionJob]   Page 25: 200 records (Total: 5000)
[2026-02-02T00:04:27.905+0000] {logging_mixin.py:190} INFO - [2026-02-02 00:04:27] [IngestionJob] [INFO] [IngestionJob]   Page 26...
[2026-02-02T00:04:27.905+0000] {base_job.py:109} INFO - [IngestionJob]   Page 26...
[2026-02-02T00:04:27.953+0000] {logging_mixin.py:190} INFO - [2026-02-02 00:04:27] [IngestionJob] [INFO] [IngestionJob]   Page 26: 200 records (Total: 5200)
[2026-02-02T00:04:27.952+0000] {base_job.py:109} INFO - [IngestionJob]   Page 26: 200 records (Total: 5200)
[2026-02-02T00:04:28.155+0000] {logging_mixin.py:190} INFO - [2026-02-02 00:04:28] [IngestionJob] [INFO] [IngestionJob]   Page 27...
[2026-02-02T00:04:28.155+0000] {base_job.py:109} INFO - [IngestionJob]   Page 27...
[2026-02-02T00:04:28.209+0000] {logging_mixin.py:190} INFO - [2026-02-02 00:04:28] [IngestionJob] [INFO] [IngestionJob]   Page 27: 200 records (Total: 5400)
[2026-02-02T00:04:28.209+0000] {base_job.py:109} INFO - [IngestionJob]   Page 27: 200 records (Total: 5400)
[2026-02-02T00:04:28.412+0000] {logging_mixin.py:190} INFO - [2026-02-02 00:04:28] [IngestionJob] [INFO] [IngestionJob]   Page 28...
[2026-02-02T00:04:28.412+0000] {base_job.py:109} INFO - [IngestionJob]   Page 28...
[2026-02-02T00:04:28.465+0000] {logging_mixin.py:190} INFO - [2026-02-02 00:04:28] [IngestionJob] [INFO] [IngestionJob]   Page 28: 200 records (Total: 5600)
[2026-02-02T00:04:28.464+0000] {base_job.py:109} INFO - [IngestionJob]   Page 28: 200 records (Total: 5600)
[2026-02-02T00:04:28.668+0000] {logging_mixin.py:190} INFO - [2026-02-02 00:04:28] [IngestionJob] [INFO] [IngestionJob]   Page 29...
[2026-02-02T00:04:28.667+0000] {base_job.py:109} INFO - [IngestionJob]   Page 29...
[2026-02-02T00:04:28.722+0000] {logging_mixin.py:190} INFO - [2026-02-02 00:04:28] [IngestionJob] [INFO] [IngestionJob]   Page 29: 200 records (Total: 5800)
[2026-02-02T00:04:28.722+0000] {base_job.py:109} INFO - [IngestionJob]   Page 29: 200 records (Total: 5800)
[2026-02-02T00:04:28.925+0000] {logging_mixin.py:190} INFO - [2026-02-02 00:04:28] [IngestionJob] [INFO] [IngestionJob]   Page 30...
[2026-02-02T00:04:28.924+0000] {base_job.py:109} INFO - [IngestionJob]   Page 30...
[2026-02-02T00:04:28.976+0000] {logging_mixin.py:190} INFO - [2026-02-02 00:04:28] [IngestionJob] [INFO] [IngestionJob]   Page 30: 200 records (Total: 6000)
[2026-02-02T00:04:28.976+0000] {base_job.py:109} INFO - [IngestionJob]   Page 30: 200 records (Total: 6000)
[2026-02-02T00:04:29.178+0000] {logging_mixin.py:190} INFO - [2026-02-02 00:04:29] [IngestionJob] [INFO] [IngestionJob]   Page 31...
[2026-02-02T00:04:29.178+0000] {base_job.py:109} INFO - [IngestionJob]   Page 31...
[2026-02-02T00:04:29.233+0000] {logging_mixin.py:190} INFO - [2026-02-02 00:04:29] [IngestionJob] [INFO] [IngestionJob]   Page 31: 200 records (Total: 6200)
[2026-02-02T00:04:29.233+0000] {base_job.py:109} INFO - [IngestionJob]   Page 31: 200 records (Total: 6200)
[2026-02-02T00:04:29.435+0000] {logging_mixin.py:190} INFO - [2026-02-02 00:04:29] [IngestionJob] [INFO] [IngestionJob]   Page 32...
[2026-02-02T00:04:29.435+0000] {base_job.py:109} INFO - [IngestionJob]   Page 32...
[2026-02-02T00:04:29.484+0000] {logging_mixin.py:190} INFO - [2026-02-02 00:04:29] [IngestionJob] [INFO] [IngestionJob]   Page 32: 200 records (Total: 6400)
[2026-02-02T00:04:29.484+0000] {base_job.py:109} INFO - [IngestionJob]   Page 32: 200 records (Total: 6400)
[2026-02-02T00:04:29.686+0000] {logging_mixin.py:190} INFO - [2026-02-02 00:04:29] [IngestionJob] [INFO] [IngestionJob]   Page 33...
[2026-02-02T00:04:29.685+0000] {base_job.py:109} INFO - [IngestionJob]   Page 33...
[2026-02-02T00:04:29.736+0000] {logging_mixin.py:190} INFO - [2026-02-02 00:04:29] [IngestionJob] [INFO] [IngestionJob]   Page 33: 200 records (Total: 6600)
[2026-02-02T00:04:29.736+0000] {base_job.py:109} INFO - [IngestionJob]   Page 33: 200 records (Total: 6600)
[2026-02-02T00:04:29.939+0000] {logging_mixin.py:190} INFO - [2026-02-02 00:04:29] [IngestionJob] [INFO] [IngestionJob]   Page 34...
[2026-02-02T00:04:29.938+0000] {base_job.py:109} INFO - [IngestionJob]   Page 34...
[2026-02-02T00:04:29.992+0000] {logging_mixin.py:190} INFO - [2026-02-02 00:04:29] [IngestionJob] [INFO] [IngestionJob]   Page 34: 200 records (Total: 6800)
[2026-02-02T00:04:29.991+0000] {base_job.py:109} INFO - [IngestionJob]   Page 34: 200 records (Total: 6800)
[2026-02-02T00:04:30.194+0000] {logging_mixin.py:190} INFO - [2026-02-02 00:04:30] [IngestionJob] [INFO] [IngestionJob]   Page 35...
[2026-02-02T00:04:30.194+0000] {base_job.py:109} INFO - [IngestionJob]   Page 35...
[2026-02-02T00:04:30.278+0000] {logging_mixin.py:190} INFO - [2026-02-02 00:04:30] [IngestionJob] [INFO] [IngestionJob]   Page 35: 200 records (Total: 7000)
[2026-02-02T00:04:30.277+0000] {base_job.py:109} INFO - [IngestionJob]   Page 35: 200 records (Total: 7000)
[2026-02-02T00:04:30.481+0000] {logging_mixin.py:190} INFO - [2026-02-02 00:04:30] [IngestionJob] [INFO] [IngestionJob]   Page 36...
[2026-02-02T00:04:30.481+0000] {base_job.py:109} INFO - [IngestionJob]   Page 36...
[2026-02-02T00:04:30.533+0000] {logging_mixin.py:190} INFO - [2026-02-02 00:04:30] [IngestionJob] [INFO] [IngestionJob]   Page 36: 200 records (Total: 7200)
[2026-02-02T00:04:30.533+0000] {base_job.py:109} INFO - [IngestionJob]   Page 36: 200 records (Total: 7200)
[2026-02-02T00:04:30.736+0000] {logging_mixin.py:190} INFO - [2026-02-02 00:04:30] [IngestionJob] [INFO] [IngestionJob]   Page 37...
[2026-02-02T00:04:30.736+0000] {base_job.py:109} INFO - [IngestionJob]   Page 37...
[2026-02-02T00:04:30.791+0000] {logging_mixin.py:190} INFO - [2026-02-02 00:04:30] [IngestionJob] [INFO] [IngestionJob]   Page 37: 200 records (Total: 7400)
[2026-02-02T00:04:30.790+0000] {base_job.py:109} INFO - [IngestionJob]   Page 37: 200 records (Total: 7400)
[2026-02-02T00:04:30.993+0000] {logging_mixin.py:190} INFO - [2026-02-02 00:04:30] [IngestionJob] [INFO] [IngestionJob]   Page 38...
[2026-02-02T00:04:30.992+0000] {base_job.py:109} INFO - [IngestionJob]   Page 38...
[2026-02-02T00:04:31.045+0000] {logging_mixin.py:190} INFO - [2026-02-02 00:04:31] [IngestionJob] [INFO] [IngestionJob]   Page 38: 200 records (Total: 7600)
[2026-02-02T00:04:31.045+0000] {base_job.py:109} INFO - [IngestionJob]   Page 38: 200 records (Total: 7600)
[2026-02-02T00:04:31.248+0000] {logging_mixin.py:190} INFO - [2026-02-02 00:04:31] [IngestionJob] [INFO] [IngestionJob]   Page 39...
[2026-02-02T00:04:31.248+0000] {base_job.py:109} INFO - [IngestionJob]   Page 39...
[2026-02-02T00:04:31.298+0000] {logging_mixin.py:190} INFO - [2026-02-02 00:04:31] [IngestionJob] [INFO] [IngestionJob]   Page 39: 200 records (Total: 7800)
[2026-02-02T00:04:31.298+0000] {base_job.py:109} INFO - [IngestionJob]   Page 39: 200 records (Total: 7800)
[2026-02-02T00:04:31.500+0000] {logging_mixin.py:190} INFO - [2026-02-02 00:04:31] [IngestionJob] [INFO] [IngestionJob]   Page 40...
[2026-02-02T00:04:31.499+0000] {base_job.py:109} INFO - [IngestionJob]   Page 40...
[2026-02-02T00:04:31.550+0000] {logging_mixin.py:190} INFO - [2026-02-02 00:04:31] [IngestionJob] [INFO] [IngestionJob]   Page 40: 200 records (Total: 8000)
[2026-02-02T00:04:31.550+0000] {base_job.py:109} INFO - [IngestionJob]   Page 40: 200 records (Total: 8000)
[2026-02-02T00:04:31.755+0000] {logging_mixin.py:190} INFO - [2026-02-02 00:04:31] [IngestionJob] [INFO] [IngestionJob]   Page 41...
[2026-02-02T00:04:31.755+0000] {base_job.py:109} INFO - [IngestionJob]   Page 41...
[2026-02-02T00:04:31.809+0000] {logging_mixin.py:190} INFO - [2026-02-02 00:04:31] [IngestionJob] [INFO] [IngestionJob]   Page 41: 200 records (Total: 8200)
[2026-02-02T00:04:31.809+0000] {base_job.py:109} INFO - [IngestionJob]   Page 41: 200 records (Total: 8200)
[2026-02-02T00:04:32.011+0000] {logging_mixin.py:190} INFO - [2026-02-02 00:04:32] [IngestionJob] [INFO] [IngestionJob]   Page 42...
[2026-02-02T00:04:32.011+0000] {base_job.py:109} INFO - [IngestionJob]   Page 42...
[2026-02-02T00:04:32.064+0000] {logging_mixin.py:190} INFO - [2026-02-02 00:04:32] [IngestionJob] [INFO] [IngestionJob]   Page 42: 200 records (Total: 8400)
[2026-02-02T00:04:32.063+0000] {base_job.py:109} INFO - [IngestionJob]   Page 42: 200 records (Total: 8400)
[2026-02-02T00:04:32.267+0000] {logging_mixin.py:190} INFO - [2026-02-02 00:04:32] [IngestionJob] [INFO] [IngestionJob]   Page 43...
[2026-02-02T00:04:32.267+0000] {base_job.py:109} INFO - [IngestionJob]   Page 43...
[2026-02-02T00:04:32.321+0000] {logging_mixin.py:190} INFO - [2026-02-02 00:04:32] [IngestionJob] [INFO] [IngestionJob]   Page 43: 200 records (Total: 8600)
[2026-02-02T00:04:32.321+0000] {base_job.py:109} INFO - [IngestionJob]   Page 43: 200 records (Total: 8600)
[2026-02-02T00:04:32.524+0000] {logging_mixin.py:190} INFO - [2026-02-02 00:04:32] [IngestionJob] [INFO] [IngestionJob]   Page 44...
[2026-02-02T00:04:32.523+0000] {base_job.py:109} INFO - [IngestionJob]   Page 44...
[2026-02-02T00:04:32.577+0000] {logging_mixin.py:190} INFO - [2026-02-02 00:04:32] [IngestionJob] [INFO] [IngestionJob]   Page 44: 200 records (Total: 8800)
[2026-02-02T00:04:32.577+0000] {base_job.py:109} INFO - [IngestionJob]   Page 44: 200 records (Total: 8800)
[2026-02-02T00:04:32.780+0000] {logging_mixin.py:190} INFO - [2026-02-02 00:04:32] [IngestionJob] [INFO] [IngestionJob]   Page 45...
[2026-02-02T00:04:32.780+0000] {base_job.py:109} INFO - [IngestionJob]   Page 45...
[2026-02-02T00:04:32.834+0000] {logging_mixin.py:190} INFO - [2026-02-02 00:04:32] [IngestionJob] [INFO] [IngestionJob]   Page 45: 200 records (Total: 9000)
[2026-02-02T00:04:32.834+0000] {base_job.py:109} INFO - [IngestionJob]   Page 45: 200 records (Total: 9000)
[2026-02-02T00:04:33.037+0000] {logging_mixin.py:190} INFO - [2026-02-02 00:04:33] [IngestionJob] [INFO] [IngestionJob]   Page 46...
[2026-02-02T00:04:33.037+0000] {base_job.py:109} INFO - [IngestionJob]   Page 46...
[2026-02-02T00:04:33.090+0000] {logging_mixin.py:190} INFO - [2026-02-02 00:04:33] [IngestionJob] [INFO] [IngestionJob]   Page 46: 83 records (Total: 9083)
[2026-02-02T00:04:33.090+0000] {base_job.py:109} INFO - [IngestionJob]   Page 46: 83 records (Total: 9083)
[2026-02-02T00:04:33.294+0000] {logging_mixin.py:190} INFO - [2026-02-02 00:04:33] [IngestionJob] [INFO] [IngestionJob]   Page 47...
[2026-02-02T00:04:33.293+0000] {base_job.py:109} INFO - [IngestionJob]   Page 47...
[2026-02-02T00:04:33.345+0000] {logging_mixin.py:190} INFO - [2026-02-02 00:04:33] [IngestionJob] [INFO] [IngestionJob] Pagination complete. Total pages: 46
[2026-02-02T00:04:33.344+0000] {base_job.py:109} INFO - [IngestionJob] Pagination complete. Total pages: 46
[2026-02-02T00:04:35.264+0000] {logging_mixin.py:190} INFO - [2026-02-02 00:04:35] [IngestionJob] [INFO] [IngestionJob] DataFrame created with 9083 records
[2026-02-02T00:04:35.264+0000] {base_job.py:109} INFO - [IngestionJob] DataFrame created with 9083 records
[2026-02-02T00:04:35.780+0000] {logging_mixin.py:190} INFO - [2026-02-02 00:04:35] [IngestionJob] [INFO] [IngestionJob] ✅ Ingestion completed! 9083 records written to bronze/breweries/created_at=2026-02-02
[2026-02-02T00:04:35.779+0000] {base_job.py:109} INFO - [IngestionJob] ✅ Ingestion completed! 9083 records written to bronze/breweries/created_at=2026-02-02
[2026-02-02T00:04:35.783+0000] {logging_mixin.py:190} INFO - [2026-02-02 00:04:35] [IngestionJob] [INFO] [IngestionJob] Job completed successfully
[2026-02-02T00:04:35.783+0000] {base_job.py:109} INFO - [IngestionJob] Job completed successfully
[2026-02-02T00:04:35.784+0000] {python.py:240} INFO - Done. Returned value was: None
[2026-02-02T00:04:35.800+0000] {taskinstance.py:340} INFO - ::group::Post task execution logs
[2026-02-02T00:04:35.800+0000] {taskinstance.py:352} INFO - Marking task as SUCCESS. dag_id=bees_brewery_medallion, task_id=ingestion_bronze, run_id=manual__2026-02-02T00:04:17+00:00, execution_date=20260202T000417, start_date=20260202T000419, end_date=20260202T000435
[2026-02-02T00:04:35.859+0000] {local_task_job_runner.py:261} INFO - Task exited with return code 0
[2026-02-02T00:04:35.881+0000] {taskinstance.py:3891} INFO - 1 downstream tasks scheduled from follow-on schedule check
[2026-02-02T00:04:35.882+0000] {local_task_job_runner.py:240} INFO - ::endgroup::
