[2026-02-02T00:32:49.788+0000] {local_task_job_runner.py:123} INFO - ::group::Pre task execution logs
[2026-02-02T00:32:49.803+0000] {taskinstance.py:2603} INFO - Dependencies all met for dep_context=non-requeueable deps ti=<TaskInstance: bees_brewery_medallion.pipeline_start manual__2026-02-02T00:25:07+00:00 [queued]>
[2026-02-02T00:32:49.807+0000] {taskinstance.py:2603} INFO - Dependencies all met for dep_context=requeueable deps ti=<TaskInstance: bees_brewery_medallion.pipeline_start manual__2026-02-02T00:25:07+00:00 [queued]>
[2026-02-02T00:32:49.808+0000] {taskinstance.py:2856} INFO - Starting attempt 1 of 3
[2026-02-02T00:32:49.814+0000] {taskinstance.py:2879} INFO - Executing <Task(BashOperator): pipeline_start> on 2026-02-02 00:25:07+00:00
[2026-02-02T00:32:49.818+0000] {logging_mixin.py:190} WARNING - /home/***/.local/lib/python3.12/site-packages/***/task/task_runner/standard_task_runner.py:70 DeprecationWarning: This process (pid=583) is multi-threaded, use of fork() may lead to deadlocks in the child.
[2026-02-02T00:32:49.819+0000] {standard_task_runner.py:72} INFO - Started process 584 to run task
[2026-02-02T00:32:49.818+0000] {standard_task_runner.py:104} INFO - Running: ['***', 'tasks', 'run', 'bees_brewery_medallion', 'pipeline_start', 'manual__2026-02-02T00:25:07+00:00', '--job-id', '4', '--raw', '--subdir', 'DAGS_FOLDER/bees_brewery_dag.py', '--cfg-path', '/tmp/tmpzqokypb6']
[2026-02-02T00:32:49.820+0000] {standard_task_runner.py:105} INFO - Job 4: Subtask pipeline_start
[2026-02-02T00:32:49.827+0000] {logging_mixin.py:190} WARNING - /home/***/.local/lib/python3.12/site-packages/***/settings.py:209 DeprecationWarning: The sql_alchemy_conn option in [core] has been moved to the sql_alchemy_conn option in [database] - the old setting has been used, but please update your config.
[2026-02-02T00:32:49.845+0000] {task_command.py:467} INFO - Running <TaskInstance: bees_brewery_medallion.pipeline_start manual__2026-02-02T00:25:07+00:00 [running]> on host 41608150ebbf
[2026-02-02T00:32:49.881+0000] {taskinstance.py:3122} INFO - Exporting env vars: AIRFLOW_CTX_DAG_OWNER='bees-data-engineering' AIRFLOW_CTX_DAG_ID='bees_brewery_medallion' AIRFLOW_CTX_TASK_ID='pipeline_start' AIRFLOW_CTX_EXECUTION_DATE='2026-02-02T00:25:07+00:00' AIRFLOW_CTX_TRY_NUMBER='1' AIRFLOW_CTX_DAG_RUN_ID='manual__2026-02-02T00:25:07+00:00'
[2026-02-02T00:32:49.881+0000] {taskinstance.py:731} INFO - ::endgroup::
[2026-02-02T00:32:49.888+0000] {subprocess.py:63} INFO - Tmp dir root location: /tmp
[2026-02-02T00:32:49.888+0000] {subprocess.py:75} INFO - Running command: ['/usr/bin/bash', '-c', 'echo "Starting BEES Brewery Pipeline at $(date)"']
[2026-02-02T00:32:49.893+0000] {subprocess.py:86} INFO - Output:
[2026-02-02T00:32:49.896+0000] {subprocess.py:93} INFO - Starting BEES Brewery Pipeline at Mon Feb  2 00:32:49 UTC 2026
[2026-02-02T00:32:49.896+0000] {subprocess.py:97} INFO - Command exited with return code 0
[2026-02-02T00:32:49.908+0000] {taskinstance.py:340} INFO - ::group::Post task execution logs
[2026-02-02T00:32:49.908+0000] {taskinstance.py:352} INFO - Marking task as SUCCESS. dag_id=bees_brewery_medallion, task_id=pipeline_start, run_id=manual__2026-02-02T00:25:07+00:00, execution_date=20260202T002507, start_date=20260202T003249, end_date=20260202T003249
[2026-02-02T00:32:49.918+0000] {local_task_job_runner.py:261} INFO - Task exited with return code 0
[2026-02-02T00:32:49.931+0000] {taskinstance.py:3891} INFO - 1 downstream tasks scheduled from follow-on schedule check
[2026-02-02T00:32:49.932+0000] {local_task_job_runner.py:240} INFO - ::endgroup::
