[2026-02-02T00:50:47.189+0000] {local_task_job_runner.py:123} INFO - ::group::Pre task execution logs
[2026-02-02T00:50:47.194+0000] {taskinstance.py:2603} INFO - Dependencies all met for dep_context=non-requeueable deps ti=<TaskInstance: bees_brewery_medallion.pipeline_end manual__2026-02-02T00:38:12+00:00 [queued]>
[2026-02-02T00:50:47.197+0000] {taskinstance.py:2603} INFO - Dependencies all met for dep_context=requeueable deps ti=<TaskInstance: bees_brewery_medallion.pipeline_end manual__2026-02-02T00:38:12+00:00 [queued]>
[2026-02-02T00:50:47.197+0000] {taskinstance.py:2856} INFO - Starting attempt 1 of 3
[2026-02-02T00:50:47.200+0000] {taskinstance.py:2879} INFO - Executing <Task(BashOperator): pipeline_end> on 2026-02-02 00:38:12+00:00
[2026-02-02T00:50:47.203+0000] {logging_mixin.py:190} WARNING - /home/***/.local/lib/python3.12/site-packages/***/task/task_runner/standard_task_runner.py:70 DeprecationWarning: This process (pid=4096) is multi-threaded, use of fork() may lead to deadlocks in the child.
[2026-02-02T00:50:47.204+0000] {standard_task_runner.py:72} INFO - Started process 4097 to run task
[2026-02-02T00:50:47.204+0000] {standard_task_runner.py:104} INFO - Running: ['***', 'tasks', 'run', 'bees_brewery_medallion', 'pipeline_end', 'manual__2026-02-02T00:38:12+00:00', '--job-id', '15', '--raw', '--subdir', 'DAGS_FOLDER/bees_brewery_dag.py', '--cfg-path', '/tmp/tmpv1k6m5z6']
[2026-02-02T00:50:47.205+0000] {standard_task_runner.py:105} INFO - Job 15: Subtask pipeline_end
[2026-02-02T00:50:47.210+0000] {logging_mixin.py:190} WARNING - /home/***/.local/lib/python3.12/site-packages/***/settings.py:209 DeprecationWarning: The sql_alchemy_conn option in [core] has been moved to the sql_alchemy_conn option in [database] - the old setting has been used, but please update your config.
[2026-02-02T00:50:47.222+0000] {task_command.py:467} INFO - Running <TaskInstance: bees_brewery_medallion.pipeline_end manual__2026-02-02T00:38:12+00:00 [running]> on host babc5ef10f8b
[2026-02-02T00:50:47.270+0000] {taskinstance.py:3122} INFO - Exporting env vars: AIRFLOW_CTX_DAG_OWNER='bees-data-engineering' AIRFLOW_CTX_DAG_ID='bees_brewery_medallion' AIRFLOW_CTX_TASK_ID='pipeline_end' AIRFLOW_CTX_EXECUTION_DATE='2026-02-02T00:38:12+00:00' AIRFLOW_CTX_TRY_NUMBER='1' AIRFLOW_CTX_DAG_RUN_ID='manual__2026-02-02T00:38:12+00:00'
[2026-02-02T00:50:47.271+0000] {taskinstance.py:731} INFO - ::endgroup::
[2026-02-02T00:50:47.276+0000] {subprocess.py:63} INFO - Tmp dir root location: /tmp
[2026-02-02T00:50:47.276+0000] {subprocess.py:75} INFO - Running command: ['/usr/bin/bash', '-c', 'echo "Pipeline completed successfully at $(date)"']
[2026-02-02T00:50:47.280+0000] {subprocess.py:86} INFO - Output:
[2026-02-02T00:50:47.282+0000] {subprocess.py:93} INFO - Pipeline completed successfully at Mon Feb  2 00:50:47 UTC 2026
[2026-02-02T00:50:47.282+0000] {subprocess.py:97} INFO - Command exited with return code 0
[2026-02-02T00:50:47.291+0000] {taskinstance.py:340} INFO - ::group::Post task execution logs
[2026-02-02T00:50:47.291+0000] {taskinstance.py:352} INFO - Marking task as SUCCESS. dag_id=bees_brewery_medallion, task_id=pipeline_end, run_id=manual__2026-02-02T00:38:12+00:00, execution_date=20260202T003812, start_date=20260202T005047, end_date=20260202T005047
[2026-02-02T00:50:47.305+0000] {local_task_job_runner.py:261} INFO - Task exited with return code 0
[2026-02-02T00:50:47.313+0000] {taskinstance.py:3891} INFO - 0 downstream tasks scheduled from follow-on schedule check
[2026-02-02T00:50:47.313+0000] {local_task_job_runner.py:240} INFO - ::endgroup::
