[2026-02-02T01:21:25.957+0000] {local_task_job_runner.py:123} INFO - ::group::Pre task execution logs
[2026-02-02T01:21:25.964+0000] {taskinstance.py:2603} INFO - Dependencies all met for dep_context=non-requeueable deps ti=<TaskInstance: bees_brewery_medallion.transformation_silver scheduled__2026-02-01T00:00:00+00:00 [queued]>
[2026-02-02T01:21:25.967+0000] {taskinstance.py:2603} INFO - Dependencies all met for dep_context=requeueable deps ti=<TaskInstance: bees_brewery_medallion.transformation_silver scheduled__2026-02-01T00:00:00+00:00 [queued]>
[2026-02-02T01:21:25.967+0000] {taskinstance.py:2856} INFO - Starting attempt 2 of 3
[2026-02-02T01:21:25.972+0000] {taskinstance.py:2879} INFO - Executing <Task(PythonOperator): transformation_silver> on 2026-02-01 00:00:00+00:00
[2026-02-02T01:21:25.977+0000] {logging_mixin.py:190} WARNING - /home/***/.local/lib/python3.12/site-packages/***/task/task_runner/standard_task_runner.py:70 DeprecationWarning: This process (pid=1178) is multi-threaded, use of fork() may lead to deadlocks in the child.
[2026-02-02T01:21:25.978+0000] {standard_task_runner.py:72} INFO - Started process 1179 to run task
[2026-02-02T01:21:25.977+0000] {standard_task_runner.py:104} INFO - Running: ['***', 'tasks', 'run', 'bees_brewery_medallion', 'transformation_silver', 'scheduled__2026-02-01T00:00:00+00:00', '--job-id', '13', '--raw', '--subdir', 'DAGS_FOLDER/bees_brewery_dag.py', '--cfg-path', '/tmp/tmp681swg9h']
[2026-02-02T01:21:25.979+0000] {standard_task_runner.py:105} INFO - Job 13: Subtask transformation_silver
[2026-02-02T01:21:25.987+0000] {logging_mixin.py:190} WARNING - /home/***/.local/lib/python3.12/site-packages/***/settings.py:209 DeprecationWarning: The sql_alchemy_conn option in [core] has been moved to the sql_alchemy_conn option in [database] - the old setting has been used, but please update your config.
[2026-02-02T01:21:26.010+0000] {task_command.py:467} INFO - Running <TaskInstance: bees_brewery_medallion.transformation_silver scheduled__2026-02-01T00:00:00+00:00 [running]> on host 7d430775332e
[2026-02-02T01:21:26.011+0000] {logging_mixin.py:190} WARNING - /home/***/.local/lib/python3.12/site-packages/***/settings.py:449 DeprecationWarning: The sql_alchemy_conn option in [core] has been moved to the sql_alchemy_conn option in [database] - the old setting has been used, but please update your config.
[2026-02-02T01:21:26.044+0000] {taskinstance.py:3122} INFO - Exporting env vars: AIRFLOW_CTX_DAG_OWNER='bees-data-engineering' AIRFLOW_CTX_DAG_ID='bees_brewery_medallion' AIRFLOW_CTX_TASK_ID='transformation_silver' AIRFLOW_CTX_EXECUTION_DATE='2026-02-01T00:00:00+00:00' AIRFLOW_CTX_TRY_NUMBER='2' AIRFLOW_CTX_DAG_RUN_ID='scheduled__2026-02-01T00:00:00+00:00'
[2026-02-02T01:21:26.045+0000] {taskinstance.py:731} INFO - ::endgroup::
[2026-02-02T01:21:26.051+0000] {bees_brewery_dag.py:65} INFO - Starting transformation job...
[2026-02-02T01:21:26.052+0000] {bees_brewery_dag.py:68} INFO - Using execution date: 2026-02-01
[2026-02-02T01:21:27.901+0000] {local_task_job_runner.py:127} ERROR - Received SIGTERM. Terminating subprocesses
[2026-02-02T01:21:27.938+0000] {process_utils.py:132} INFO - Sending 15 to group 1179. PIDs of all processes in the group: [1181, 1179]
[2026-02-02T01:21:27.939+0000] {process_utils.py:87} INFO - Sending the signal 15 to group 1179
[2026-02-02T01:21:27.942+0000] {taskinstance.py:3083} ERROR - Received SIGTERM. Terminating subprocesses.
[2026-02-02T01:21:27.967+0000] {taskinstance.py:3301} ERROR - Task failed with exception
Traceback (most recent call last):
  File "/home/airflow/.local/lib/python3.12/site-packages/airflow/models/taskinstance.py", line 767, in _execute_task
    result = _execute_callable(context=context, **execute_callable_kwargs)
             ^^^^^^^^^^^^^^^^^^^^^^^^^^^^^^^^^^^^^^^^^^^^^^^^^^^^^^^^^^^^^
  File "/home/airflow/.local/lib/python3.12/site-packages/airflow/models/taskinstance.py", line 733, in _execute_callable
    return ExecutionCallableRunner(
           ^^^^^^^^^^^^^^^^^^^^^^^^
  File "/home/airflow/.local/lib/python3.12/site-packages/airflow/utils/operator_helpers.py", line 252, in run
    return self.func(*args, **kwargs)
           ^^^^^^^^^^^^^^^^^^^^^^^^^^
  File "/home/airflow/.local/lib/python3.12/site-packages/airflow/models/baseoperator.py", line 406, in wrapper
    return func(self, *args, **kwargs)
           ^^^^^^^^^^^^^^^^^^^^^^^^^^^
  File "/home/airflow/.local/lib/python3.12/site-packages/airflow/operators/python.py", line 238, in execute
    return_value = self.execute_callable()
                   ^^^^^^^^^^^^^^^^^^^^^^^
  File "/home/airflow/.local/lib/python3.12/site-packages/airflow/operators/python.py", line 256, in execute_callable
    return runner.run(*self.op_args, **self.op_kwargs)
           ^^^^^^^^^^^^^^^^^^^^^^^^^^^^^^^^^^^^^^^^^^^
  File "/home/airflow/.local/lib/python3.12/site-packages/airflow/utils/operator_helpers.py", line 252, in run
    return self.func(*args, **kwargs)
           ^^^^^^^^^^^^^^^^^^^^^^^^^^
  File "/opt/airflow/dags/bees_brewery_dag.py", line 70, in run_transformation
    with TransformationJob(config.to_dict(), storage, execution_date=execution_date) as job:
         ^^^^^^^^^^^^^^^^^^^^^^^^^^^^^^^^^^^^^^^^^^^^^^^^^^^^^^^^^^^^^^^^^^^^^^^^^^^
  File "/opt/airflow/spark_jobs/transformation_silver.py", line 14, in __init__
    super().__init__(config, storage)
  File "/opt/airflow/spark_jobs/base_job.py", line 26, in __init__
    self.spark = SparkSessionFactory.get_or_create(config)
                 ^^^^^^^^^^^^^^^^^^^^^^^^^^^^^^^^^^^^^^^^^
  File "/opt/airflow/core/spark_session.py", line 51, in get_or_create
    return builder.getOrCreate()
           ^^^^^^^^^^^^^^^^^^^^^
  File "/home/airflow/.local/lib/python3.12/site-packages/pyspark/sql/session.py", line 560, in getOrCreate
    session = SparkSession(sc, options=self._options)
              ^^^^^^^^^^^^^^^^^^^^^^^^^^^^^^^^^^^^^^^
  File "/home/airflow/.local/lib/python3.12/site-packages/pyspark/sql/session.py", line 642, in __init__
    jsparkSession = jSparkSessionClass(self._jsc.sc(), options)
                    ^^^^^^^^^^^^^^^^^^^^^^^^^^^^^^^^^^^^^^^^^^^
  File "/home/airflow/.local/lib/python3.12/site-packages/py4j/java_gateway.py", line 1626, in __call__
    answer = self._gateway_client.send_command(command)
             ^^^^^^^^^^^^^^^^^^^^^^^^^^^^^^^^^^^^^^^^^^
  File "/home/airflow/.local/lib/python3.12/site-packages/py4j/java_gateway.py", line 1038, in send_command
    response = connection.send_command(command)
               ^^^^^^^^^^^^^^^^^^^^^^^^^^^^^^^^
  File "/home/airflow/.local/lib/python3.12/site-packages/py4j/clientserver.py", line 535, in send_command
    answer = smart_decode(self.stream.readline()[:-1])
                          ^^^^^^^^^^^^^^^^^^^^^^
  File "/usr/local/lib/python3.12/socket.py", line 720, in readinto
    return self._sock.recv_into(b)
           ^^^^^^^^^^^^^^^^^^^^^^^
  File "/home/airflow/.local/lib/python3.12/site-packages/airflow/models/taskinstance.py", line 3085, in signal_handler
    raise AirflowTaskTerminated("Task received SIGTERM signal")
airflow.exceptions.AirflowTaskTerminated: Task received SIGTERM signal
[2026-02-02T01:21:28.031+0000] {taskinstance.py:1225} INFO - Marking task as UP_FOR_RETRY. dag_id=bees_brewery_medallion, task_id=transformation_silver, run_id=scheduled__2026-02-01T00:00:00+00:00, execution_date=20260201T000000, start_date=20260202T012125, end_date=20260202T012128
[2026-02-02T01:21:28.073+0000] {taskinstance.py:340} INFO - ::group::Post task execution logs
[2026-02-02T01:21:28.471+0000] {process_utils.py:80} INFO - Process psutil.Process(pid=1179, status='terminated', exitcode=2, started='01:21:25') (1179) terminated with exit code 2
[2026-02-02T01:21:28.571+0000] {process_utils.py:80} INFO - Process psutil.Process(pid=1181, status='terminated', started='01:21:25') (1181) terminated with exit code None
[2026-02-02T01:21:28.575+0000] {local_task_job_runner.py:261} INFO - Task exited with return code 143
[2026-02-02T01:21:28.614+0000] {taskinstance.py:3891} INFO - 0 downstream tasks scheduled from follow-on schedule check
