[2026-02-02T00:00:01.355+0000] {local_task_job_runner.py:123} INFO - ::group::Pre task execution logs
[2026-02-02T00:00:01.363+0000] {taskinstance.py:2603} INFO - Dependencies all met for dep_context=non-requeueable deps ti=<TaskInstance: bees_brewery_medallion.pipeline_start manual__2026-02-02T00:00:00+00:00 [queued]>
[2026-02-02T00:00:01.366+0000] {taskinstance.py:2603} INFO - Dependencies all met for dep_context=requeueable deps ti=<TaskInstance: bees_brewery_medallion.pipeline_start manual__2026-02-02T00:00:00+00:00 [queued]>
[2026-02-02T00:00:01.367+0000] {taskinstance.py:2856} INFO - Starting attempt 1 of 3
[2026-02-02T00:00:01.371+0000] {taskinstance.py:2879} INFO - Executing <Task(BashOperator): pipeline_start> on 2026-02-02 00:00:00+00:00
[2026-02-02T00:00:01.375+0000] {logging_mixin.py:190} WARNING - /home/***/.local/lib/python3.12/site-packages/***/task/task_runner/standard_task_runner.py:70 DeprecationWarning: This process (pid=176) is multi-threaded, use of fork() may lead to deadlocks in the child.
[2026-02-02T00:00:01.375+0000] {standard_task_runner.py:72} INFO - Started process 177 to run task
[2026-02-02T00:00:01.375+0000] {standard_task_runner.py:104} INFO - Running: ['***', 'tasks', 'run', 'bees_brewery_medallion', 'pipeline_start', 'manual__2026-02-02T00:00:00+00:00', '--job-id', '8', '--raw', '--subdir', 'DAGS_FOLDER/bees_brewery_dag.py', '--cfg-path', '/tmp/tmpcd47hfdm']
[2026-02-02T00:00:01.376+0000] {standard_task_runner.py:105} INFO - Job 8: Subtask pipeline_start
[2026-02-02T00:00:01.385+0000] {logging_mixin.py:190} WARNING - /home/***/.local/lib/python3.12/site-packages/***/settings.py:209 DeprecationWarning: The sql_alchemy_conn option in [core] has been moved to the sql_alchemy_conn option in [database] - the old setting has been used, but please update your config.
[2026-02-02T00:00:01.399+0000] {task_command.py:467} INFO - Running <TaskInstance: bees_brewery_medallion.pipeline_start manual__2026-02-02T00:00:00+00:00 [running]> on host 94f5d347c827
[2026-02-02T00:00:01.426+0000] {taskinstance.py:3122} INFO - Exporting env vars: AIRFLOW_CTX_DAG_OWNER='bees-data-engineering' AIRFLOW_CTX_DAG_ID='bees_brewery_medallion' AIRFLOW_CTX_TASK_ID='pipeline_start' AIRFLOW_CTX_EXECUTION_DATE='2026-02-02T00:00:00+00:00' AIRFLOW_CTX_TRY_NUMBER='1' AIRFLOW_CTX_DAG_RUN_ID='manual__2026-02-02T00:00:00+00:00'
[2026-02-02T00:00:01.427+0000] {taskinstance.py:731} INFO - ::endgroup::
[2026-02-02T00:00:01.433+0000] {subprocess.py:63} INFO - Tmp dir root location: /tmp
[2026-02-02T00:00:01.434+0000] {subprocess.py:75} INFO - Running command: ['/usr/bin/bash', '-c', 'echo "Starting BEES Brewery Pipeline at $(date)"']
[2026-02-02T00:00:01.438+0000] {subprocess.py:86} INFO - Output:
[2026-02-02T00:00:01.440+0000] {subprocess.py:93} INFO - Starting BEES Brewery Pipeline at Mon Feb  2 00:00:01 UTC 2026
[2026-02-02T00:00:01.440+0000] {subprocess.py:97} INFO - Command exited with return code 0
[2026-02-02T00:00:01.449+0000] {taskinstance.py:340} INFO - ::group::Post task execution logs
[2026-02-02T00:00:01.449+0000] {taskinstance.py:352} INFO - Marking task as SUCCESS. dag_id=bees_brewery_medallion, task_id=pipeline_start, run_id=manual__2026-02-02T00:00:00+00:00, execution_date=20260202T000000, start_date=20260202T000001, end_date=20260202T000001
[2026-02-02T00:00:01.475+0000] {local_task_job_runner.py:261} INFO - Task exited with return code 0
[2026-02-02T00:00:01.485+0000] {taskinstance.py:3891} INFO - 1 downstream tasks scheduled from follow-on schedule check
[2026-02-02T00:00:01.485+0000] {local_task_job_runner.py:240} INFO - ::endgroup::
[2026-02-02T00:32:58.383+0000] {local_task_job_runner.py:123} INFO - ::group::Pre task execution logs
[2026-02-02T00:32:58.390+0000] {taskinstance.py:2603} INFO - Dependencies all met for dep_context=non-requeueable deps ti=<TaskInstance: bees_brewery_medallion.pipeline_start manual__2026-02-02T00:00:00+00:00 [queued]>
[2026-02-02T00:32:58.393+0000] {taskinstance.py:2603} INFO - Dependencies all met for dep_context=requeueable deps ti=<TaskInstance: bees_brewery_medallion.pipeline_start manual__2026-02-02T00:00:00+00:00 [queued]>
[2026-02-02T00:32:58.393+0000] {taskinstance.py:2856} INFO - Starting attempt 1 of 3
[2026-02-02T00:32:58.397+0000] {taskinstance.py:2879} INFO - Executing <Task(BashOperator): pipeline_start> on 2026-02-02 00:00:00+00:00
[2026-02-02T00:32:58.400+0000] {logging_mixin.py:190} WARNING - /home/***/.local/lib/python3.12/site-packages/***/task/task_runner/standard_task_runner.py:70 DeprecationWarning: This process (pid=840) is multi-threaded, use of fork() may lead to deadlocks in the child.
[2026-02-02T00:32:58.400+0000] {standard_task_runner.py:72} INFO - Started process 841 to run task
[2026-02-02T00:32:58.400+0000] {standard_task_runner.py:104} INFO - Running: ['***', 'tasks', 'run', 'bees_brewery_medallion', 'pipeline_start', 'manual__2026-02-02T00:00:00+00:00', '--job-id', '7', '--raw', '--subdir', 'DAGS_FOLDER/bees_brewery_dag.py', '--cfg-path', '/tmp/tmpwwz0nz03']
[2026-02-02T00:32:58.402+0000] {standard_task_runner.py:105} INFO - Job 7: Subtask pipeline_start
[2026-02-02T00:32:58.407+0000] {logging_mixin.py:190} WARNING - /home/***/.local/lib/python3.12/site-packages/***/settings.py:209 DeprecationWarning: The sql_alchemy_conn option in [core] has been moved to the sql_alchemy_conn option in [database] - the old setting has been used, but please update your config.
[2026-02-02T00:32:58.419+0000] {task_command.py:467} INFO - Running <TaskInstance: bees_brewery_medallion.pipeline_start manual__2026-02-02T00:00:00+00:00 [running]> on host 41608150ebbf
[2026-02-02T00:32:58.446+0000] {taskinstance.py:3122} INFO - Exporting env vars: AIRFLOW_CTX_DAG_OWNER='bees-data-engineering' AIRFLOW_CTX_DAG_ID='bees_brewery_medallion' AIRFLOW_CTX_TASK_ID='pipeline_start' AIRFLOW_CTX_EXECUTION_DATE='2026-02-02T00:00:00+00:00' AIRFLOW_CTX_TRY_NUMBER='1' AIRFLOW_CTX_DAG_RUN_ID='manual__2026-02-02T00:00:00+00:00'
[2026-02-02T00:32:58.446+0000] {taskinstance.py:731} INFO - ::endgroup::
[2026-02-02T00:32:58.451+0000] {subprocess.py:63} INFO - Tmp dir root location: /tmp
[2026-02-02T00:32:58.453+0000] {subprocess.py:75} INFO - Running command: ['/usr/bin/bash', '-c', 'echo "Starting BEES Brewery Pipeline at $(date)"']
[2026-02-02T00:32:58.461+0000] {subprocess.py:86} INFO - Output:
[2026-02-02T00:32:58.465+0000] {subprocess.py:93} INFO - Starting BEES Brewery Pipeline at Mon Feb  2 00:32:58 UTC 2026
[2026-02-02T00:32:58.466+0000] {subprocess.py:97} INFO - Command exited with return code 0
[2026-02-02T00:32:58.476+0000] {taskinstance.py:340} INFO - ::group::Post task execution logs
[2026-02-02T00:32:58.476+0000] {taskinstance.py:352} INFO - Marking task as SUCCESS. dag_id=bees_brewery_medallion, task_id=pipeline_start, run_id=manual__2026-02-02T00:00:00+00:00, execution_date=20260202T000000, start_date=20260202T003258, end_date=20260202T003258
[2026-02-02T00:32:58.499+0000] {local_task_job_runner.py:261} INFO - Task exited with return code 0
[2026-02-02T00:32:58.510+0000] {taskinstance.py:3891} INFO - 1 downstream tasks scheduled from follow-on schedule check
[2026-02-02T00:32:58.511+0000] {local_task_job_runner.py:240} INFO - ::endgroup::
