[2026-02-02T00:04:36.367+0000] {local_task_job_runner.py:123} INFO - ::group::Pre task execution logs
[2026-02-02T00:04:36.372+0000] {taskinstance.py:2603} INFO - Dependencies all met for dep_context=non-requeueable deps ti=<TaskInstance: bees_brewery_medallion.transformation_silver manual__2026-02-02T00:04:17+00:00 [queued]>
[2026-02-02T00:04:36.375+0000] {taskinstance.py:2603} INFO - Dependencies all met for dep_context=requeueable deps ti=<TaskInstance: bees_brewery_medallion.transformation_silver manual__2026-02-02T00:04:17+00:00 [queued]>
[2026-02-02T00:04:36.375+0000] {taskinstance.py:2856} INFO - Starting attempt 1 of 3
[2026-02-02T00:04:36.379+0000] {taskinstance.py:2879} INFO - Executing <Task(PythonOperator): transformation_silver> on 2026-02-02 00:04:17+00:00
[2026-02-02T00:04:36.382+0000] {logging_mixin.py:190} WARNING - /home/***/.local/lib/python3.12/site-packages/***/task/task_runner/standard_task_runner.py:70 DeprecationWarning: This process (pid=481) is multi-threaded, use of fork() may lead to deadlocks in the child.
[2026-02-02T00:04:36.383+0000] {standard_task_runner.py:72} INFO - Started process 482 to run task
[2026-02-02T00:04:36.383+0000] {standard_task_runner.py:104} INFO - Running: ['***', 'tasks', 'run', 'bees_brewery_medallion', 'transformation_silver', 'manual__2026-02-02T00:04:17+00:00', '--job-id', '17', '--raw', '--subdir', 'DAGS_FOLDER/bees_brewery_dag.py', '--cfg-path', '/tmp/tmpufa7v0wm']
[2026-02-02T00:04:36.384+0000] {standard_task_runner.py:105} INFO - Job 17: Subtask transformation_silver
[2026-02-02T00:04:36.389+0000] {logging_mixin.py:190} WARNING - /home/***/.local/lib/python3.12/site-packages/***/settings.py:209 DeprecationWarning: The sql_alchemy_conn option in [core] has been moved to the sql_alchemy_conn option in [database] - the old setting has been used, but please update your config.
[2026-02-02T00:04:36.400+0000] {task_command.py:467} INFO - Running <TaskInstance: bees_brewery_medallion.transformation_silver manual__2026-02-02T00:04:17+00:00 [running]> on host 94f5d347c827
[2026-02-02T00:04:36.422+0000] {taskinstance.py:3122} INFO - Exporting env vars: AIRFLOW_CTX_DAG_OWNER='bees-data-engineering' AIRFLOW_CTX_DAG_ID='bees_brewery_medallion' AIRFLOW_CTX_TASK_ID='transformation_silver' AIRFLOW_CTX_EXECUTION_DATE='2026-02-02T00:04:17+00:00' AIRFLOW_CTX_TRY_NUMBER='1' AIRFLOW_CTX_DAG_RUN_ID='manual__2026-02-02T00:04:17+00:00'
[2026-02-02T00:04:36.422+0000] {taskinstance.py:731} INFO - ::endgroup::
[2026-02-02T00:04:36.427+0000] {bees_brewery_dag.py:65} INFO - Starting transformation job...
[2026-02-02T00:04:38.540+0000] {logging_mixin.py:190} INFO - [2026-02-02 00:04:38] [TransformationJob] [INFO] [TransformationJob] Starting Silver layer transformation...
[2026-02-02T00:04:38.540+0000] {base_job.py:109} INFO - [TransformationJob] Starting Silver layer transformation...
[2026-02-02T00:04:40.133+0000] {logging_mixin.py:190} INFO - [2026-02-02 00:04:40] [TransformationJob] [INFO] [TransformationJob] Records read from Bronze: 18166
[2026-02-02T00:04:40.133+0000] {base_job.py:109} INFO - [TransformationJob] Records read from Bronze: 18166
[2026-02-02T00:04:40.537+0000] {logging_mixin.py:190} INFO - [2026-02-02 00:04:40] [TransformationJob] [INFO] [TransformationJob] Records after deduplication: 9083 (removed: 9083)
[2026-02-02T00:04:40.537+0000] {base_job.py:109} INFO - [TransformationJob] Records after deduplication: 9083 (removed: 9083)
[2026-02-02T00:04:41.614+0000] {logging_mixin.py:190} INFO - [2026-02-02 00:04:41] [TransformationJob] [INFO] [TransformationJob] ✅ Transformation completed! 9083 records written to silver/breweries
[2026-02-02T00:04:41.614+0000] {base_job.py:109} INFO - [TransformationJob] ✅ Transformation completed! 9083 records written to silver/breweries
[2026-02-02T00:04:41.615+0000] {logging_mixin.py:190} INFO - [2026-02-02 00:04:41] [TransformationJob] [INFO] [TransformationJob] Job completed successfully
[2026-02-02T00:04:41.615+0000] {base_job.py:109} INFO - [TransformationJob] Job completed successfully
[2026-02-02T00:04:41.616+0000] {python.py:240} INFO - Done. Returned value was: None
[2026-02-02T00:04:41.622+0000] {taskinstance.py:340} INFO - ::group::Post task execution logs
[2026-02-02T00:04:41.622+0000] {taskinstance.py:352} INFO - Marking task as SUCCESS. dag_id=bees_brewery_medallion, task_id=transformation_silver, run_id=manual__2026-02-02T00:04:17+00:00, execution_date=20260202T000417, start_date=20260202T000436, end_date=20260202T000441
[2026-02-02T00:04:41.655+0000] {local_task_job_runner.py:261} INFO - Task exited with return code 0
[2026-02-02T00:04:41.670+0000] {taskinstance.py:3891} INFO - 1 downstream tasks scheduled from follow-on schedule check
[2026-02-02T00:04:41.671+0000] {local_task_job_runner.py:240} INFO - ::endgroup::
