[2026-02-02T00:32:50.619+0000] {local_task_job_runner.py:123} INFO - ::group::Pre task execution logs
[2026-02-02T00:32:50.627+0000] {taskinstance.py:2603} INFO - Dependencies all met for dep_context=non-requeueable deps ti=<TaskInstance: bees_brewery_medallion.ingestion_bronze manual__2026-02-02T00:25:07+00:00 [queued]>
[2026-02-02T00:32:50.629+0000] {taskinstance.py:2603} INFO - Dependencies all met for dep_context=requeueable deps ti=<TaskInstance: bees_brewery_medallion.ingestion_bronze manual__2026-02-02T00:25:07+00:00 [queued]>
[2026-02-02T00:32:50.630+0000] {taskinstance.py:2856} INFO - Starting attempt 1 of 3
[2026-02-02T00:32:50.637+0000] {taskinstance.py:2879} INFO - Executing <Task(PythonOperator): ingestion_bronze> on 2026-02-02 00:25:07+00:00
[2026-02-02T00:32:50.641+0000] {logging_mixin.py:190} WARNING - /home/***/.local/lib/python3.12/site-packages/***/task/task_runner/standard_task_runner.py:70 DeprecationWarning: This process (pid=592) is multi-threaded, use of fork() may lead to deadlocks in the child.
[2026-02-02T00:32:50.642+0000] {standard_task_runner.py:72} INFO - Started process 594 to run task
[2026-02-02T00:32:50.642+0000] {standard_task_runner.py:104} INFO - Running: ['***', 'tasks', 'run', 'bees_brewery_medallion', 'ingestion_bronze', 'manual__2026-02-02T00:25:07+00:00', '--job-id', '5', '--raw', '--subdir', 'DAGS_FOLDER/bees_brewery_dag.py', '--cfg-path', '/tmp/tmp8o8eu55l']
[2026-02-02T00:32:50.643+0000] {standard_task_runner.py:105} INFO - Job 5: Subtask ingestion_bronze
[2026-02-02T00:32:50.649+0000] {logging_mixin.py:190} WARNING - /home/***/.local/lib/python3.12/site-packages/***/settings.py:209 DeprecationWarning: The sql_alchemy_conn option in [core] has been moved to the sql_alchemy_conn option in [database] - the old setting has been used, but please update your config.
[2026-02-02T00:32:50.663+0000] {task_command.py:467} INFO - Running <TaskInstance: bees_brewery_medallion.ingestion_bronze manual__2026-02-02T00:25:07+00:00 [running]> on host 41608150ebbf
[2026-02-02T00:32:50.691+0000] {taskinstance.py:3122} INFO - Exporting env vars: AIRFLOW_CTX_DAG_OWNER='bees-data-engineering' AIRFLOW_CTX_DAG_ID='bees_brewery_medallion' AIRFLOW_CTX_TASK_ID='ingestion_bronze' AIRFLOW_CTX_EXECUTION_DATE='2026-02-02T00:25:07+00:00' AIRFLOW_CTX_TRY_NUMBER='1' AIRFLOW_CTX_DAG_RUN_ID='manual__2026-02-02T00:25:07+00:00'
[2026-02-02T00:32:50.691+0000] {taskinstance.py:731} INFO - ::endgroup::
[2026-02-02T00:32:50.696+0000] {bees_brewery_dag.py:59} INFO - Starting ingestion job...
[2026-02-02T00:32:53.633+0000] {logging_mixin.py:190} INFO - [2026-02-02 00:32:53] [IngestionJob] [INFO] [IngestionJob] Starting ingestion from Open Brewery DB API...
[2026-02-02T00:32:53.633+0000] {base_job.py:109} INFO - [IngestionJob] Starting ingestion from Open Brewery DB API...
[2026-02-02T00:32:53.636+0000] {logging_mixin.py:190} INFO - [2026-02-02 00:32:53] [IngestionJob] [INFO] [IngestionJob] Fetching from https://api.openbrewerydb.org/v1/breweries
[2026-02-02T00:32:53.636+0000] {base_job.py:109} INFO - [IngestionJob] Fetching from https://api.openbrewerydb.org/v1/breweries
[2026-02-02T00:32:53.637+0000] {logging_mixin.py:190} INFO - [2026-02-02 00:32:53] [IngestionJob] [INFO] [IngestionJob]   Page 1...
[2026-02-02T00:32:53.637+0000] {base_job.py:109} INFO - [IngestionJob]   Page 1...
[2026-02-02T00:32:53.825+0000] {logging_mixin.py:190} INFO - [2026-02-02 00:32:53] [IngestionJob] [INFO] [IngestionJob]   Page 1: 200 records (Total: 200)
[2026-02-02T00:32:53.825+0000] {base_job.py:109} INFO - [IngestionJob]   Page 1: 200 records (Total: 200)
[2026-02-02T00:32:54.031+0000] {logging_mixin.py:190} INFO - [2026-02-02 00:32:54] [IngestionJob] [INFO] [IngestionJob]   Page 2...
[2026-02-02T00:32:54.031+0000] {base_job.py:109} INFO - [IngestionJob]   Page 2...
[2026-02-02T00:32:54.086+0000] {logging_mixin.py:190} INFO - [2026-02-02 00:32:54] [IngestionJob] [INFO] [IngestionJob]   Page 2: 200 records (Total: 400)
[2026-02-02T00:32:54.086+0000] {base_job.py:109} INFO - [IngestionJob]   Page 2: 200 records (Total: 400)
[2026-02-02T00:32:54.289+0000] {logging_mixin.py:190} INFO - [2026-02-02 00:32:54] [IngestionJob] [INFO] [IngestionJob]   Page 3...
[2026-02-02T00:32:54.288+0000] {base_job.py:109} INFO - [IngestionJob]   Page 3...
[2026-02-02T00:32:54.342+0000] {logging_mixin.py:190} INFO - [2026-02-02 00:32:54] [IngestionJob] [INFO] [IngestionJob]   Page 3: 200 records (Total: 600)
[2026-02-02T00:32:54.342+0000] {base_job.py:109} INFO - [IngestionJob]   Page 3: 200 records (Total: 600)
[2026-02-02T00:32:54.544+0000] {logging_mixin.py:190} INFO - [2026-02-02 00:32:54] [IngestionJob] [INFO] [IngestionJob]   Page 4...
[2026-02-02T00:32:54.544+0000] {base_job.py:109} INFO - [IngestionJob]   Page 4...
[2026-02-02T00:32:54.598+0000] {logging_mixin.py:190} INFO - [2026-02-02 00:32:54] [IngestionJob] [INFO] [IngestionJob]   Page 4: 200 records (Total: 800)
[2026-02-02T00:32:54.598+0000] {base_job.py:109} INFO - [IngestionJob]   Page 4: 200 records (Total: 800)
[2026-02-02T00:32:54.803+0000] {logging_mixin.py:190} INFO - [2026-02-02 00:32:54] [IngestionJob] [INFO] [IngestionJob]   Page 5...
[2026-02-02T00:32:54.803+0000] {base_job.py:109} INFO - [IngestionJob]   Page 5...
[2026-02-02T00:32:54.857+0000] {logging_mixin.py:190} INFO - [2026-02-02 00:32:54] [IngestionJob] [INFO] [IngestionJob]   Page 5: 200 records (Total: 1000)
[2026-02-02T00:32:54.857+0000] {base_job.py:109} INFO - [IngestionJob]   Page 5: 200 records (Total: 1000)
[2026-02-02T00:32:55.061+0000] {logging_mixin.py:190} INFO - [2026-02-02 00:32:55] [IngestionJob] [INFO] [IngestionJob]   Page 6...
[2026-02-02T00:32:55.061+0000] {base_job.py:109} INFO - [IngestionJob]   Page 6...
[2026-02-02T00:32:55.118+0000] {logging_mixin.py:190} INFO - [2026-02-02 00:32:55] [IngestionJob] [INFO] [IngestionJob]   Page 6: 200 records (Total: 1200)
[2026-02-02T00:32:55.118+0000] {base_job.py:109} INFO - [IngestionJob]   Page 6: 200 records (Total: 1200)
[2026-02-02T00:32:55.320+0000] {logging_mixin.py:190} INFO - [2026-02-02 00:32:55] [IngestionJob] [INFO] [IngestionJob]   Page 7...
[2026-02-02T00:32:55.320+0000] {base_job.py:109} INFO - [IngestionJob]   Page 7...
[2026-02-02T00:32:55.377+0000] {logging_mixin.py:190} INFO - [2026-02-02 00:32:55] [IngestionJob] [INFO] [IngestionJob]   Page 7: 200 records (Total: 1400)
[2026-02-02T00:32:55.377+0000] {base_job.py:109} INFO - [IngestionJob]   Page 7: 200 records (Total: 1400)
[2026-02-02T00:32:55.583+0000] {logging_mixin.py:190} INFO - [2026-02-02 00:32:55] [IngestionJob] [INFO] [IngestionJob]   Page 8...
[2026-02-02T00:32:55.583+0000] {base_job.py:109} INFO - [IngestionJob]   Page 8...
[2026-02-02T00:32:55.639+0000] {logging_mixin.py:190} INFO - [2026-02-02 00:32:55] [IngestionJob] [INFO] [IngestionJob]   Page 8: 200 records (Total: 1600)
[2026-02-02T00:32:55.639+0000] {base_job.py:109} INFO - [IngestionJob]   Page 8: 200 records (Total: 1600)
[2026-02-02T00:32:55.842+0000] {logging_mixin.py:190} INFO - [2026-02-02 00:32:55] [IngestionJob] [INFO] [IngestionJob]   Page 9...
[2026-02-02T00:32:55.841+0000] {base_job.py:109} INFO - [IngestionJob]   Page 9...
[2026-02-02T00:32:55.899+0000] {logging_mixin.py:190} INFO - [2026-02-02 00:32:55] [IngestionJob] [INFO] [IngestionJob]   Page 9: 200 records (Total: 1800)
[2026-02-02T00:32:55.899+0000] {base_job.py:109} INFO - [IngestionJob]   Page 9: 200 records (Total: 1800)
[2026-02-02T00:32:56.101+0000] {logging_mixin.py:190} INFO - [2026-02-02 00:32:56] [IngestionJob] [INFO] [IngestionJob]   Page 10...
[2026-02-02T00:32:56.101+0000] {base_job.py:109} INFO - [IngestionJob]   Page 10...
[2026-02-02T00:32:56.154+0000] {logging_mixin.py:190} INFO - [2026-02-02 00:32:56] [IngestionJob] [INFO] [IngestionJob]   Page 10: 200 records (Total: 2000)
[2026-02-02T00:32:56.154+0000] {base_job.py:109} INFO - [IngestionJob]   Page 10: 200 records (Total: 2000)
[2026-02-02T00:32:56.357+0000] {logging_mixin.py:190} INFO - [2026-02-02 00:32:56] [IngestionJob] [INFO] [IngestionJob]   Page 11...
[2026-02-02T00:32:56.357+0000] {base_job.py:109} INFO - [IngestionJob]   Page 11...
[2026-02-02T00:32:56.408+0000] {logging_mixin.py:190} INFO - [2026-02-02 00:32:56] [IngestionJob] [INFO] [IngestionJob]   Page 11: 200 records (Total: 2200)
[2026-02-02T00:32:56.408+0000] {base_job.py:109} INFO - [IngestionJob]   Page 11: 200 records (Total: 2200)
[2026-02-02T00:32:56.609+0000] {logging_mixin.py:190} INFO - [2026-02-02 00:32:56] [IngestionJob] [INFO] [IngestionJob]   Page 12...
[2026-02-02T00:32:56.609+0000] {base_job.py:109} INFO - [IngestionJob]   Page 12...
[2026-02-02T00:32:56.660+0000] {logging_mixin.py:190} INFO - [2026-02-02 00:32:56] [IngestionJob] [INFO] [IngestionJob]   Page 12: 200 records (Total: 2400)
[2026-02-02T00:32:56.660+0000] {base_job.py:109} INFO - [IngestionJob]   Page 12: 200 records (Total: 2400)
[2026-02-02T00:32:56.864+0000] {logging_mixin.py:190} INFO - [2026-02-02 00:32:56] [IngestionJob] [INFO] [IngestionJob]   Page 13...
[2026-02-02T00:32:56.863+0000] {base_job.py:109} INFO - [IngestionJob]   Page 13...
[2026-02-02T00:32:56.914+0000] {logging_mixin.py:190} INFO - [2026-02-02 00:32:56] [IngestionJob] [INFO] [IngestionJob]   Page 13: 200 records (Total: 2600)
[2026-02-02T00:32:56.914+0000] {base_job.py:109} INFO - [IngestionJob]   Page 13: 200 records (Total: 2600)
[2026-02-02T00:32:57.116+0000] {logging_mixin.py:190} INFO - [2026-02-02 00:32:57] [IngestionJob] [INFO] [IngestionJob]   Page 14...
[2026-02-02T00:32:57.116+0000] {base_job.py:109} INFO - [IngestionJob]   Page 14...
[2026-02-02T00:32:57.169+0000] {logging_mixin.py:190} INFO - [2026-02-02 00:32:57] [IngestionJob] [INFO] [IngestionJob]   Page 14: 200 records (Total: 2800)
[2026-02-02T00:32:57.169+0000] {base_job.py:109} INFO - [IngestionJob]   Page 14: 200 records (Total: 2800)
[2026-02-02T00:32:57.374+0000] {logging_mixin.py:190} INFO - [2026-02-02 00:32:57] [IngestionJob] [INFO] [IngestionJob]   Page 15...
[2026-02-02T00:32:57.373+0000] {base_job.py:109} INFO - [IngestionJob]   Page 15...
[2026-02-02T00:32:57.438+0000] {logging_mixin.py:190} INFO - [2026-02-02 00:32:57] [IngestionJob] [INFO] [IngestionJob]   Page 15: 200 records (Total: 3000)
[2026-02-02T00:32:57.438+0000] {base_job.py:109} INFO - [IngestionJob]   Page 15: 200 records (Total: 3000)
[2026-02-02T00:32:57.647+0000] {logging_mixin.py:190} INFO - [2026-02-02 00:32:57] [IngestionJob] [INFO] [IngestionJob]   Page 16...
[2026-02-02T00:32:57.647+0000] {base_job.py:109} INFO - [IngestionJob]   Page 16...
[2026-02-02T00:32:57.703+0000] {logging_mixin.py:190} INFO - [2026-02-02 00:32:57] [IngestionJob] [INFO] [IngestionJob]   Page 16: 200 records (Total: 3200)
[2026-02-02T00:32:57.703+0000] {base_job.py:109} INFO - [IngestionJob]   Page 16: 200 records (Total: 3200)
[2026-02-02T00:32:57.909+0000] {logging_mixin.py:190} INFO - [2026-02-02 00:32:57] [IngestionJob] [INFO] [IngestionJob]   Page 17...
[2026-02-02T00:32:57.909+0000] {base_job.py:109} INFO - [IngestionJob]   Page 17...
[2026-02-02T00:32:57.966+0000] {logging_mixin.py:190} INFO - [2026-02-02 00:32:57] [IngestionJob] [INFO] [IngestionJob]   Page 17: 200 records (Total: 3400)
[2026-02-02T00:32:57.966+0000] {base_job.py:109} INFO - [IngestionJob]   Page 17: 200 records (Total: 3400)
[2026-02-02T00:32:58.170+0000] {logging_mixin.py:190} INFO - [2026-02-02 00:32:58] [IngestionJob] [INFO] [IngestionJob]   Page 18...
[2026-02-02T00:32:58.170+0000] {base_job.py:109} INFO - [IngestionJob]   Page 18...
[2026-02-02T00:32:58.219+0000] {logging_mixin.py:190} INFO - [2026-02-02 00:32:58] [IngestionJob] [INFO] [IngestionJob]   Page 18: 200 records (Total: 3600)
[2026-02-02T00:32:58.218+0000] {base_job.py:109} INFO - [IngestionJob]   Page 18: 200 records (Total: 3600)
[2026-02-02T00:32:58.419+0000] {logging_mixin.py:190} INFO - [2026-02-02 00:32:58] [IngestionJob] [INFO] [IngestionJob]   Page 19...
[2026-02-02T00:32:58.419+0000] {base_job.py:109} INFO - [IngestionJob]   Page 19...
[2026-02-02T00:32:58.470+0000] {logging_mixin.py:190} INFO - [2026-02-02 00:32:58] [IngestionJob] [INFO] [IngestionJob]   Page 19: 200 records (Total: 3800)
[2026-02-02T00:32:58.470+0000] {base_job.py:109} INFO - [IngestionJob]   Page 19: 200 records (Total: 3800)
[2026-02-02T00:32:58.671+0000] {logging_mixin.py:190} INFO - [2026-02-02 00:32:58] [IngestionJob] [INFO] [IngestionJob]   Page 20...
[2026-02-02T00:32:58.671+0000] {base_job.py:109} INFO - [IngestionJob]   Page 20...
[2026-02-02T00:32:58.727+0000] {logging_mixin.py:190} INFO - [2026-02-02 00:32:58] [IngestionJob] [INFO] [IngestionJob]   Page 20: 200 records (Total: 4000)
[2026-02-02T00:32:58.726+0000] {base_job.py:109} INFO - [IngestionJob]   Page 20: 200 records (Total: 4000)
[2026-02-02T00:32:58.933+0000] {logging_mixin.py:190} INFO - [2026-02-02 00:32:58] [IngestionJob] [INFO] [IngestionJob]   Page 21...
[2026-02-02T00:32:58.933+0000] {base_job.py:109} INFO - [IngestionJob]   Page 21...
[2026-02-02T00:32:58.988+0000] {logging_mixin.py:190} INFO - [2026-02-02 00:32:58] [IngestionJob] [INFO] [IngestionJob]   Page 21: 200 records (Total: 4200)
[2026-02-02T00:32:58.988+0000] {base_job.py:109} INFO - [IngestionJob]   Page 21: 200 records (Total: 4200)
[2026-02-02T00:32:59.194+0000] {logging_mixin.py:190} INFO - [2026-02-02 00:32:59] [IngestionJob] [INFO] [IngestionJob]   Page 22...
[2026-02-02T00:32:59.194+0000] {base_job.py:109} INFO - [IngestionJob]   Page 22...
[2026-02-02T00:32:59.254+0000] {logging_mixin.py:190} INFO - [2026-02-02 00:32:59] [IngestionJob] [INFO] [IngestionJob]   Page 22: 200 records (Total: 4400)
[2026-02-02T00:32:59.254+0000] {base_job.py:109} INFO - [IngestionJob]   Page 22: 200 records (Total: 4400)
[2026-02-02T00:32:59.455+0000] {logging_mixin.py:190} INFO - [2026-02-02 00:32:59] [IngestionJob] [INFO] [IngestionJob]   Page 23...
[2026-02-02T00:32:59.455+0000] {base_job.py:109} INFO - [IngestionJob]   Page 23...
[2026-02-02T00:32:59.507+0000] {logging_mixin.py:190} INFO - [2026-02-02 00:32:59] [IngestionJob] [INFO] [IngestionJob]   Page 23: 200 records (Total: 4600)
[2026-02-02T00:32:59.507+0000] {base_job.py:109} INFO - [IngestionJob]   Page 23: 200 records (Total: 4600)
[2026-02-02T00:32:59.709+0000] {logging_mixin.py:190} INFO - [2026-02-02 00:32:59] [IngestionJob] [INFO] [IngestionJob]   Page 24...
[2026-02-02T00:32:59.709+0000] {base_job.py:109} INFO - [IngestionJob]   Page 24...
[2026-02-02T00:32:59.763+0000] {logging_mixin.py:190} INFO - [2026-02-02 00:32:59] [IngestionJob] [INFO] [IngestionJob]   Page 24: 200 records (Total: 4800)
[2026-02-02T00:32:59.763+0000] {base_job.py:109} INFO - [IngestionJob]   Page 24: 200 records (Total: 4800)
[2026-02-02T00:32:59.965+0000] {logging_mixin.py:190} INFO - [2026-02-02 00:32:59] [IngestionJob] [INFO] [IngestionJob]   Page 25...
[2026-02-02T00:32:59.965+0000] {base_job.py:109} INFO - [IngestionJob]   Page 25...
[2026-02-02T00:33:00.021+0000] {logging_mixin.py:190} INFO - [2026-02-02 00:33:00] [IngestionJob] [INFO] [IngestionJob]   Page 25: 200 records (Total: 5000)
[2026-02-02T00:33:00.021+0000] {base_job.py:109} INFO - [IngestionJob]   Page 25: 200 records (Total: 5000)
[2026-02-02T00:33:00.222+0000] {logging_mixin.py:190} INFO - [2026-02-02 00:33:00] [IngestionJob] [INFO] [IngestionJob]   Page 26...
[2026-02-02T00:33:00.222+0000] {base_job.py:109} INFO - [IngestionJob]   Page 26...
[2026-02-02T00:33:00.278+0000] {logging_mixin.py:190} INFO - [2026-02-02 00:33:00] [IngestionJob] [INFO] [IngestionJob]   Page 26: 200 records (Total: 5200)
[2026-02-02T00:33:00.278+0000] {base_job.py:109} INFO - [IngestionJob]   Page 26: 200 records (Total: 5200)
[2026-02-02T00:33:00.483+0000] {logging_mixin.py:190} INFO - [2026-02-02 00:33:00] [IngestionJob] [INFO] [IngestionJob]   Page 27...
[2026-02-02T00:33:00.483+0000] {base_job.py:109} INFO - [IngestionJob]   Page 27...
[2026-02-02T00:33:00.533+0000] {logging_mixin.py:190} INFO - [2026-02-02 00:33:00] [IngestionJob] [INFO] [IngestionJob]   Page 27: 200 records (Total: 5400)
[2026-02-02T00:33:00.533+0000] {base_job.py:109} INFO - [IngestionJob]   Page 27: 200 records (Total: 5400)
[2026-02-02T00:33:00.736+0000] {logging_mixin.py:190} INFO - [2026-02-02 00:33:00] [IngestionJob] [INFO] [IngestionJob]   Page 28...
[2026-02-02T00:33:00.735+0000] {base_job.py:109} INFO - [IngestionJob]   Page 28...
[2026-02-02T00:33:00.790+0000] {logging_mixin.py:190} INFO - [2026-02-02 00:33:00] [IngestionJob] [INFO] [IngestionJob]   Page 28: 200 records (Total: 5600)
[2026-02-02T00:33:00.790+0000] {base_job.py:109} INFO - [IngestionJob]   Page 28: 200 records (Total: 5600)
[2026-02-02T00:33:00.991+0000] {logging_mixin.py:190} INFO - [2026-02-02 00:33:00] [IngestionJob] [INFO] [IngestionJob]   Page 29...
[2026-02-02T00:33:00.991+0000] {base_job.py:109} INFO - [IngestionJob]   Page 29...
[2026-02-02T00:33:01.047+0000] {logging_mixin.py:190} INFO - [2026-02-02 00:33:01] [IngestionJob] [INFO] [IngestionJob]   Page 29: 200 records (Total: 5800)
[2026-02-02T00:33:01.047+0000] {base_job.py:109} INFO - [IngestionJob]   Page 29: 200 records (Total: 5800)
[2026-02-02T00:33:01.248+0000] {logging_mixin.py:190} INFO - [2026-02-02 00:33:01] [IngestionJob] [INFO] [IngestionJob]   Page 30...
[2026-02-02T00:33:01.248+0000] {base_job.py:109} INFO - [IngestionJob]   Page 30...
[2026-02-02T00:33:01.298+0000] {logging_mixin.py:190} INFO - [2026-02-02 00:33:01] [IngestionJob] [INFO] [IngestionJob]   Page 30: 200 records (Total: 6000)
[2026-02-02T00:33:01.298+0000] {base_job.py:109} INFO - [IngestionJob]   Page 30: 200 records (Total: 6000)
[2026-02-02T00:33:01.500+0000] {logging_mixin.py:190} INFO - [2026-02-02 00:33:01] [IngestionJob] [INFO] [IngestionJob]   Page 31...
[2026-02-02T00:33:01.500+0000] {base_job.py:109} INFO - [IngestionJob]   Page 31...
[2026-02-02T00:33:01.556+0000] {logging_mixin.py:190} INFO - [2026-02-02 00:33:01] [IngestionJob] [INFO] [IngestionJob]   Page 31: 200 records (Total: 6200)
[2026-02-02T00:33:01.556+0000] {base_job.py:109} INFO - [IngestionJob]   Page 31: 200 records (Total: 6200)
[2026-02-02T00:33:01.758+0000] {logging_mixin.py:190} INFO - [2026-02-02 00:33:01] [IngestionJob] [INFO] [IngestionJob]   Page 32...
[2026-02-02T00:33:01.758+0000] {base_job.py:109} INFO - [IngestionJob]   Page 32...
[2026-02-02T00:33:01.805+0000] {logging_mixin.py:190} INFO - [2026-02-02 00:33:01] [IngestionJob] [INFO] [IngestionJob]   Page 32: 200 records (Total: 6400)
[2026-02-02T00:33:01.805+0000] {base_job.py:109} INFO - [IngestionJob]   Page 32: 200 records (Total: 6400)
[2026-02-02T00:33:02.007+0000] {logging_mixin.py:190} INFO - [2026-02-02 00:33:02] [IngestionJob] [INFO] [IngestionJob]   Page 33...
[2026-02-02T00:33:02.007+0000] {base_job.py:109} INFO - [IngestionJob]   Page 33...
[2026-02-02T00:33:02.065+0000] {logging_mixin.py:190} INFO - [2026-02-02 00:33:02] [IngestionJob] [INFO] [IngestionJob]   Page 33: 200 records (Total: 6600)
[2026-02-02T00:33:02.065+0000] {base_job.py:109} INFO - [IngestionJob]   Page 33: 200 records (Total: 6600)
[2026-02-02T00:33:02.268+0000] {logging_mixin.py:190} INFO - [2026-02-02 00:33:02] [IngestionJob] [INFO] [IngestionJob]   Page 34...
[2026-02-02T00:33:02.267+0000] {base_job.py:109} INFO - [IngestionJob]   Page 34...
[2026-02-02T00:33:02.322+0000] {logging_mixin.py:190} INFO - [2026-02-02 00:33:02] [IngestionJob] [INFO] [IngestionJob]   Page 34: 200 records (Total: 6800)
[2026-02-02T00:33:02.322+0000] {base_job.py:109} INFO - [IngestionJob]   Page 34: 200 records (Total: 6800)
[2026-02-02T00:33:02.524+0000] {logging_mixin.py:190} INFO - [2026-02-02 00:33:02] [IngestionJob] [INFO] [IngestionJob]   Page 35...
[2026-02-02T00:33:02.523+0000] {base_job.py:109} INFO - [IngestionJob]   Page 35...
[2026-02-02T00:33:02.581+0000] {logging_mixin.py:190} INFO - [2026-02-02 00:33:02] [IngestionJob] [INFO] [IngestionJob]   Page 35: 200 records (Total: 7000)
[2026-02-02T00:33:02.581+0000] {base_job.py:109} INFO - [IngestionJob]   Page 35: 200 records (Total: 7000)
[2026-02-02T00:33:02.786+0000] {logging_mixin.py:190} INFO - [2026-02-02 00:33:02] [IngestionJob] [INFO] [IngestionJob]   Page 36...
[2026-02-02T00:33:02.786+0000] {base_job.py:109} INFO - [IngestionJob]   Page 36...
[2026-02-02T00:33:02.863+0000] {logging_mixin.py:190} INFO - [2026-02-02 00:33:02] [IngestionJob] [INFO] [IngestionJob]   Page 36: 200 records (Total: 7200)
[2026-02-02T00:33:02.863+0000] {base_job.py:109} INFO - [IngestionJob]   Page 36: 200 records (Total: 7200)
[2026-02-02T00:33:03.066+0000] {logging_mixin.py:190} INFO - [2026-02-02 00:33:03] [IngestionJob] [INFO] [IngestionJob]   Page 37...
[2026-02-02T00:33:03.066+0000] {base_job.py:109} INFO - [IngestionJob]   Page 37...
[2026-02-02T00:33:03.125+0000] {logging_mixin.py:190} INFO - [2026-02-02 00:33:03] [IngestionJob] [INFO] [IngestionJob]   Page 37: 200 records (Total: 7400)
[2026-02-02T00:33:03.124+0000] {base_job.py:109} INFO - [IngestionJob]   Page 37: 200 records (Total: 7400)
[2026-02-02T00:33:03.328+0000] {logging_mixin.py:190} INFO - [2026-02-02 00:33:03] [IngestionJob] [INFO] [IngestionJob]   Page 38...
[2026-02-02T00:33:03.328+0000] {base_job.py:109} INFO - [IngestionJob]   Page 38...
[2026-02-02T00:33:03.389+0000] {logging_mixin.py:190} INFO - [2026-02-02 00:33:03] [IngestionJob] [INFO] [IngestionJob]   Page 38: 200 records (Total: 7600)
[2026-02-02T00:33:03.389+0000] {base_job.py:109} INFO - [IngestionJob]   Page 38: 200 records (Total: 7600)
[2026-02-02T00:33:03.593+0000] {logging_mixin.py:190} INFO - [2026-02-02 00:33:03] [IngestionJob] [INFO] [IngestionJob]   Page 39...
[2026-02-02T00:33:03.592+0000] {base_job.py:109} INFO - [IngestionJob]   Page 39...
[2026-02-02T00:33:03.651+0000] {logging_mixin.py:190} INFO - [2026-02-02 00:33:03] [IngestionJob] [INFO] [IngestionJob]   Page 39: 200 records (Total: 7800)
[2026-02-02T00:33:03.651+0000] {base_job.py:109} INFO - [IngestionJob]   Page 39: 200 records (Total: 7800)
[2026-02-02T00:33:03.855+0000] {logging_mixin.py:190} INFO - [2026-02-02 00:33:03] [IngestionJob] [INFO] [IngestionJob]   Page 40...
[2026-02-02T00:33:03.855+0000] {base_job.py:109} INFO - [IngestionJob]   Page 40...
[2026-02-02T00:33:03.906+0000] {logging_mixin.py:190} INFO - [2026-02-02 00:33:03] [IngestionJob] [INFO] [IngestionJob]   Page 40: 200 records (Total: 8000)
[2026-02-02T00:33:03.905+0000] {base_job.py:109} INFO - [IngestionJob]   Page 40: 200 records (Total: 8000)
[2026-02-02T00:33:04.111+0000] {logging_mixin.py:190} INFO - [2026-02-02 00:33:04] [IngestionJob] [INFO] [IngestionJob]   Page 41...
[2026-02-02T00:33:04.111+0000] {base_job.py:109} INFO - [IngestionJob]   Page 41...
[2026-02-02T00:33:04.170+0000] {logging_mixin.py:190} INFO - [2026-02-02 00:33:04] [IngestionJob] [INFO] [IngestionJob]   Page 41: 200 records (Total: 8200)
[2026-02-02T00:33:04.170+0000] {base_job.py:109} INFO - [IngestionJob]   Page 41: 200 records (Total: 8200)
[2026-02-02T00:33:04.372+0000] {logging_mixin.py:190} INFO - [2026-02-02 00:33:04] [IngestionJob] [INFO] [IngestionJob]   Page 42...
[2026-02-02T00:33:04.372+0000] {base_job.py:109} INFO - [IngestionJob]   Page 42...
[2026-02-02T00:33:04.426+0000] {logging_mixin.py:190} INFO - [2026-02-02 00:33:04] [IngestionJob] [INFO] [IngestionJob]   Page 42: 200 records (Total: 8400)
[2026-02-02T00:33:04.426+0000] {base_job.py:109} INFO - [IngestionJob]   Page 42: 200 records (Total: 8400)
[2026-02-02T00:33:04.627+0000] {logging_mixin.py:190} INFO - [2026-02-02 00:33:04] [IngestionJob] [INFO] [IngestionJob]   Page 43...
[2026-02-02T00:33:04.627+0000] {base_job.py:109} INFO - [IngestionJob]   Page 43...
[2026-02-02T00:33:04.683+0000] {logging_mixin.py:190} INFO - [2026-02-02 00:33:04] [IngestionJob] [INFO] [IngestionJob]   Page 43: 200 records (Total: 8600)
[2026-02-02T00:33:04.683+0000] {base_job.py:109} INFO - [IngestionJob]   Page 43: 200 records (Total: 8600)
[2026-02-02T00:33:04.885+0000] {logging_mixin.py:190} INFO - [2026-02-02 00:33:04] [IngestionJob] [INFO] [IngestionJob]   Page 44...
[2026-02-02T00:33:04.885+0000] {base_job.py:109} INFO - [IngestionJob]   Page 44...
[2026-02-02T00:33:04.944+0000] {logging_mixin.py:190} INFO - [2026-02-02 00:33:04] [IngestionJob] [INFO] [IngestionJob]   Page 44: 200 records (Total: 8800)
[2026-02-02T00:33:04.944+0000] {base_job.py:109} INFO - [IngestionJob]   Page 44: 200 records (Total: 8800)
[2026-02-02T00:33:05.146+0000] {logging_mixin.py:190} INFO - [2026-02-02 00:33:05] [IngestionJob] [INFO] [IngestionJob]   Page 45...
[2026-02-02T00:33:05.145+0000] {base_job.py:109} INFO - [IngestionJob]   Page 45...
[2026-02-02T00:33:05.205+0000] {logging_mixin.py:190} INFO - [2026-02-02 00:33:05] [IngestionJob] [INFO] [IngestionJob]   Page 45: 200 records (Total: 9000)
[2026-02-02T00:33:05.204+0000] {base_job.py:109} INFO - [IngestionJob]   Page 45: 200 records (Total: 9000)
[2026-02-02T00:33:05.407+0000] {logging_mixin.py:190} INFO - [2026-02-02 00:33:05] [IngestionJob] [INFO] [IngestionJob]   Page 46...
[2026-02-02T00:33:05.407+0000] {base_job.py:109} INFO - [IngestionJob]   Page 46...
[2026-02-02T00:33:05.462+0000] {logging_mixin.py:190} INFO - [2026-02-02 00:33:05] [IngestionJob] [INFO] [IngestionJob]   Page 46: 83 records (Total: 9083)
[2026-02-02T00:33:05.461+0000] {base_job.py:109} INFO - [IngestionJob]   Page 46: 83 records (Total: 9083)
[2026-02-02T00:33:05.661+0000] {logging_mixin.py:190} INFO - [2026-02-02 00:33:05] [IngestionJob] [INFO] [IngestionJob]   Page 47...
[2026-02-02T00:33:05.660+0000] {base_job.py:109} INFO - [IngestionJob]   Page 47...
[2026-02-02T00:33:05.713+0000] {logging_mixin.py:190} INFO - [2026-02-02 00:33:05] [IngestionJob] [INFO] [IngestionJob] Pagination complete. Total pages: 46
[2026-02-02T00:33:05.713+0000] {base_job.py:109} INFO - [IngestionJob] Pagination complete. Total pages: 46
[2026-02-02T00:33:08.687+0000] {logging_mixin.py:190} INFO - [2026-02-02 00:33:08] [IngestionJob] [INFO] [IngestionJob] DataFrame created with 9083 records
[2026-02-02T00:33:08.686+0000] {base_job.py:109} INFO - [IngestionJob] DataFrame created with 9083 records
[2026-02-02T00:33:10.289+0000] {logging_mixin.py:190} INFO - [2026-02-02 00:33:10] [IngestionJob] [INFO] [IngestionJob] ✅ Ingestion completed! 9083 records written to bronze/breweries/created_at=2026-02-02
[2026-02-02T00:33:10.289+0000] {base_job.py:109} INFO - [IngestionJob] ✅ Ingestion completed! 9083 records written to bronze/breweries/created_at=2026-02-02
[2026-02-02T00:33:10.308+0000] {logging_mixin.py:190} INFO - [2026-02-02 00:33:10] [IngestionJob] [INFO] [IngestionJob] Job completed successfully
[2026-02-02T00:33:10.308+0000] {base_job.py:109} INFO - [IngestionJob] Job completed successfully
[2026-02-02T00:33:10.308+0000] {python.py:240} INFO - Done. Returned value was: None
[2026-02-02T00:33:10.330+0000] {taskinstance.py:340} INFO - ::group::Post task execution logs
[2026-02-02T00:33:10.330+0000] {taskinstance.py:352} INFO - Marking task as SUCCESS. dag_id=bees_brewery_medallion, task_id=ingestion_bronze, run_id=manual__2026-02-02T00:25:07+00:00, execution_date=20260202T002507, start_date=20260202T003250, end_date=20260202T003310
[2026-02-02T00:33:10.364+0000] {local_task_job_runner.py:261} INFO - Task exited with return code 0
[2026-02-02T00:33:10.433+0000] {taskinstance.py:3891} INFO - 1 downstream tasks scheduled from follow-on schedule check
[2026-02-02T00:33:10.435+0000] {local_task_job_runner.py:240} INFO - ::endgroup::
