[2026-02-02T00:06:09.162+0000] {local_task_job_runner.py:123} INFO - ::group::Pre task execution logs
[2026-02-02T00:06:09.167+0000] {taskinstance.py:2603} INFO - Dependencies all met for dep_context=non-requeueable deps ti=<TaskInstance: bees_brewery_medallion.aggregation_gold manual__2026-02-02T00:00:00+00:00 [queued]>
[2026-02-02T00:06:09.170+0000] {taskinstance.py:2603} INFO - Dependencies all met for dep_context=requeueable deps ti=<TaskInstance: bees_brewery_medallion.aggregation_gold manual__2026-02-02T00:00:00+00:00 [queued]>
[2026-02-02T00:06:09.170+0000] {taskinstance.py:2856} INFO - Starting attempt 2 of 3
[2026-02-02T00:06:09.173+0000] {taskinstance.py:2879} INFO - Executing <Task(PythonOperator): aggregation_gold> on 2026-02-02 00:00:00+00:00
[2026-02-02T00:06:09.177+0000] {logging_mixin.py:190} WARNING - /home/***/.local/lib/python3.12/site-packages/***/task/task_runner/standard_task_runner.py:70 DeprecationWarning: This process (pid=1191) is multi-threaded, use of fork() may lead to deadlocks in the child.
[2026-02-02T00:06:09.177+0000] {standard_task_runner.py:72} INFO - Started process 1192 to run task
[2026-02-02T00:06:09.177+0000] {standard_task_runner.py:104} INFO - Running: ['***', 'tasks', 'run', 'bees_brewery_medallion', 'aggregation_gold', 'manual__2026-02-02T00:00:00+00:00', '--job-id', '21', '--raw', '--subdir', 'DAGS_FOLDER/bees_brewery_dag.py', '--cfg-path', '/tmp/tmpwsoxemzv']
[2026-02-02T00:06:09.179+0000] {standard_task_runner.py:105} INFO - Job 21: Subtask aggregation_gold
[2026-02-02T00:06:09.184+0000] {logging_mixin.py:190} WARNING - /home/***/.local/lib/python3.12/site-packages/***/settings.py:209 DeprecationWarning: The sql_alchemy_conn option in [core] has been moved to the sql_alchemy_conn option in [database] - the old setting has been used, but please update your config.
[2026-02-02T00:06:09.197+0000] {task_command.py:467} INFO - Running <TaskInstance: bees_brewery_medallion.aggregation_gold manual__2026-02-02T00:00:00+00:00 [running]> on host 94f5d347c827
[2026-02-02T00:06:09.220+0000] {taskinstance.py:3122} INFO - Exporting env vars: AIRFLOW_CTX_DAG_OWNER='bees-data-engineering' AIRFLOW_CTX_DAG_ID='bees_brewery_medallion' AIRFLOW_CTX_TASK_ID='aggregation_gold' AIRFLOW_CTX_EXECUTION_DATE='2026-02-02T00:00:00+00:00' AIRFLOW_CTX_TRY_NUMBER='2' AIRFLOW_CTX_DAG_RUN_ID='manual__2026-02-02T00:00:00+00:00'
[2026-02-02T00:06:09.220+0000] {taskinstance.py:731} INFO - ::endgroup::
[2026-02-02T00:06:09.231+0000] {bees_brewery_dag.py:71} INFO - Starting aggregation job...
[2026-02-02T00:06:11.317+0000] {logging_mixin.py:190} INFO - [2026-02-02 00:06:11] [AggregationJob] [INFO] [AggregationJob] Starting Gold layer aggregation...
[2026-02-02T00:06:11.317+0000] {base_job.py:109} INFO - [AggregationJob] Starting Gold layer aggregation...
[2026-02-02T00:06:12.532+0000] {logging_mixin.py:190} INFO - [2026-02-02 00:06:12] [AggregationJob] [INFO] [AggregationJob] Records read from Silver: 9083
[2026-02-02T00:06:12.532+0000] {base_job.py:109} INFO - [AggregationJob] Records read from Silver: 9083
[2026-02-02T00:06:12.853+0000] {logging_mixin.py:190} INFO - [2026-02-02 00:06:12] [AggregationJob] [INFO] [AggregationJob] Aggregated groups: 449
[2026-02-02T00:06:12.853+0000] {base_job.py:109} INFO - [AggregationJob] Aggregated groups: 449
[2026-02-02T00:06:13.389+0000] {logging_mixin.py:190} INFO - [2026-02-02 00:06:13] [AggregationJob] [INFO] [AggregationJob] ✅ Aggregation completed! 449 groups written to gold/breweries_agg
[2026-02-02T00:06:13.389+0000] {base_job.py:109} INFO - [AggregationJob] ✅ Aggregation completed! 449 groups written to gold/breweries_agg
[2026-02-02T00:06:13.390+0000] {logging_mixin.py:190} INFO - [2026-02-02 00:06:13] [AggregationJob] [INFO] [AggregationJob] Job completed successfully
[2026-02-02T00:06:13.390+0000] {base_job.py:109} INFO - [AggregationJob] Job completed successfully
[2026-02-02T00:06:13.390+0000] {python.py:240} INFO - Done. Returned value was: None
[2026-02-02T00:06:13.397+0000] {taskinstance.py:340} INFO - ::group::Post task execution logs
[2026-02-02T00:06:13.397+0000] {taskinstance.py:352} INFO - Marking task as SUCCESS. dag_id=bees_brewery_medallion, task_id=aggregation_gold, run_id=manual__2026-02-02T00:00:00+00:00, execution_date=20260202T000000, start_date=20260202T000609, end_date=20260202T000613
[2026-02-02T00:06:13.427+0000] {local_task_job_runner.py:261} INFO - Task exited with return code 0
[2026-02-02T00:06:13.440+0000] {taskinstance.py:3891} INFO - 1 downstream tasks scheduled from follow-on schedule check
[2026-02-02T00:06:13.441+0000] {local_task_job_runner.py:240} INFO - ::endgroup::
