[2026-02-02T01:32:20.244+0000] {local_task_job_runner.py:123} INFO - ::group::Pre task execution logs
[2026-02-02T01:32:20.251+0000] {taskinstance.py:2603} INFO - Dependencies all met for dep_context=non-requeueable deps ti=<TaskInstance: bees_brewery_medallion.ingestion_bronze manual__2026-02-01T00:00:00+00:00 [queued]>
[2026-02-02T01:32:20.256+0000] {taskinstance.py:2603} INFO - Dependencies all met for dep_context=requeueable deps ti=<TaskInstance: bees_brewery_medallion.ingestion_bronze manual__2026-02-01T00:00:00+00:00 [queued]>
[2026-02-02T01:32:20.256+0000] {taskinstance.py:2856} INFO - Starting attempt 2 of 3
[2026-02-02T01:32:20.261+0000] {taskinstance.py:2879} INFO - Executing <Task(PythonOperator): ingestion_bronze> on 2026-02-01 00:00:00+00:00
[2026-02-02T01:32:20.264+0000] {logging_mixin.py:190} WARNING - /home/***/.local/lib/python3.12/site-packages/***/task/task_runner/standard_task_runner.py:70 DeprecationWarning: This process (pid=1893) is multi-threaded, use of fork() may lead to deadlocks in the child.
[2026-02-02T01:32:20.265+0000] {standard_task_runner.py:72} INFO - Started process 1894 to run task
[2026-02-02T01:32:20.265+0000] {standard_task_runner.py:104} INFO - Running: ['***', 'tasks', 'run', 'bees_brewery_medallion', 'ingestion_bronze', 'manual__2026-02-01T00:00:00+00:00', '--job-id', '21', '--raw', '--subdir', 'DAGS_FOLDER/bees_brewery_dag.py', '--cfg-path', '/tmp/tmpdxqti1x_']
[2026-02-02T01:32:20.266+0000] {standard_task_runner.py:105} INFO - Job 21: Subtask ingestion_bronze
[2026-02-02T01:32:20.272+0000] {logging_mixin.py:190} WARNING - /home/***/.local/lib/python3.12/site-packages/***/settings.py:209 DeprecationWarning: The sql_alchemy_conn option in [core] has been moved to the sql_alchemy_conn option in [database] - the old setting has been used, but please update your config.
[2026-02-02T01:32:20.286+0000] {task_command.py:467} INFO - Running <TaskInstance: bees_brewery_medallion.ingestion_bronze manual__2026-02-01T00:00:00+00:00 [running]> on host 7d430775332e
[2026-02-02T01:32:20.287+0000] {logging_mixin.py:190} WARNING - /home/***/.local/lib/python3.12/site-packages/***/settings.py:449 DeprecationWarning: The sql_alchemy_conn option in [core] has been moved to the sql_alchemy_conn option in [database] - the old setting has been used, but please update your config.
[2026-02-02T01:32:20.321+0000] {taskinstance.py:3122} INFO - Exporting env vars: AIRFLOW_CTX_DAG_OWNER='bees-data-engineering' AIRFLOW_CTX_DAG_ID='bees_brewery_medallion' AIRFLOW_CTX_TASK_ID='ingestion_bronze' AIRFLOW_CTX_EXECUTION_DATE='2026-02-01T00:00:00+00:00' AIRFLOW_CTX_TRY_NUMBER='2' AIRFLOW_CTX_DAG_RUN_ID='manual__2026-02-01T00:00:00+00:00'
[2026-02-02T01:32:20.323+0000] {taskinstance.py:731} INFO - ::endgroup::
[2026-02-02T01:32:20.330+0000] {bees_brewery_dag.py:59} INFO - Starting ingestion job...
[2026-02-02T01:32:22.862+0000] {logging_mixin.py:190} INFO - [2026-02-02 01:32:22] [IngestionJob] [INFO] [IngestionJob] Starting ingestion from Open Brewery DB API...
[2026-02-02T01:32:22.861+0000] {base_job.py:112} INFO - [IngestionJob] Starting ingestion from Open Brewery DB API...
[2026-02-02T01:32:22.863+0000] {logging_mixin.py:190} INFO - [2026-02-02 01:32:22] [IngestionJob] [INFO] [IngestionJob] Fetching from https://api.openbrewerydb.org/v1/breweries
[2026-02-02T01:32:22.863+0000] {base_job.py:112} INFO - [IngestionJob] Fetching from https://api.openbrewerydb.org/v1/breweries
[2026-02-02T01:32:22.863+0000] {logging_mixin.py:190} INFO - [2026-02-02 01:32:22] [IngestionJob] [INFO] [IngestionJob]   Page 1...
[2026-02-02T01:32:22.863+0000] {base_job.py:112} INFO - [IngestionJob]   Page 1...
[2026-02-02T01:32:23.026+0000] {logging_mixin.py:190} INFO - [2026-02-02 01:32:23] [IngestionJob] [INFO] [IngestionJob]   Page 1: 200 records (Total: 200)
[2026-02-02T01:32:23.026+0000] {base_job.py:112} INFO - [IngestionJob]   Page 1: 200 records (Total: 200)
[2026-02-02T01:32:23.230+0000] {logging_mixin.py:190} INFO - [2026-02-02 01:32:23] [IngestionJob] [INFO] [IngestionJob]   Page 2...
[2026-02-02T01:32:23.230+0000] {base_job.py:112} INFO - [IngestionJob]   Page 2...
[2026-02-02T01:32:23.278+0000] {logging_mixin.py:190} INFO - [2026-02-02 01:32:23] [IngestionJob] [INFO] [IngestionJob]   Page 2: 200 records (Total: 400)
[2026-02-02T01:32:23.278+0000] {base_job.py:112} INFO - [IngestionJob]   Page 2: 200 records (Total: 400)
[2026-02-02T01:32:23.478+0000] {logging_mixin.py:190} INFO - [2026-02-02 01:32:23] [IngestionJob] [INFO] [IngestionJob]   Page 3...
[2026-02-02T01:32:23.478+0000] {base_job.py:112} INFO - [IngestionJob]   Page 3...
[2026-02-02T01:32:23.529+0000] {logging_mixin.py:190} INFO - [2026-02-02 01:32:23] [IngestionJob] [INFO] [IngestionJob]   Page 3: 200 records (Total: 600)
[2026-02-02T01:32:23.529+0000] {base_job.py:112} INFO - [IngestionJob]   Page 3: 200 records (Total: 600)
[2026-02-02T01:32:23.730+0000] {logging_mixin.py:190} INFO - [2026-02-02 01:32:23] [IngestionJob] [INFO] [IngestionJob]   Page 4...
[2026-02-02T01:32:23.730+0000] {base_job.py:112} INFO - [IngestionJob]   Page 4...
[2026-02-02T01:32:23.782+0000] {logging_mixin.py:190} INFO - [2026-02-02 01:32:23] [IngestionJob] [INFO] [IngestionJob]   Page 4: 200 records (Total: 800)
[2026-02-02T01:32:23.782+0000] {base_job.py:112} INFO - [IngestionJob]   Page 4: 200 records (Total: 800)
[2026-02-02T01:32:23.983+0000] {logging_mixin.py:190} INFO - [2026-02-02 01:32:23] [IngestionJob] [INFO] [IngestionJob]   Page 5...
[2026-02-02T01:32:23.983+0000] {base_job.py:112} INFO - [IngestionJob]   Page 5...
[2026-02-02T01:32:24.037+0000] {logging_mixin.py:190} INFO - [2026-02-02 01:32:24] [IngestionJob] [INFO] [IngestionJob]   Page 5: 200 records (Total: 1000)
[2026-02-02T01:32:24.037+0000] {base_job.py:112} INFO - [IngestionJob]   Page 5: 200 records (Total: 1000)
[2026-02-02T01:32:24.239+0000] {logging_mixin.py:190} INFO - [2026-02-02 01:32:24] [IngestionJob] [INFO] [IngestionJob]   Page 6...
[2026-02-02T01:32:24.238+0000] {base_job.py:112} INFO - [IngestionJob]   Page 6...
[2026-02-02T01:32:24.289+0000] {logging_mixin.py:190} INFO - [2026-02-02 01:32:24] [IngestionJob] [INFO] [IngestionJob]   Page 6: 200 records (Total: 1200)
[2026-02-02T01:32:24.289+0000] {base_job.py:112} INFO - [IngestionJob]   Page 6: 200 records (Total: 1200)
[2026-02-02T01:32:24.489+0000] {logging_mixin.py:190} INFO - [2026-02-02 01:32:24] [IngestionJob] [INFO] [IngestionJob]   Page 7...
[2026-02-02T01:32:24.489+0000] {base_job.py:112} INFO - [IngestionJob]   Page 7...
[2026-02-02T01:32:24.685+0000] {logging_mixin.py:190} INFO - [2026-02-02 01:32:24] [IngestionJob] [INFO] [IngestionJob]   Page 7: 200 records (Total: 1400)
[2026-02-02T01:32:24.685+0000] {base_job.py:112} INFO - [IngestionJob]   Page 7: 200 records (Total: 1400)
[2026-02-02T01:32:24.886+0000] {logging_mixin.py:190} INFO - [2026-02-02 01:32:24] [IngestionJob] [INFO] [IngestionJob]   Page 8...
[2026-02-02T01:32:24.886+0000] {base_job.py:112} INFO - [IngestionJob]   Page 8...
[2026-02-02T01:32:25.397+0000] {logging_mixin.py:190} INFO - [2026-02-02 01:32:25] [IngestionJob] [INFO] [IngestionJob]   Page 8: 200 records (Total: 1600)
[2026-02-02T01:32:25.397+0000] {base_job.py:112} INFO - [IngestionJob]   Page 8: 200 records (Total: 1600)
[2026-02-02T01:32:25.599+0000] {logging_mixin.py:190} INFO - [2026-02-02 01:32:25] [IngestionJob] [INFO] [IngestionJob]   Page 9...
[2026-02-02T01:32:25.599+0000] {base_job.py:112} INFO - [IngestionJob]   Page 9...
[2026-02-02T01:32:26.045+0000] {logging_mixin.py:190} INFO - [2026-02-02 01:32:26] [IngestionJob] [INFO] [IngestionJob]   Page 9: 200 records (Total: 1800)
[2026-02-02T01:32:26.045+0000] {base_job.py:112} INFO - [IngestionJob]   Page 9: 200 records (Total: 1800)
[2026-02-02T01:32:26.246+0000] {logging_mixin.py:190} INFO - [2026-02-02 01:32:26] [IngestionJob] [INFO] [IngestionJob]   Page 10...
[2026-02-02T01:32:26.246+0000] {base_job.py:112} INFO - [IngestionJob]   Page 10...
[2026-02-02T01:32:26.719+0000] {logging_mixin.py:190} INFO - [2026-02-02 01:32:26] [IngestionJob] [INFO] [IngestionJob]   Page 10: 200 records (Total: 2000)
[2026-02-02T01:32:26.719+0000] {base_job.py:112} INFO - [IngestionJob]   Page 10: 200 records (Total: 2000)
[2026-02-02T01:32:26.923+0000] {logging_mixin.py:190} INFO - [2026-02-02 01:32:26] [IngestionJob] [INFO] [IngestionJob]   Page 11...
[2026-02-02T01:32:26.923+0000] {base_job.py:112} INFO - [IngestionJob]   Page 11...
[2026-02-02T01:32:27.441+0000] {logging_mixin.py:190} INFO - [2026-02-02 01:32:27] [IngestionJob] [INFO] [IngestionJob]   Page 11: 200 records (Total: 2200)
[2026-02-02T01:32:27.441+0000] {base_job.py:112} INFO - [IngestionJob]   Page 11: 200 records (Total: 2200)
[2026-02-02T01:32:27.642+0000] {logging_mixin.py:190} INFO - [2026-02-02 01:32:27] [IngestionJob] [INFO] [IngestionJob]   Page 12...
[2026-02-02T01:32:27.642+0000] {base_job.py:112} INFO - [IngestionJob]   Page 12...
[2026-02-02T01:32:28.131+0000] {logging_mixin.py:190} INFO - [2026-02-02 01:32:28] [IngestionJob] [INFO] [IngestionJob]   Page 12: 200 records (Total: 2400)
[2026-02-02T01:32:28.131+0000] {base_job.py:112} INFO - [IngestionJob]   Page 12: 200 records (Total: 2400)
[2026-02-02T01:32:28.332+0000] {logging_mixin.py:190} INFO - [2026-02-02 01:32:28] [IngestionJob] [INFO] [IngestionJob]   Page 13...
[2026-02-02T01:32:28.331+0000] {base_job.py:112} INFO - [IngestionJob]   Page 13...
[2026-02-02T01:32:28.872+0000] {logging_mixin.py:190} INFO - [2026-02-02 01:32:28] [IngestionJob] [INFO] [IngestionJob]   Page 13: 200 records (Total: 2600)
[2026-02-02T01:32:28.871+0000] {base_job.py:112} INFO - [IngestionJob]   Page 13: 200 records (Total: 2600)
[2026-02-02T01:32:29.074+0000] {logging_mixin.py:190} INFO - [2026-02-02 01:32:29] [IngestionJob] [INFO] [IngestionJob]   Page 14...
[2026-02-02T01:32:29.074+0000] {base_job.py:112} INFO - [IngestionJob]   Page 14...
[2026-02-02T01:32:29.579+0000] {logging_mixin.py:190} INFO - [2026-02-02 01:32:29] [IngestionJob] [INFO] [IngestionJob]   Page 14: 200 records (Total: 2800)
[2026-02-02T01:32:29.579+0000] {base_job.py:112} INFO - [IngestionJob]   Page 14: 200 records (Total: 2800)
[2026-02-02T01:32:29.782+0000] {logging_mixin.py:190} INFO - [2026-02-02 01:32:29] [IngestionJob] [INFO] [IngestionJob]   Page 15...
[2026-02-02T01:32:29.782+0000] {base_job.py:112} INFO - [IngestionJob]   Page 15...
[2026-02-02T01:32:30.298+0000] {logging_mixin.py:190} INFO - [2026-02-02 01:32:30] [IngestionJob] [INFO] [IngestionJob]   Page 15: 200 records (Total: 3000)
[2026-02-02T01:32:30.298+0000] {base_job.py:112} INFO - [IngestionJob]   Page 15: 200 records (Total: 3000)
[2026-02-02T01:32:30.500+0000] {logging_mixin.py:190} INFO - [2026-02-02 01:32:30] [IngestionJob] [INFO] [IngestionJob]   Page 16...
[2026-02-02T01:32:30.500+0000] {base_job.py:112} INFO - [IngestionJob]   Page 16...
[2026-02-02T01:32:30.960+0000] {logging_mixin.py:190} INFO - [2026-02-02 01:32:30] [IngestionJob] [INFO] [IngestionJob]   Page 16: 200 records (Total: 3200)
[2026-02-02T01:32:30.960+0000] {base_job.py:112} INFO - [IngestionJob]   Page 16: 200 records (Total: 3200)
[2026-02-02T01:32:31.162+0000] {logging_mixin.py:190} INFO - [2026-02-02 01:32:31] [IngestionJob] [INFO] [IngestionJob]   Page 17...
[2026-02-02T01:32:31.162+0000] {base_job.py:112} INFO - [IngestionJob]   Page 17...
[2026-02-02T01:32:31.727+0000] {logging_mixin.py:190} INFO - [2026-02-02 01:32:31] [IngestionJob] [INFO] [IngestionJob]   Page 17: 200 records (Total: 3400)
[2026-02-02T01:32:31.727+0000] {base_job.py:112} INFO - [IngestionJob]   Page 17: 200 records (Total: 3400)
[2026-02-02T01:32:31.930+0000] {logging_mixin.py:190} INFO - [2026-02-02 01:32:31] [IngestionJob] [INFO] [IngestionJob]   Page 18...
[2026-02-02T01:32:31.930+0000] {base_job.py:112} INFO - [IngestionJob]   Page 18...
[2026-02-02T01:32:32.426+0000] {logging_mixin.py:190} INFO - [2026-02-02 01:32:32] [IngestionJob] [INFO] [IngestionJob]   Page 18: 200 records (Total: 3600)
[2026-02-02T01:32:32.426+0000] {base_job.py:112} INFO - [IngestionJob]   Page 18: 200 records (Total: 3600)
[2026-02-02T01:32:32.628+0000] {logging_mixin.py:190} INFO - [2026-02-02 01:32:32] [IngestionJob] [INFO] [IngestionJob]   Page 19...
[2026-02-02T01:32:32.628+0000] {base_job.py:112} INFO - [IngestionJob]   Page 19...
[2026-02-02T01:32:33.079+0000] {logging_mixin.py:190} INFO - [2026-02-02 01:32:33] [IngestionJob] [INFO] [IngestionJob]   Page 19: 200 records (Total: 3800)
[2026-02-02T01:32:33.079+0000] {base_job.py:112} INFO - [IngestionJob]   Page 19: 200 records (Total: 3800)
[2026-02-02T01:32:33.281+0000] {logging_mixin.py:190} INFO - [2026-02-02 01:32:33] [IngestionJob] [INFO] [IngestionJob]   Page 20...
[2026-02-02T01:32:33.281+0000] {base_job.py:112} INFO - [IngestionJob]   Page 20...
[2026-02-02T01:32:33.879+0000] {logging_mixin.py:190} INFO - [2026-02-02 01:32:33] [IngestionJob] [INFO] [IngestionJob]   Page 20: 200 records (Total: 4000)
[2026-02-02T01:32:33.879+0000] {base_job.py:112} INFO - [IngestionJob]   Page 20: 200 records (Total: 4000)
[2026-02-02T01:32:34.081+0000] {logging_mixin.py:190} INFO - [2026-02-02 01:32:34] [IngestionJob] [INFO] [IngestionJob]   Page 21...
[2026-02-02T01:32:34.081+0000] {base_job.py:112} INFO - [IngestionJob]   Page 21...
[2026-02-02T01:32:34.570+0000] {logging_mixin.py:190} INFO - [2026-02-02 01:32:34] [IngestionJob] [INFO] [IngestionJob]   Page 21: 200 records (Total: 4200)
[2026-02-02T01:32:34.569+0000] {base_job.py:112} INFO - [IngestionJob]   Page 21: 200 records (Total: 4200)
[2026-02-02T01:32:34.771+0000] {logging_mixin.py:190} INFO - [2026-02-02 01:32:34] [IngestionJob] [INFO] [IngestionJob]   Page 22...
[2026-02-02T01:32:34.771+0000] {base_job.py:112} INFO - [IngestionJob]   Page 22...
[2026-02-02T01:32:35.258+0000] {logging_mixin.py:190} INFO - [2026-02-02 01:32:35] [IngestionJob] [INFO] [IngestionJob]   Page 22: 200 records (Total: 4400)
[2026-02-02T01:32:35.258+0000] {base_job.py:112} INFO - [IngestionJob]   Page 22: 200 records (Total: 4400)
[2026-02-02T01:32:35.460+0000] {logging_mixin.py:190} INFO - [2026-02-02 01:32:35] [IngestionJob] [INFO] [IngestionJob]   Page 23...
[2026-02-02T01:32:35.459+0000] {base_job.py:112} INFO - [IngestionJob]   Page 23...
[2026-02-02T01:32:35.908+0000] {logging_mixin.py:190} INFO - [2026-02-02 01:32:35] [IngestionJob] [INFO] [IngestionJob]   Page 23: 200 records (Total: 4600)
[2026-02-02T01:32:35.908+0000] {base_job.py:112} INFO - [IngestionJob]   Page 23: 200 records (Total: 4600)
[2026-02-02T01:32:36.110+0000] {logging_mixin.py:190} INFO - [2026-02-02 01:32:36] [IngestionJob] [INFO] [IngestionJob]   Page 24...
[2026-02-02T01:32:36.110+0000] {base_job.py:112} INFO - [IngestionJob]   Page 24...
[2026-02-02T01:32:36.613+0000] {logging_mixin.py:190} INFO - [2026-02-02 01:32:36] [IngestionJob] [INFO] [IngestionJob]   Page 24: 200 records (Total: 4800)
[2026-02-02T01:32:36.613+0000] {base_job.py:112} INFO - [IngestionJob]   Page 24: 200 records (Total: 4800)
[2026-02-02T01:32:36.814+0000] {logging_mixin.py:190} INFO - [2026-02-02 01:32:36] [IngestionJob] [INFO] [IngestionJob]   Page 25...
[2026-02-02T01:32:36.814+0000] {base_job.py:112} INFO - [IngestionJob]   Page 25...
[2026-02-02T01:32:37.330+0000] {logging_mixin.py:190} INFO - [2026-02-02 01:32:37] [IngestionJob] [INFO] [IngestionJob]   Page 25: 200 records (Total: 5000)
[2026-02-02T01:32:37.330+0000] {base_job.py:112} INFO - [IngestionJob]   Page 25: 200 records (Total: 5000)
[2026-02-02T01:32:37.536+0000] {logging_mixin.py:190} INFO - [2026-02-02 01:32:37] [IngestionJob] [INFO] [IngestionJob]   Page 26...
[2026-02-02T01:32:37.534+0000] {base_job.py:112} INFO - [IngestionJob]   Page 26...
[2026-02-02T01:32:38.005+0000] {logging_mixin.py:190} INFO - [2026-02-02 01:32:38] [IngestionJob] [INFO] [IngestionJob]   Page 26: 200 records (Total: 5200)
[2026-02-02T01:32:38.005+0000] {base_job.py:112} INFO - [IngestionJob]   Page 26: 200 records (Total: 5200)
[2026-02-02T01:32:38.207+0000] {logging_mixin.py:190} INFO - [2026-02-02 01:32:38] [IngestionJob] [INFO] [IngestionJob]   Page 27...
[2026-02-02T01:32:38.207+0000] {base_job.py:112} INFO - [IngestionJob]   Page 27...
[2026-02-02T01:32:38.684+0000] {logging_mixin.py:190} INFO - [2026-02-02 01:32:38] [IngestionJob] [INFO] [IngestionJob]   Page 27: 200 records (Total: 5400)
[2026-02-02T01:32:38.683+0000] {base_job.py:112} INFO - [IngestionJob]   Page 27: 200 records (Total: 5400)
[2026-02-02T01:32:38.886+0000] {logging_mixin.py:190} INFO - [2026-02-02 01:32:38] [IngestionJob] [INFO] [IngestionJob]   Page 28...
[2026-02-02T01:32:38.886+0000] {base_job.py:112} INFO - [IngestionJob]   Page 28...
[2026-02-02T01:32:39.419+0000] {logging_mixin.py:190} INFO - [2026-02-02 01:32:39] [IngestionJob] [INFO] [IngestionJob]   Page 28: 200 records (Total: 5600)
[2026-02-02T01:32:39.418+0000] {base_job.py:112} INFO - [IngestionJob]   Page 28: 200 records (Total: 5600)
[2026-02-02T01:32:39.620+0000] {logging_mixin.py:190} INFO - [2026-02-02 01:32:39] [IngestionJob] [INFO] [IngestionJob]   Page 29...
[2026-02-02T01:32:39.620+0000] {base_job.py:112} INFO - [IngestionJob]   Page 29...
[2026-02-02T01:32:40.101+0000] {logging_mixin.py:190} INFO - [2026-02-02 01:32:40] [IngestionJob] [INFO] [IngestionJob]   Page 29: 200 records (Total: 5800)
[2026-02-02T01:32:40.101+0000] {base_job.py:112} INFO - [IngestionJob]   Page 29: 200 records (Total: 5800)
[2026-02-02T01:32:40.303+0000] {logging_mixin.py:190} INFO - [2026-02-02 01:32:40] [IngestionJob] [INFO] [IngestionJob]   Page 30...
[2026-02-02T01:32:40.303+0000] {base_job.py:112} INFO - [IngestionJob]   Page 30...
[2026-02-02T01:32:40.995+0000] {logging_mixin.py:190} INFO - [2026-02-02 01:32:40] [IngestionJob] [INFO] [IngestionJob]   Page 30: 200 records (Total: 6000)
[2026-02-02T01:32:40.995+0000] {base_job.py:112} INFO - [IngestionJob]   Page 30: 200 records (Total: 6000)
[2026-02-02T01:32:41.206+0000] {logging_mixin.py:190} INFO - [2026-02-02 01:32:41] [IngestionJob] [INFO] [IngestionJob]   Page 31...
[2026-02-02T01:32:41.200+0000] {base_job.py:112} INFO - [IngestionJob]   Page 31...
[2026-02-02T01:32:41.715+0000] {logging_mixin.py:190} INFO - [2026-02-02 01:32:41] [IngestionJob] [INFO] [IngestionJob]   Page 31: 200 records (Total: 6200)
[2026-02-02T01:32:41.715+0000] {base_job.py:112} INFO - [IngestionJob]   Page 31: 200 records (Total: 6200)
[2026-02-02T01:32:41.919+0000] {logging_mixin.py:190} INFO - [2026-02-02 01:32:41] [IngestionJob] [INFO] [IngestionJob]   Page 32...
[2026-02-02T01:32:41.919+0000] {base_job.py:112} INFO - [IngestionJob]   Page 32...
[2026-02-02T01:32:42.424+0000] {logging_mixin.py:190} INFO - [2026-02-02 01:32:42] [IngestionJob] [INFO] [IngestionJob]   Page 32: 200 records (Total: 6400)
[2026-02-02T01:32:42.424+0000] {base_job.py:112} INFO - [IngestionJob]   Page 32: 200 records (Total: 6400)
[2026-02-02T01:32:42.626+0000] {logging_mixin.py:190} INFO - [2026-02-02 01:32:42] [IngestionJob] [INFO] [IngestionJob]   Page 33...
[2026-02-02T01:32:42.626+0000] {base_job.py:112} INFO - [IngestionJob]   Page 33...
[2026-02-02T01:32:43.130+0000] {logging_mixin.py:190} INFO - [2026-02-02 01:32:43] [IngestionJob] [INFO] [IngestionJob]   Page 33: 200 records (Total: 6600)
[2026-02-02T01:32:43.130+0000] {base_job.py:112} INFO - [IngestionJob]   Page 33: 200 records (Total: 6600)
[2026-02-02T01:32:43.335+0000] {logging_mixin.py:190} INFO - [2026-02-02 01:32:43] [IngestionJob] [INFO] [IngestionJob]   Page 34...
[2026-02-02T01:32:43.335+0000] {base_job.py:112} INFO - [IngestionJob]   Page 34...
[2026-02-02T01:32:43.923+0000] {logging_mixin.py:190} INFO - [2026-02-02 01:32:43] [IngestionJob] [INFO] [IngestionJob]   Page 34: 200 records (Total: 6800)
[2026-02-02T01:32:43.923+0000] {base_job.py:112} INFO - [IngestionJob]   Page 34: 200 records (Total: 6800)
[2026-02-02T01:32:44.127+0000] {logging_mixin.py:190} INFO - [2026-02-02 01:32:44] [IngestionJob] [INFO] [IngestionJob]   Page 35...
[2026-02-02T01:32:44.126+0000] {base_job.py:112} INFO - [IngestionJob]   Page 35...
[2026-02-02T01:32:44.627+0000] {logging_mixin.py:190} INFO - [2026-02-02 01:32:44] [IngestionJob] [INFO] [IngestionJob]   Page 35: 200 records (Total: 7000)
[2026-02-02T01:32:44.627+0000] {base_job.py:112} INFO - [IngestionJob]   Page 35: 200 records (Total: 7000)
[2026-02-02T01:32:44.829+0000] {logging_mixin.py:190} INFO - [2026-02-02 01:32:44] [IngestionJob] [INFO] [IngestionJob]   Page 36...
[2026-02-02T01:32:44.829+0000] {base_job.py:112} INFO - [IngestionJob]   Page 36...
[2026-02-02T01:32:45.333+0000] {logging_mixin.py:190} INFO - [2026-02-02 01:32:45] [IngestionJob] [INFO] [IngestionJob]   Page 36: 200 records (Total: 7200)
[2026-02-02T01:32:45.332+0000] {base_job.py:112} INFO - [IngestionJob]   Page 36: 200 records (Total: 7200)
[2026-02-02T01:32:45.534+0000] {logging_mixin.py:190} INFO - [2026-02-02 01:32:45] [IngestionJob] [INFO] [IngestionJob]   Page 37...
[2026-02-02T01:32:45.534+0000] {base_job.py:112} INFO - [IngestionJob]   Page 37...
[2026-02-02T01:32:46.002+0000] {logging_mixin.py:190} INFO - [2026-02-02 01:32:46] [IngestionJob] [INFO] [IngestionJob]   Page 37: 200 records (Total: 7400)
[2026-02-02T01:32:46.002+0000] {base_job.py:112} INFO - [IngestionJob]   Page 37: 200 records (Total: 7400)
[2026-02-02T01:32:46.203+0000] {logging_mixin.py:190} INFO - [2026-02-02 01:32:46] [IngestionJob] [INFO] [IngestionJob]   Page 38...
[2026-02-02T01:32:46.203+0000] {base_job.py:112} INFO - [IngestionJob]   Page 38...
[2026-02-02T01:32:46.719+0000] {logging_mixin.py:190} INFO - [2026-02-02 01:32:46] [IngestionJob] [INFO] [IngestionJob]   Page 38: 200 records (Total: 7600)
[2026-02-02T01:32:46.718+0000] {base_job.py:112} INFO - [IngestionJob]   Page 38: 200 records (Total: 7600)
[2026-02-02T01:32:46.922+0000] {logging_mixin.py:190} INFO - [2026-02-02 01:32:46] [IngestionJob] [INFO] [IngestionJob]   Page 39...
[2026-02-02T01:32:46.922+0000] {base_job.py:112} INFO - [IngestionJob]   Page 39...
[2026-02-02T01:32:47.384+0000] {logging_mixin.py:190} INFO - [2026-02-02 01:32:47] [IngestionJob] [INFO] [IngestionJob]   Page 39: 200 records (Total: 7800)
[2026-02-02T01:32:47.383+0000] {base_job.py:112} INFO - [IngestionJob]   Page 39: 200 records (Total: 7800)
[2026-02-02T01:32:47.585+0000] {logging_mixin.py:190} INFO - [2026-02-02 01:32:47] [IngestionJob] [INFO] [IngestionJob]   Page 40...
[2026-02-02T01:32:47.585+0000] {base_job.py:112} INFO - [IngestionJob]   Page 40...
[2026-02-02T01:32:48.084+0000] {logging_mixin.py:190} INFO - [2026-02-02 01:32:48] [IngestionJob] [INFO] [IngestionJob]   Page 40: 200 records (Total: 8000)
[2026-02-02T01:32:48.083+0000] {base_job.py:112} INFO - [IngestionJob]   Page 40: 200 records (Total: 8000)
[2026-02-02T01:32:48.286+0000] {logging_mixin.py:190} INFO - [2026-02-02 01:32:48] [IngestionJob] [INFO] [IngestionJob]   Page 41...
[2026-02-02T01:32:48.285+0000] {base_job.py:112} INFO - [IngestionJob]   Page 41...
[2026-02-02T01:32:48.770+0000] {logging_mixin.py:190} INFO - [2026-02-02 01:32:48] [IngestionJob] [INFO] [IngestionJob]   Page 41: 200 records (Total: 8200)
[2026-02-02T01:32:48.769+0000] {base_job.py:112} INFO - [IngestionJob]   Page 41: 200 records (Total: 8200)
[2026-02-02T01:32:48.973+0000] {logging_mixin.py:190} INFO - [2026-02-02 01:32:48] [IngestionJob] [INFO] [IngestionJob]   Page 42...
[2026-02-02T01:32:48.972+0000] {base_job.py:112} INFO - [IngestionJob]   Page 42...
[2026-02-02T01:32:49.497+0000] {logging_mixin.py:190} INFO - [2026-02-02 01:32:49] [IngestionJob] [INFO] [IngestionJob]   Page 42: 200 records (Total: 8400)
[2026-02-02T01:32:49.496+0000] {base_job.py:112} INFO - [IngestionJob]   Page 42: 200 records (Total: 8400)
[2026-02-02T01:32:49.699+0000] {logging_mixin.py:190} INFO - [2026-02-02 01:32:49] [IngestionJob] [INFO] [IngestionJob]   Page 43...
[2026-02-02T01:32:49.699+0000] {base_job.py:112} INFO - [IngestionJob]   Page 43...
[2026-02-02T01:32:50.188+0000] {logging_mixin.py:190} INFO - [2026-02-02 01:32:50] [IngestionJob] [INFO] [IngestionJob]   Page 43: 200 records (Total: 8600)
[2026-02-02T01:32:50.188+0000] {base_job.py:112} INFO - [IngestionJob]   Page 43: 200 records (Total: 8600)
[2026-02-02T01:32:50.391+0000] {logging_mixin.py:190} INFO - [2026-02-02 01:32:50] [IngestionJob] [INFO] [IngestionJob]   Page 44...
[2026-02-02T01:32:50.391+0000] {base_job.py:112} INFO - [IngestionJob]   Page 44...
[2026-02-02T01:32:50.843+0000] {logging_mixin.py:190} INFO - [2026-02-02 01:32:50] [IngestionJob] [INFO] [IngestionJob]   Page 44: 200 records (Total: 8800)
[2026-02-02T01:32:50.843+0000] {base_job.py:112} INFO - [IngestionJob]   Page 44: 200 records (Total: 8800)
[2026-02-02T01:32:51.046+0000] {logging_mixin.py:190} INFO - [2026-02-02 01:32:51] [IngestionJob] [INFO] [IngestionJob]   Page 45...
[2026-02-02T01:32:51.046+0000] {base_job.py:112} INFO - [IngestionJob]   Page 45...
[2026-02-02T01:32:51.601+0000] {logging_mixin.py:190} INFO - [2026-02-02 01:32:51] [IngestionJob] [INFO] [IngestionJob]   Page 45: 200 records (Total: 9000)
[2026-02-02T01:32:51.600+0000] {base_job.py:112} INFO - [IngestionJob]   Page 45: 200 records (Total: 9000)
[2026-02-02T01:32:51.804+0000] {logging_mixin.py:190} INFO - [2026-02-02 01:32:51] [IngestionJob] [INFO] [IngestionJob]   Page 46...
[2026-02-02T01:32:51.803+0000] {base_job.py:112} INFO - [IngestionJob]   Page 46...
[2026-02-02T01:32:52.316+0000] {logging_mixin.py:190} INFO - [2026-02-02 01:32:52] [IngestionJob] [INFO] [IngestionJob]   Page 46: 83 records (Total: 9083)
[2026-02-02T01:32:52.316+0000] {base_job.py:112} INFO - [IngestionJob]   Page 46: 83 records (Total: 9083)
[2026-02-02T01:32:52.522+0000] {logging_mixin.py:190} INFO - [2026-02-02 01:32:52] [IngestionJob] [INFO] [IngestionJob]   Page 47...
[2026-02-02T01:32:52.522+0000] {base_job.py:112} INFO - [IngestionJob]   Page 47...
[2026-02-02T01:32:52.826+0000] {logging_mixin.py:190} INFO - [2026-02-02 01:32:52] [IngestionJob] [INFO] [IngestionJob] Pagination complete. Total pages: 46
[2026-02-02T01:32:52.826+0000] {base_job.py:112} INFO - [IngestionJob] Pagination complete. Total pages: 46
[2026-02-02T01:32:55.666+0000] {logging_mixin.py:190} INFO - [2026-02-02 01:32:55] [IngestionJob] [INFO] [IngestionJob] DataFrame created with 9083 records
[2026-02-02T01:32:55.665+0000] {base_job.py:112} INFO - [IngestionJob] DataFrame created with 9083 records
[2026-02-02T01:32:56.588+0000] {logging_mixin.py:190} INFO - [2026-02-02 01:32:56] [IngestionJob] [INFO] [IngestionJob] ✅ Ingestion completed! 9083 records written to bronze/breweries/created_at=2026-02-02
[2026-02-02T01:32:56.588+0000] {base_job.py:112} INFO - [IngestionJob] ✅ Ingestion completed! 9083 records written to bronze/breweries/created_at=2026-02-02
[2026-02-02T01:32:56.604+0000] {logging_mixin.py:190} INFO - [2026-02-02 01:32:56] [IngestionJob] [INFO] [IngestionJob] Job completed successfully
[2026-02-02T01:32:56.604+0000] {base_job.py:112} INFO - [IngestionJob] Job completed successfully
[2026-02-02T01:32:56.604+0000] {python.py:240} INFO - Done. Returned value was: None
[2026-02-02T01:32:56.621+0000] {taskinstance.py:340} INFO - ::group::Post task execution logs
[2026-02-02T01:32:56.621+0000] {taskinstance.py:352} INFO - Marking task as SUCCESS. dag_id=bees_brewery_medallion, task_id=ingestion_bronze, run_id=manual__2026-02-01T00:00:00+00:00, execution_date=20260201T000000, start_date=20260202T013220, end_date=20260202T013256
[2026-02-02T01:32:56.640+0000] {local_task_job_runner.py:261} INFO - Task exited with return code 0
[2026-02-02T01:32:56.667+0000] {taskinstance.py:3891} INFO - 0 downstream tasks scheduled from follow-on schedule check
[2026-02-02T01:32:56.669+0000] {local_task_job_runner.py:240} INFO - ::endgroup::
